[2023-08-01 07:52:40:023]: - Success - Move-Item \\sftp01\c$\Share\landisgyr\FOS\ZMD_1_A+_15_20230731@065155.fos -Destination "\\aura.dk\DAX\DAXarkiv\DAXNET\DataUdveksling\FjernFos_Xellent\ZMD\ZMD_1_A+_15_20230731@065155.fos"
[2023-08-01 07:52:40:117]: - Success - Move-Item \\sftp01\c$\Share\landisgyr\FOS\ZMD_1_A+_15_20230801@065201.fos -Destination "\\aura.dk\DAX\DAXarkiv\DAXNET\DataUdveksling\FjernFos_Xellent\ZMD\ZMD_1_A+_15_20230801@065201.fos"
[2023-08-01 07:52:40:148]: - Success - Move-Item \\sftp01\c$\Share\landisgyr\FOS\ZMD_2_A-_15_20230731@065203.fos -Destination "\\aura.dk\DAX\DAXarkiv\DAXNET\DataUdveksling\FjernFos_Xellent\ZMD\ZMD_2_A-_15_20230731@065203.fos"
[2023-08-01 07:52:40:195]: - Success - Move-Item \\sftp01\c$\Share\landisgyr\FOS\ZMD_2_A-_15_20230801@065208.fos -Destination "\\aura.dk\DAX\DAXarkiv\DAXNET\DataUdveksling\FjernFos_Xellent\ZMD\ZMD_2_A-_15_20230801@065208.fos"
[2023-08-01 07:52:40:226]: - Success - Move-Item \\sftp01\c$\Share\landisgyr\FOS\ZMD_3_R+_15_20230731@065210.fos -Destination "\\aura.dk\DAX\DAXarkiv\DAXNET\DataUdveksling\FjernFos_Xellent\ZMD\ZMD_3_R+_15_20230731@065210.fos"
[2023-08-01 07:52:40:242]: - Success - Move-Item \\sftp01\c$\Share\landisgyr\FOS\ZMD_3_R+_15_20230801@065216.fos -Destination "\\aura.dk\DAX\DAXarkiv\DAXNET\DataUdveksling\FjernFos_Xellent\ZMD\ZMD_3_R+_15_20230801@065216.fos"
[2023-08-01 07:52:40:273]: - Success - Move-Item \\sftp01\c$\Share\landisgyr\FOS\ZMD_4_R-_15_20230731@065217.fos -Destination "\\aura.dk\DAX\DAXarkiv\DAXNET\DataUdveksling\FjernFos_Xellent\ZMD\ZMD_4_R-_15_20230731@065217.fos"
[2023-08-01 07:52:40:304]: - Success - Move-Item \\sftp01\c$\Share\landisgyr\FOS\ZMD_4_R-_15_20230801@065224.fos -Destination "\\aura.dk\DAX\DAXarkiv\DAXNET\DataUdveksling\FjernFos_Xellent\ZMD\ZMD_4_R-_15_20230801@065224.fos"
[2023-08-01 07:52:40:335]: Copy-Item \\aura.dk\DAX\DAXarkiv\DAXNET\DataUdveksling\FjernFos_Xellent\ZMD\ZMD_1_A+_15_20230731@065155.fos -Destination \\aura.dk\DAX\DAXarkiv\DAXNET\DataUdveksling\FjernFos_Xellent\ZMD backup\ZMD_1_A+_15_20230731@065155.fos
[2023-08-01 07:52:40:351]: Move-Item -Path \\aura.dk\DAX\DAXarkiv\DAXNET\DataUdveksling\FjernFos_Xellent\ZMD\ZMD_1_A+_15_20230731@065155.fos -Destination \\aura.dk\DAX\DAXarkiv\DAXNET\DataUdveksling\FjernFos_Xellent\ZMD_1.fos
[2023-08-01 07:52:40:367]: Copy-Item \\aura.dk\DAX\DAXarkiv\DAXNET\DataUdveksling\FjernFos_Xellent\ZMD\ZMD_1_A+_15_20230801@065201.fos -Destination \\aura.dk\DAX\DAXarkiv\DAXNET\DataUdveksling\FjernFos_Xellent\ZMD backup\ZMD_1_A+_15_20230801@065201.fos
[2023-08-01 07:52:40:382]: Error - file already exists on destination: \\aura.dk\DAX\DAXarkiv\DAXNET\DataUdveksling\FjernFos_Xellent\ZMD_1.fos
[2023-08-01 07:52:40:414]: Copy-Item \\aura.dk\DAX\DAXarkiv\DAXNET\DataUdveksling\FjernFos_Xellent\ZMD\ZMD_2_A-_15_20230731@065203.fos -Destination \\aura.dk\DAX\DAXarkiv\DAXNET\DataUdveksling\FjernFos_Xellent\ZMD backup\ZMD_2_A-_15_20230731@065203.fos
[2023-08-01 07:52:40:414]: Move-Item -Path \\aura.dk\DAX\DAXarkiv\DAXNET\DataUdveksling\FjernFos_Xellent\ZMD\ZMD_2_A-_15_20230731@065203.fos -Destination \\aura.dk\DAX\DAXarkiv\DAXNET\DataUdveksling\FjernFos_Xellent\ZMD_2.fos
[2023-08-01 07:52:40:445]: Copy-Item \\aura.dk\DAX\DAXarkiv\DAXNET\DataUdveksling\FjernFos_Xellent\ZMD\ZMD_2_A-_15_20230801@065208.fos -Destination \\aura.dk\DAX\DAXarkiv\DAXNET\DataUdveksling\FjernFos_Xellent\ZMD backup\ZMD_2_A-_15_20230801@065208.fos
[2023-08-01 07:52:40:445]: Error - file already exists on destination: \\aura.dk\DAX\DAXarkiv\DAXNET\DataUdveksling\FjernFos_Xellent\ZMD_2.fos
[2023-08-01 07:52:40:476]: Copy-Item \\aura.dk\DAX\DAXarkiv\DAXNET\DataUdveksling\FjernFos_Xellent\ZMD\ZMD_3_R+_15_20230731@065210.fos -Destination \\aura.dk\DAX\DAXarkiv\DAXNET\DataUdveksling\FjernFos_Xellent\ZMD backup\ZMD_3_R+_15_20230731@065210.fos
[2023-08-01 07:52:40:492]: Move-Item -Path \\aura.dk\DAX\DAXarkiv\DAXNET\DataUdveksling\FjernFos_Xellent\ZMD\ZMD_3_R+_15_20230731@065210.fos -Destination \\aura.dk\DAX\DAXarkiv\DAXNET\DataUdveksling\FjernFos_Xellent\ZMD_3.fos
[2023-08-01 07:52:40:507]: Copy-Item \\aura.dk\DAX\DAXarkiv\DAXNET\DataUdveksling\FjernFos_Xellent\ZMD\ZMD_3_R+_15_20230801@065216.fos -Destination \\aura.dk\DAX\DAXarkiv\DAXNET\DataUdveksling\FjernFos_Xellent\ZMD backup\ZMD_3_R+_15_20230801@065216.fos
[2023-08-01 07:52:40:507]: Error - file already exists on destination: \\aura.dk\DAX\DAXarkiv\DAXNET\DataUdveksling\FjernFos_Xellent\ZMD_3.fos
[2023-08-01 07:52:40:539]: Copy-Item \\aura.dk\DAX\DAXarkiv\DAXNET\DataUdveksling\FjernFos_Xellent\ZMD\ZMD_4_R-_15_20230731@065217.fos -Destination \\aura.dk\DAX\DAXarkiv\DAXNET\DataUdveksling\FjernFos_Xellent\ZMD backup\ZMD_4_R-_15_20230731@065217.fos
[2023-08-01 07:52:40:539]: Move-Item -Path \\aura.dk\DAX\DAXarkiv\DAXNET\DataUdveksling\FjernFos_Xellent\ZMD\ZMD_4_R-_15_20230731@065217.fos -Destination \\aura.dk\DAX\DAXarkiv\DAXNET\DataUdveksling\FjernFos_Xellent\ZMD_4.fos
[2023-08-01 07:52:40:570]: Copy-Item \\aura.dk\DAX\DAXarkiv\DAXNET\DataUdveksling\FjernFos_Xellent\ZMD\ZMD_4_R-_15_20230801@065224.fos -Destination \\aura.dk\DAX\DAXarkiv\DAXNET\DataUdveksling\FjernFos_Xellent\ZMD backup\ZMD_4_R-_15_20230801@065224.fos
[2023-08-01 07:52:40:570]: Error - file already exists on destination: \\aura.dk\DAX\DAXarkiv\DAXNET\DataUdveksling\FjernFos_Xellent\ZMD_4.fos
[2023-08-01 07:53:40:373]: Copy-Item \\aura.dk\DAX\DAXarkiv\DAXNET\DataUdveksling\FjernFos_Xellent\ZMD\ZMD_1_A+_15_20230801@065201.fos -Destination \\aura.dk\DAX\DAXarkiv\DAXNET\DataUdveksling\FjernFos_Xellent\ZMD backup\ZMD_1_A+_15_20230801@065201.fos
[2023-08-01 07:53:40:373]: Error - file already exists on destination: \\aura.dk\DAX\DAXarkiv\DAXNET\DataUdveksling\FjernFos_Xellent\ZMD_1.fos
[2023-08-01 07:53:40:404]: Copy-Item \\aura.dk\DAX\DAXarkiv\DAXNET\DataUdveksling\FjernFos_Xellent\ZMD\ZMD_2_A-_15_20230801@065208.fos -Destination \\aura.dk\DAX\DAXarkiv\DAXNET\DataUdveksling\FjernFos_Xellent\ZMD backup\ZMD_2_A-_15_20230801@065208.fos
[2023-08-01 07:53:40:420]: Error - file already exists on destination: \\aura.dk\DAX\DAXarkiv\DAXNET\DataUdveksling\FjernFos_Xellent\ZMD_2.fos
[2023-08-01 07:53:40:451]: Copy-Item \\aura.dk\DAX\DAXarkiv\DAXNET\DataUdveksling\FjernFos_Xellent\ZMD\ZMD_3_R+_15_20230801@065216.fos -Destination \\aura.dk\DAX\DAXarkiv\DAXNET\DataUdveksling\FjernFos_Xellent\ZMD backup\ZMD_3_R+_15_20230801@065216.fos
[2023-08-01 07:53:40:451]: Error - file already exists on destination: \\aura.dk\DAX\DAXarkiv\DAXNET\DataUdveksling\FjernFos_Xellent\ZMD_3.fos
[2023-08-01 07:53:40:482]: Copy-Item \\aura.dk\DAX\DAXarkiv\DAXNET\DataUdveksling\FjernFos_Xellent\ZMD\ZMD_4_R-_15_20230801@065224.fos -Destination \\aura.dk\DAX\DAXarkiv\DAXNET\DataUdveksling\FjernFos_Xellent\ZMD backup\ZMD_4_R-_15_20230801@065224.fos
[2023-08-01 07:53:40:482]: Error - file already exists on destination: \\aura.dk\DAX\DAXarkiv\DAXNET\DataUdveksling\FjernFos_Xellent\ZMD_4.fos
[2023-08-01 07:54:40:017]: Copy-Item \\aura.dk\DAX\DAXarkiv\DAXNET\DataUdveksling\FjernFos_Xellent\ZMD\ZMD_1_A+_15_20230801@065201.fos -Destination \\aura.dk\DAX\DAXarkiv\DAXNET\DataUdveksling\FjernFos_Xellent\ZMD backup\ZMD_1_A+_15_20230801@065201.fos
[2023-08-01 07:54:40:064]: Move-Item -Path \\aura.dk\DAX\DAXarkiv\DAXNET\DataUdveksling\FjernFos_Xellent\ZMD\ZMD_1_A+_15_20230801@065201.fos -Destination \\aura.dk\DAX\DAXarkiv\DAXNET\DataUdveksling\FjernFos_Xellent\ZMD_1.fos
[2023-08-01 07:54:40:111]: Copy-Item \\aura.dk\DAX\DAXarkiv\DAXNET\DataUdveksling\FjernFos_Xellent\ZMD\ZMD_2_A-_15_20230801@065208.fos -Destination \\aura.dk\DAX\DAXarkiv\DAXNET\DataUdveksling\FjernFos_Xellent\ZMD backup\ZMD_2_A-_15_20230801@065208.fos
[2023-08-01 07:54:40:142]: Move-Item -Path \\aura.dk\DAX\DAXarkiv\DAXNET\DataUdveksling\FjernFos_Xellent\ZMD\ZMD_2_A-_15_20230801@065208.fos -Destination \\aura.dk\DAX\DAXarkiv\DAXNET\DataUdveksling\FjernFos_Xellent\ZMD_2.fos
[2023-08-01 07:54:40:173]: Copy-Item \\aura.dk\DAX\DAXarkiv\DAXNET\DataUdveksling\FjernFos_Xellent\ZMD\ZMD_3_R+_15_20230801@065216.fos -Destination \\aura.dk\DAX\DAXarkiv\DAXNET\DataUdveksling\FjernFos_Xellent\ZMD backup\ZMD_3_R+_15_20230801@065216.fos
[2023-08-01 07:54:40:189]: Move-Item -Path \\aura.dk\DAX\DAXarkiv\DAXNET\DataUdveksling\FjernFos_Xellent\ZMD\ZMD_3_R+_15_20230801@065216.fos -Destination \\aura.dk\DAX\DAXarkiv\DAXNET\DataUdveksling\FjernFos_Xellent\ZMD_3.fos
[2023-08-01 07:54:40:205]: Copy-Item \\aura.dk\DAX\DAXarkiv\DAXNET\DataUdveksling\FjernFos_Xellent\ZMD\ZMD_4_R-_15_20230801@065224.fos -Destination \\aura.dk\DAX\DAXarkiv\DAXNET\DataUdveksling\FjernFos_Xellent\ZMD backup\ZMD_4_R-_15_20230801@065224.fos
[2023-08-01 07:54:40:220]: Move-Item -Path \\aura.dk\DAX\DAXarkiv\DAXNET\DataUdveksling\FjernFos_Xellent\ZMD\ZMD_4_R-_15_20230801@065224.fos -Destination \\aura.dk\DAX\DAXarkiv\DAXNET\DataUdveksling\FjernFos_Xellent\ZMD_4.fos
[2023-08-01 09:57:40:007]: - Success - Move-Item \\sftp01\c$\Share\landisgyr\Resend\Resend_ZMD_1_A+_15_20230801@085118.fos -Destination "\\aura.dk\DAX\DAXarkiv\DAXNET\DataUdveksling\FjernFos_Xellent\ZMD\Resend_ZMD_1_A+_15_20230801@085118.fos"
[2023-08-01 09:57:40:069]: - Success - Move-Item \\sftp01\c$\Share\landisgyr\Resend\Resend_ZMD_1_A+_15_20230801@085311.fos -Destination "\\aura.dk\DAX\DAXarkiv\DAXNET\DataUdveksling\FjernFos_Xellent\ZMD\Resend_ZMD_1_A+_15_20230801@085311.fos"
[2023-08-01 09:57:40:085]: - Success - Move-Item \\sftp01\c$\Share\landisgyr\Resend\Resend_ZMD_1_A+_15_20230801@085644.fos -Destination "\\aura.dk\DAX\DAXarkiv\DAXNET\DataUdveksling\FjernFos_Xellent\ZMD\Resend_ZMD_1_A+_15_20230801@085644.fos"
[2023-08-01 09:57:40:147]: - Success - Move-Item \\sftp01\c$\Share\landisgyr\Resend\Resend_ZMD_2_A-_15_20230801@085119.fos -Destination "\\aura.dk\DAX\DAXarkiv\DAXNET\DataUdveksling\FjernFos_Xellent\ZMD\Resend_ZMD_2_A-_15_20230801@085119.fos"
[2023-08-01 09:57:40:179]: - Success - Move-Item \\sftp01\c$\Share\landisgyr\Resend\Resend_ZMD_2_A-_15_20230801@085313.fos -Destination "\\aura.dk\DAX\DAXarkiv\DAXNET\DataUdveksling\FjernFos_Xellent\ZMD\Resend_ZMD_2_A-_15_20230801@085313.fos"
[2023-08-01 09:57:40:194]: - Success - Move-Item \\sftp01\c$\Share\landisgyr\Resend\Resend_ZMD_2_A-_15_20230801@085645.fos -Destination "\\aura.dk\DAX\DAXarkiv\DAXNET\DataUdveksling\FjernFos_Xellent\ZMD\Resend_ZMD_2_A-_15_20230801@085645.fos"
[2023-08-01 09:57:40:210]: - Success - Move-Item \\sftp01\c$\Share\landisgyr\Resend\Resend_ZMD_3_R+_15_20230801@085126.fos -Destination "\\aura.dk\DAX\DAXarkiv\DAXNET\DataUdveksling\FjernFos_Xellent\ZMD\Resend_ZMD_3_R+_15_20230801@085126.fos"
[2023-08-01 09:57:40:225]: - Success - Move-Item \\sftp01\c$\Share\landisgyr\Resend\Resend_ZMD_3_R+_15_20230801@085319.fos -Destination "\\aura.dk\DAX\DAXarkiv\DAXNET\DataUdveksling\FjernFos_Xellent\ZMD\Resend_ZMD_3_R+_15_20230801@085319.fos"
[2023-08-01 09:57:40:241]: - Success - Move-Item \\sftp01\c$\Share\landisgyr\Resend\Resend_ZMD_3_R+_15_20230801@085649.fos -Destination "\\aura.dk\DAX\DAXarkiv\DAXNET\DataUdveksling\FjernFos_Xellent\ZMD\Resend_ZMD_3_R+_15_20230801@085649.fos"
[2023-08-01 09:57:40:257]: - Success - Move-Item \\sftp01\c$\Share\landisgyr\Resend\Resend_ZMD_4_R-_15_20230801@085126.fos -Destination "\\aura.dk\DAX\DAXarkiv\DAXNET\DataUdveksling\FjernFos_Xellent\ZMD\Resend_ZMD_4_R-_15_20230801@085126.fos"
[2023-08-01 09:57:40:272]: - Success - Move-Item \\sftp01\c$\Share\landisgyr\Resend\Resend_ZMD_4_R-_15_20230801@085320.fos -Destination "\\aura.dk\DAX\DAXarkiv\DAXNET\DataUdveksling\FjernFos_Xellent\ZMD\Resend_ZMD_4_R-_15_20230801@085320.fos"
[2023-08-01 09:57:40:288]: - Success - Move-Item \\sftp01\c$\Share\landisgyr\Resend\Resend_ZMD_4_R-_15_20230801@085652.fos -Destination "\\aura.dk\DAX\DAXarkiv\DAXNET\DataUdveksling\FjernFos_Xellent\ZMD\Resend_ZMD_4_R-_15_20230801@085652.fos"
[2023-08-01 09:57:40:304]: Copy-Item \\aura.dk\DAX\DAXarkiv\DAXNET\DataUdveksling\FjernFos_Xellent\ZMD\Resend_ZMD_1_A+_15_20230801@085118.fos -Destination \\aura.dk\DAX\DAXarkiv\DAXNET\DataUdveksling\FjernFos_Xellent\ZMD backup\Resend_ZMD_1_A+_15_20230801@085118.fos
[2023-08-01 09:57:40:335]: Move-Item -Path \\aura.dk\DAX\DAXarkiv\DAXNET\DataUdveksling\FjernFos_Xellent\ZMD\Resend_ZMD_1_A+_15_20230801@085118.fos -Destination \\aura.dk\DAX\DAXarkiv\DAXNET\DataUdveksling\FjernFos_Xellent\ZMD_1.fos
[2023-08-01 09:57:40:335]: Copy-Item \\aura.dk\DAX\DAXarkiv\DAXNET\DataUdveksling\FjernFos_Xellent\ZMD\Resend_ZMD_1_A+_15_20230801@085311.fos -Destination \\aura.dk\DAX\DAXarkiv\DAXNET\DataUdveksling\FjernFos_Xellent\ZMD backup\Resend_ZMD_1_A+_15_20230801@085311.fos
[2023-08-01 09:57:40:351]: Error - file already exists on destination: \\aura.dk\DAX\DAXarkiv\DAXNET\DataUdveksling\FjernFos_Xellent\ZMD_1.fos
[2023-08-01 09:57:40:366]: Copy-Item \\aura.dk\DAX\DAXarkiv\DAXNET\DataUdveksling\FjernFos_Xellent\ZMD\Resend_ZMD_1_A+_15_20230801@085644.fos -Destination \\aura.dk\DAX\DAXarkiv\DAXNET\DataUdveksling\FjernFos_Xellent\ZMD backup\Resend_ZMD_1_A+_15_20230801@085644.fos
[2023-08-01 09:57:40:366]: Error - file already exists on destination: \\aura.dk\DAX\DAXarkiv\DAXNET\DataUdveksling\FjernFos_Xellent\ZMD_1.fos
[2023-08-01 09:57:40:397]: Copy-Item \\aura.dk\DAX\DAXarkiv\DAXNET\DataUdveksling\FjernFos_Xellent\ZMD\Resend_ZMD_2_A-_15_20230801@085119.fos -Destination \\aura.dk\DAX\DAXarkiv\DAXNET\DataUdveksling\FjernFos_Xellent\ZMD backup\Resend_ZMD_2_A-_15_20230801@085119.fos
[2023-08-01 09:57:40:413]: Move-Item -Path \\aura.dk\DAX\DAXarkiv\DAXNET\DataUdveksling\FjernFos_Xellent\ZMD\Resend_ZMD_2_A-_15_20230801@085119.fos -Destination \\aura.dk\DAX\DAXarkiv\DAXNET\DataUdveksling\FjernFos_Xellent\ZMD_2.fos
[2023-08-01 09:57:40:429]: Copy-Item \\aura.dk\DAX\DAXarkiv\DAXNET\DataUdveksling\FjernFos_Xellent\ZMD\Resend_ZMD_2_A-_15_20230801@085313.fos -Destination \\aura.dk\DAX\DAXarkiv\DAXNET\DataUdveksling\FjernFos_Xellent\ZMD backup\Resend_ZMD_2_A-_15_20230801@085313.fos
[2023-08-01 09:57:40:429]: Error - file already exists on destination: \\aura.dk\DAX\DAXarkiv\DAXNET\DataUdveksling\FjernFos_Xellent\ZMD_2.fos
[2023-08-01 09:57:40:444]: Copy-Item \\aura.dk\DAX\DAXarkiv\DAXNET\DataUdveksling\FjernFos_Xellent\ZMD\Resend_ZMD_2_A-_15_20230801@085645.fos -Destination \\aura.dk\DAX\DAXarkiv\DAXNET\DataUdveksling\FjernFos_Xellent\ZMD backup\Resend_ZMD_2_A-_15_20230801@085645.fos
[2023-08-01 09:57:40:460]: Error - file already exists on destination: \\aura.dk\DAX\DAXarkiv\DAXNET\DataUdveksling\FjernFos_Xellent\ZMD_2.fos
[2023-08-01 09:57:40:475]: Copy-Item \\aura.dk\DAX\DAXarkiv\DAXNET\DataUdveksling\FjernFos_Xellent\ZMD\Resend_ZMD_3_R+_15_20230801@085126.fos -Destination \\aura.dk\DAX\DAXarkiv\DAXNET\DataUdveksling\FjernFos_Xellent\ZMD backup\Resend_ZMD_3_R+_15_20230801@085126.fos
[2023-08-01 09:57:40:491]: Move-Item -Path \\aura.dk\DAX\DAXarkiv\DAXNET\DataUdveksling\FjernFos_Xellent\ZMD\Resend_ZMD_3_R+_15_20230801@085126.fos -Destination \\aura.dk\DAX\DAXarkiv\DAXNET\DataUdveksling\FjernFos_Xellent\ZMD_3.fos
[2023-08-01 09:57:40:491]: Copy-Item \\aura.dk\DAX\DAXarkiv\DAXNET\DataUdveksling\FjernFos_Xellent\ZMD\Resend_ZMD_3_R+_15_20230801@085319.fos -Destination \\aura.dk\DAX\DAXarkiv\DAXNET\DataUdveksling\FjernFos_Xellent\ZMD backup\Resend_ZMD_3_R+_15_20230801@085319.fos
[2023-08-01 09:57:40:507]: Error - file already exists on destination: \\aura.dk\DAX\DAXarkiv\DAXNET\DataUdveksling\FjernFos_Xellent\ZMD_3.fos
[2023-08-01 09:57:40:522]: Copy-Item \\aura.dk\DAX\DAXarkiv\DAXNET\DataUdveksling\FjernFos_Xellent\ZMD\Resend_ZMD_3_R+_15_20230801@085649.fos -Destination \\aura.dk\DAX\DAXarkiv\DAXNET\DataUdveksling\FjernFos_Xellent\ZMD backup\Resend_ZMD_3_R+_15_20230801@085649.fos
[2023-08-01 09:57:40:522]: Error - file already exists on destination: \\aura.dk\DAX\DAXarkiv\DAXNET\DataUdveksling\FjernFos_Xellent\ZMD_3.fos
[2023-08-01 09:57:40:538]: Copy-Item \\aura.dk\DAX\DAXarkiv\DAXNET\DataUdveksling\FjernFos_Xellent\ZMD\Resend_ZMD_4_R-_15_20230801@085126.fos -Destination \\aura.dk\DAX\DAXarkiv\DAXNET\DataUdveksling\FjernFos_Xellent\ZMD backup\Resend_ZMD_4_R-_15_20230801@085126.fos
[2023-08-01 09:57:40:554]: Move-Item -Path \\aura.dk\DAX\DAXarkiv\DAXNET\DataUdveksling\FjernFos_Xellent\ZMD\Resend_ZMD_4_R-_15_20230801@085126.fos -Destination \\aura.dk\DAX\DAXarkiv\DAXNET\DataUdveksling\FjernFos_Xellent\ZMD_4.fos
[2023-08-01 09:57:40:554]: Copy-Item \\aura.dk\DAX\DAXarkiv\DAXNET\DataUdveksling\FjernFos_Xellent\ZMD\Resend_ZMD_4_R-_15_20230801@085320.fos -Destination \\aura.dk\DAX\DAXarkiv\DAXNET\DataUdveksling\FjernFos_Xellent\ZMD backup\Resend_ZMD_4_R-_15_20230801@085320.fos
[2023-08-01 09:57:40:569]: Error - file already exists on destination: \\aura.dk\DAX\DAXarkiv\DAXNET\DataUdveksling\FjernFos_Xellent\ZMD_4.fos
[2023-08-01 09:57:40:585]: Copy-Item \\aura.dk\DAX\DAXarkiv\DAXNET\DataUdveksling\FjernFos_Xellent\ZMD\Resend_ZMD_4_R-_15_20230801@085652.fos -Destination \\aura.dk\DAX\DAXarkiv\DAXNET\DataUdveksling\FjernFos_Xellent\ZMD backup\Resend_ZMD_4_R-_15_20230801@085652.fos
[2023-08-01 09:57:40:585]: Error - file already exists on destination: \\aura.dk\DAX\DAXarkiv\DAXNET\DataUdveksling\FjernFos_Xellent\ZMD_4.fos
