[2023-09-25 07:53:39:997]: - Success - Move-Item \\sftp01\c$\Share\landisgyr\FOS\ZMD_1_A+_15_20230925@065222.fos -Destination "\\aura.dk\DAX\DAXarkiv\DAXNET\DataUdveksling\FjernFos_Xellent\ZMD\ZMD_1_A+_15_20230925@065222.fos"
[2023-09-25 07:53:40:029]: - Success - Move-Item \\sftp01\c$\Share\landisgyr\FOS\ZMD_2_A-_15_20230925@065231.fos -Destination "\\aura.dk\DAX\DAXarkiv\DAXNET\DataUdveksling\FjernFos_Xellent\ZMD\ZMD_2_A-_15_20230925@065231.fos"
[2023-09-25 07:53:40:044]: - Success - Move-Item \\sftp01\c$\Share\landisgyr\FOS\ZMD_3_R+_15_20230925@065247.fos -Destination "\\aura.dk\DAX\DAXarkiv\DAXNET\DataUdveksling\FjernFos_Xellent\ZMD\ZMD_3_R+_15_20230925@065247.fos"
[2023-09-25 07:53:40:076]: - Success - Move-Item \\sftp01\c$\Share\landisgyr\FOS\ZMD_4_R-_15_20230925@065256.fos -Destination "\\aura.dk\DAX\DAXarkiv\DAXNET\DataUdveksling\FjernFos_Xellent\ZMD\ZMD_4_R-_15_20230925@065256.fos"
[2023-09-25 07:53:40:122]: Copy-Item \\aura.dk\DAX\DAXarkiv\DAXNET\DataUdveksling\FjernFos_Xellent\ZMD\ZMD_1_A+_15_20230925@065222.fos -Destination \\aura.dk\DAX\DAXarkiv\DAXNET\DataUdveksling\FjernFos_Xellent\ZMD backup\ZMD_1_A+_15_20230925@065222.fos
[2023-09-25 07:53:40:138]: Move-Item -Path \\aura.dk\DAX\DAXarkiv\DAXNET\DataUdveksling\FjernFos_Xellent\ZMD\ZMD_1_A+_15_20230925@065222.fos -Destination \\aura.dk\DAX\DAXarkiv\DAXNET\DataUdveksling\FjernFos_Xellent\ZMD_1.fos
[2023-09-25 07:53:40:154]: Copy-Item \\aura.dk\DAX\DAXarkiv\DAXNET\DataUdveksling\FjernFos_Xellent\ZMD\ZMD_2_A-_15_20230925@065231.fos -Destination \\aura.dk\DAX\DAXarkiv\DAXNET\DataUdveksling\FjernFos_Xellent\ZMD backup\ZMD_2_A-_15_20230925@065231.fos
[2023-09-25 07:53:40:154]: Move-Item -Path \\aura.dk\DAX\DAXarkiv\DAXNET\DataUdveksling\FjernFos_Xellent\ZMD\ZMD_2_A-_15_20230925@065231.fos -Destination \\aura.dk\DAX\DAXarkiv\DAXNET\DataUdveksling\FjernFos_Xellent\ZMD_2.fos
[2023-09-25 07:53:40:169]: Copy-Item \\aura.dk\DAX\DAXarkiv\DAXNET\DataUdveksling\FjernFos_Xellent\ZMD\ZMD_3_R+_15_20230925@065247.fos -Destination \\aura.dk\DAX\DAXarkiv\DAXNET\DataUdveksling\FjernFos_Xellent\ZMD backup\ZMD_3_R+_15_20230925@065247.fos
[2023-09-25 07:53:40:185]: Move-Item -Path \\aura.dk\DAX\DAXarkiv\DAXNET\DataUdveksling\FjernFos_Xellent\ZMD\ZMD_3_R+_15_20230925@065247.fos -Destination \\aura.dk\DAX\DAXarkiv\DAXNET\DataUdveksling\FjernFos_Xellent\ZMD_3.fos
[2023-09-25 07:53:40:216]: Copy-Item \\aura.dk\DAX\DAXarkiv\DAXNET\DataUdveksling\FjernFos_Xellent\ZMD\ZMD_4_R-_15_20230925@065256.fos -Destination \\aura.dk\DAX\DAXarkiv\DAXNET\DataUdveksling\FjernFos_Xellent\ZMD backup\ZMD_4_R-_15_20230925@065256.fos
[2023-09-25 07:53:40:232]: Move-Item -Path \\aura.dk\DAX\DAXarkiv\DAXNET\DataUdveksling\FjernFos_Xellent\ZMD\ZMD_4_R-_15_20230925@065256.fos -Destination \\aura.dk\DAX\DAXarkiv\DAXNET\DataUdveksling\FjernFos_Xellent\ZMD_4.fos
[2023-09-25 08:15:39:949]: - Success - Move-Item \\sftp01\c$\Share\landisgyr\Resend\Resend_ZMD_1_A+_15_20230925@071433.fos -Destination "\\aura.dk\DAX\DAXarkiv\DAXNET\DataUdveksling\FjernFos_Xellent\ZMD\Resend_ZMD_1_A+_15_20230925@071433.fos"
[2023-09-25 08:15:39:980]: - Success - Move-Item \\sftp01\c$\Share\landisgyr\Resend\Resend_ZMD_2_A-_15_20230925@071437.fos -Destination "\\aura.dk\DAX\DAXarkiv\DAXNET\DataUdveksling\FjernFos_Xellent\ZMD\Resend_ZMD_2_A-_15_20230925@071437.fos"
[2023-09-25 08:15:39:996]: - Success - Move-Item \\sftp01\c$\Share\landisgyr\Resend\Resend_ZMD_3_R+_15_20230925@071440.fos -Destination "\\aura.dk\DAX\DAXarkiv\DAXNET\DataUdveksling\FjernFos_Xellent\ZMD\Resend_ZMD_3_R+_15_20230925@071440.fos"
[2023-09-25 08:15:40:027]: - Success - Move-Item \\sftp01\c$\Share\landisgyr\Resend\Resend_ZMD_4_R-_15_20230925@071440.fos -Destination "\\aura.dk\DAX\DAXarkiv\DAXNET\DataUdveksling\FjernFos_Xellent\ZMD\Resend_ZMD_4_R-_15_20230925@071440.fos"
[2023-09-25 08:15:40:058]: Copy-Item \\aura.dk\DAX\DAXarkiv\DAXNET\DataUdveksling\FjernFos_Xellent\ZMD\Resend_ZMD_1_A+_15_20230925@071433.fos -Destination \\aura.dk\DAX\DAXarkiv\DAXNET\DataUdveksling\FjernFos_Xellent\ZMD backup\Resend_ZMD_1_A+_15_20230925@071433.fos
[2023-09-25 08:15:40:090]: Move-Item -Path \\aura.dk\DAX\DAXarkiv\DAXNET\DataUdveksling\FjernFos_Xellent\ZMD\Resend_ZMD_1_A+_15_20230925@071433.fos -Destination \\aura.dk\DAX\DAXarkiv\DAXNET\DataUdveksling\FjernFos_Xellent\ZMD_1.fos
[2023-09-25 08:15:40:090]: Copy-Item \\aura.dk\DAX\DAXarkiv\DAXNET\DataUdveksling\FjernFos_Xellent\ZMD\Resend_ZMD_2_A-_15_20230925@071437.fos -Destination \\aura.dk\DAX\DAXarkiv\DAXNET\DataUdveksling\FjernFos_Xellent\ZMD backup\Resend_ZMD_2_A-_15_20230925@071437.fos
[2023-09-25 08:15:40:105]: Move-Item -Path \\aura.dk\DAX\DAXarkiv\DAXNET\DataUdveksling\FjernFos_Xellent\ZMD\Resend_ZMD_2_A-_15_20230925@071437.fos -Destination \\aura.dk\DAX\DAXarkiv\DAXNET\DataUdveksling\FjernFos_Xellent\ZMD_2.fos
[2023-09-25 08:15:40:105]: Copy-Item \\aura.dk\DAX\DAXarkiv\DAXNET\DataUdveksling\FjernFos_Xellent\ZMD\Resend_ZMD_3_R+_15_20230925@071440.fos -Destination \\aura.dk\DAX\DAXarkiv\DAXNET\DataUdveksling\FjernFos_Xellent\ZMD backup\Resend_ZMD_3_R+_15_20230925@071440.fos
[2023-09-25 08:15:40:136]: Move-Item -Path \\aura.dk\DAX\DAXarkiv\DAXNET\DataUdveksling\FjernFos_Xellent\ZMD\Resend_ZMD_3_R+_15_20230925@071440.fos -Destination \\aura.dk\DAX\DAXarkiv\DAXNET\DataUdveksling\FjernFos_Xellent\ZMD_3.fos
[2023-09-25 08:15:40:136]: Copy-Item \\aura.dk\DAX\DAXarkiv\DAXNET\DataUdveksling\FjernFos_Xellent\ZMD\Resend_ZMD_4_R-_15_20230925@071440.fos -Destination \\aura.dk\DAX\DAXarkiv\DAXNET\DataUdveksling\FjernFos_Xellent\ZMD backup\Resend_ZMD_4_R-_15_20230925@071440.fos
[2023-09-25 08:15:40:152]: Move-Item -Path \\aura.dk\DAX\DAXarkiv\DAXNET\DataUdveksling\FjernFos_Xellent\ZMD\Resend_ZMD_4_R-_15_20230925@071440.fos -Destination \\aura.dk\DAX\DAXarkiv\DAXNET\DataUdveksling\FjernFos_Xellent\ZMD_4.fos
