[2023-04-24 07:53:40:032]: - Success - Move-Item \\sftp01\c$\Share\landisgyr\FOS\ZMD_1_A+_15_20230424@065156.fos -Destination "\\aura.dk\DAX\DAXarkiv\DAXNET\DataUdveksling\FjernFos_Xellent\ZMD\ZMD_1_A+_15_20230424@065156.fos"
[2023-04-24 07:53:40:063]: - Success - Move-Item \\sftp01\c$\Share\landisgyr\FOS\ZMD_2_A-_15_20230424@065208.fos -Destination "\\aura.dk\DAX\DAXarkiv\DAXNET\DataUdveksling\FjernFos_Xellent\ZMD\ZMD_2_A-_15_20230424@065208.fos"
[2023-04-24 07:53:40:095]: - Success - Move-Item \\sftp01\c$\Share\landisgyr\FOS\ZMD_3_R+_15_20230424@065219.fos -Destination "\\aura.dk\DAX\DAXarkiv\DAXNET\DataUdveksling\FjernFos_Xellent\ZMD\ZMD_3_R+_15_20230424@065219.fos"
[2023-04-24 07:53:40:142]: - Success - Move-Item \\sftp01\c$\Share\landisgyr\FOS\ZMD_4_R-_15_20230424@065225.fos -Destination "\\aura.dk\DAX\DAXarkiv\DAXNET\DataUdveksling\FjernFos_Xellent\ZMD\ZMD_4_R-_15_20230424@065225.fos"
[2023-04-24 07:53:40:173]: Copy-Item \\aura.dk\DAX\DAXarkiv\DAXNET\DataUdveksling\FjernFos_Xellent\ZMD\ZMD_1_A+_15_20230424@065156.fos -Destination \\aura.dk\DAX\DAXarkiv\DAXNET\DataUdveksling\FjernFos_Xellent\ZMD backup\ZMD_1_A+_15_20230424@065156.fos
[2023-04-24 07:53:40:188]: Move-Item -Path \\aura.dk\DAX\DAXarkiv\DAXNET\DataUdveksling\FjernFos_Xellent\ZMD\ZMD_1_A+_15_20230424@065156.fos -Destination \\aura.dk\DAX\DAXarkiv\DAXNET\DataUdveksling\FjernFos_Xellent\ZMD_1.fos
[2023-04-24 07:53:40:220]: Copy-Item \\aura.dk\DAX\DAXarkiv\DAXNET\DataUdveksling\FjernFos_Xellent\ZMD\ZMD_2_A-_15_20230424@065208.fos -Destination \\aura.dk\DAX\DAXarkiv\DAXNET\DataUdveksling\FjernFos_Xellent\ZMD backup\ZMD_2_A-_15_20230424@065208.fos
[2023-04-24 07:53:40:220]: Move-Item -Path \\aura.dk\DAX\DAXarkiv\DAXNET\DataUdveksling\FjernFos_Xellent\ZMD\ZMD_2_A-_15_20230424@065208.fos -Destination \\aura.dk\DAX\DAXarkiv\DAXNET\DataUdveksling\FjernFos_Xellent\ZMD_2.fos
[2023-04-24 07:53:40:235]: Copy-Item \\aura.dk\DAX\DAXarkiv\DAXNET\DataUdveksling\FjernFos_Xellent\ZMD\ZMD_3_R+_15_20230424@065219.fos -Destination \\aura.dk\DAX\DAXarkiv\DAXNET\DataUdveksling\FjernFos_Xellent\ZMD backup\ZMD_3_R+_15_20230424@065219.fos
[2023-04-24 07:53:40:251]: Move-Item -Path \\aura.dk\DAX\DAXarkiv\DAXNET\DataUdveksling\FjernFos_Xellent\ZMD\ZMD_3_R+_15_20230424@065219.fos -Destination \\aura.dk\DAX\DAXarkiv\DAXNET\DataUdveksling\FjernFos_Xellent\ZMD_3.fos
[2023-04-24 07:53:40:267]: Copy-Item \\aura.dk\DAX\DAXarkiv\DAXNET\DataUdveksling\FjernFos_Xellent\ZMD\ZMD_4_R-_15_20230424@065225.fos -Destination \\aura.dk\DAX\DAXarkiv\DAXNET\DataUdveksling\FjernFos_Xellent\ZMD backup\ZMD_4_R-_15_20230424@065225.fos
[2023-04-24 07:53:40:282]: Move-Item -Path \\aura.dk\DAX\DAXarkiv\DAXNET\DataUdveksling\FjernFos_Xellent\ZMD\ZMD_4_R-_15_20230424@065225.fos -Destination \\aura.dk\DAX\DAXarkiv\DAXNET\DataUdveksling\FjernFos_Xellent\ZMD_4.fos
[2023-04-24 09:12:39:970]: - Success - Move-Item \\sftp01\c$\Share\landisgyr\Resend\Resend_ZMD_1_A+_15_20230424@081225.fos -Destination "\\aura.dk\DAX\DAXarkiv\DAXNET\DataUdveksling\FjernFos_Xellent\ZMD\Resend_ZMD_1_A+_15_20230424@081225.fos"
[2023-04-24 09:12:40:016]: - Success - Move-Item \\sftp01\c$\Share\landisgyr\Resend\Resend_ZMD_2_A-_15_20230424@081226.fos -Destination "\\aura.dk\DAX\DAXarkiv\DAXNET\DataUdveksling\FjernFos_Xellent\ZMD\Resend_ZMD_2_A-_15_20230424@081226.fos"
[2023-04-24 09:12:40:063]: - Success - Move-Item \\sftp01\c$\Share\landisgyr\Resend\Resend_ZMD_3_R+_15_20230424@081227.fos -Destination "\\aura.dk\DAX\DAXarkiv\DAXNET\DataUdveksling\FjernFos_Xellent\ZMD\Resend_ZMD_3_R+_15_20230424@081227.fos"
[2023-04-24 09:12:40:110]: - Success - Move-Item \\sftp01\c$\Share\landisgyr\Resend\Resend_ZMD_4_R-_15_20230424@081227.fos -Destination "\\aura.dk\DAX\DAXarkiv\DAXNET\DataUdveksling\FjernFos_Xellent\ZMD\Resend_ZMD_4_R-_15_20230424@081227.fos"
[2023-04-24 09:12:40:126]: Copy-Item \\aura.dk\DAX\DAXarkiv\DAXNET\DataUdveksling\FjernFos_Xellent\ZMD\Resend_ZMD_1_A+_15_20230424@081225.fos -Destination \\aura.dk\DAX\DAXarkiv\DAXNET\DataUdveksling\FjernFos_Xellent\ZMD backup\Resend_ZMD_1_A+_15_20230424@081225.fos
[2023-04-24 09:12:40:157]: Move-Item -Path \\aura.dk\DAX\DAXarkiv\DAXNET\DataUdveksling\FjernFos_Xellent\ZMD\Resend_ZMD_1_A+_15_20230424@081225.fos -Destination \\aura.dk\DAX\DAXarkiv\DAXNET\DataUdveksling\FjernFos_Xellent\ZMD_1.fos
[2023-04-24 09:12:40:173]: Copy-Item \\aura.dk\DAX\DAXarkiv\DAXNET\DataUdveksling\FjernFos_Xellent\ZMD\Resend_ZMD_2_A-_15_20230424@081226.fos -Destination \\aura.dk\DAX\DAXarkiv\DAXNET\DataUdveksling\FjernFos_Xellent\ZMD backup\Resend_ZMD_2_A-_15_20230424@081226.fos
[2023-04-24 09:12:40:173]: Move-Item -Path \\aura.dk\DAX\DAXarkiv\DAXNET\DataUdveksling\FjernFos_Xellent\ZMD\Resend_ZMD_2_A-_15_20230424@081226.fos -Destination \\aura.dk\DAX\DAXarkiv\DAXNET\DataUdveksling\FjernFos_Xellent\ZMD_2.fos
[2023-04-24 09:12:40:188]: Copy-Item \\aura.dk\DAX\DAXarkiv\DAXNET\DataUdveksling\FjernFos_Xellent\ZMD\Resend_ZMD_3_R+_15_20230424@081227.fos -Destination \\aura.dk\DAX\DAXarkiv\DAXNET\DataUdveksling\FjernFos_Xellent\ZMD backup\Resend_ZMD_3_R+_15_20230424@081227.fos
[2023-04-24 09:12:40:188]: Move-Item -Path \\aura.dk\DAX\DAXarkiv\DAXNET\DataUdveksling\FjernFos_Xellent\ZMD\Resend_ZMD_3_R+_15_20230424@081227.fos -Destination \\aura.dk\DAX\DAXarkiv\DAXNET\DataUdveksling\FjernFos_Xellent\ZMD_3.fos
[2023-04-24 09:12:40:204]: Copy-Item \\aura.dk\DAX\DAXarkiv\DAXNET\DataUdveksling\FjernFos_Xellent\ZMD\Resend_ZMD_4_R-_15_20230424@081227.fos -Destination \\aura.dk\DAX\DAXarkiv\DAXNET\DataUdveksling\FjernFos_Xellent\ZMD backup\Resend_ZMD_4_R-_15_20230424@081227.fos
[2023-04-24 09:12:40:220]: Move-Item -Path \\aura.dk\DAX\DAXarkiv\DAXNET\DataUdveksling\FjernFos_Xellent\ZMD\Resend_ZMD_4_R-_15_20230424@081227.fos -Destination \\aura.dk\DAX\DAXarkiv\DAXNET\DataUdveksling\FjernFos_Xellent\ZMD_4.fos
[2023-04-24 09:58:39:998]: - Success - Move-Item \\sftp01\c$\Share\landisgyr\FOS\ZMD_1_A+_15_20230424@085721.fos -Destination "\\aura.dk\DAX\DAXarkiv\DAXNET\DataUdveksling\FjernFos_Xellent\ZMD\ZMD_1_A+_15_20230424@085721.fos"
[2023-04-24 09:58:40:045]: - Success - Move-Item \\sftp01\c$\Share\landisgyr\FOS\ZMD_2_A-_15_20230424@085732.fos -Destination "\\aura.dk\DAX\DAXarkiv\DAXNET\DataUdveksling\FjernFos_Xellent\ZMD\ZMD_2_A-_15_20230424@085732.fos"
[2023-04-24 09:58:40:091]: - Success - Move-Item \\sftp01\c$\Share\landisgyr\FOS\ZMD_3_R+_15_20230424@085739.fos -Destination "\\aura.dk\DAX\DAXarkiv\DAXNET\DataUdveksling\FjernFos_Xellent\ZMD\ZMD_3_R+_15_20230424@085739.fos"
[2023-04-24 09:58:40:138]: - Success - Move-Item \\sftp01\c$\Share\landisgyr\FOS\ZMD_4_R-_15_20230424@085750.fos -Destination "\\aura.dk\DAX\DAXarkiv\DAXNET\DataUdveksling\FjernFos_Xellent\ZMD\ZMD_4_R-_15_20230424@085750.fos"
[2023-04-24 09:58:40:170]: Copy-Item \\aura.dk\DAX\DAXarkiv\DAXNET\DataUdveksling\FjernFos_Xellent\ZMD\ZMD_1_A+_15_20230424@085721.fos -Destination \\aura.dk\DAX\DAXarkiv\DAXNET\DataUdveksling\FjernFos_Xellent\ZMD backup\ZMD_1_A+_15_20230424@085721.fos
[2023-04-24 09:58:40:201]: Move-Item -Path \\aura.dk\DAX\DAXarkiv\DAXNET\DataUdveksling\FjernFos_Xellent\ZMD\ZMD_1_A+_15_20230424@085721.fos -Destination \\aura.dk\DAX\DAXarkiv\DAXNET\DataUdveksling\FjernFos_Xellent\ZMD_1.fos
[2023-04-24 09:58:40:232]: Copy-Item \\aura.dk\DAX\DAXarkiv\DAXNET\DataUdveksling\FjernFos_Xellent\ZMD\ZMD_2_A-_15_20230424@085732.fos -Destination \\aura.dk\DAX\DAXarkiv\DAXNET\DataUdveksling\FjernFos_Xellent\ZMD backup\ZMD_2_A-_15_20230424@085732.fos
[2023-04-24 09:58:40:232]: Move-Item -Path \\aura.dk\DAX\DAXarkiv\DAXNET\DataUdveksling\FjernFos_Xellent\ZMD\ZMD_2_A-_15_20230424@085732.fos -Destination \\aura.dk\DAX\DAXarkiv\DAXNET\DataUdveksling\FjernFos_Xellent\ZMD_2.fos
[2023-04-24 09:58:40:263]: Copy-Item \\aura.dk\DAX\DAXarkiv\DAXNET\DataUdveksling\FjernFos_Xellent\ZMD\ZMD_3_R+_15_20230424@085739.fos -Destination \\aura.dk\DAX\DAXarkiv\DAXNET\DataUdveksling\FjernFos_Xellent\ZMD backup\ZMD_3_R+_15_20230424@085739.fos
[2023-04-24 09:58:40:263]: Move-Item -Path \\aura.dk\DAX\DAXarkiv\DAXNET\DataUdveksling\FjernFos_Xellent\ZMD\ZMD_3_R+_15_20230424@085739.fos -Destination \\aura.dk\DAX\DAXarkiv\DAXNET\DataUdveksling\FjernFos_Xellent\ZMD_3.fos
[2023-04-24 09:58:40:295]: Copy-Item \\aura.dk\DAX\DAXarkiv\DAXNET\DataUdveksling\FjernFos_Xellent\ZMD\ZMD_4_R-_15_20230424@085750.fos -Destination \\aura.dk\DAX\DAXarkiv\DAXNET\DataUdveksling\FjernFos_Xellent\ZMD backup\ZMD_4_R-_15_20230424@085750.fos
[2023-04-24 09:58:40:295]: Move-Item -Path \\aura.dk\DAX\DAXarkiv\DAXNET\DataUdveksling\FjernFos_Xellent\ZMD\ZMD_4_R-_15_20230424@085750.fos -Destination \\aura.dk\DAX\DAXarkiv\DAXNET\DataUdveksling\FjernFos_Xellent\ZMD_4.fos
[2023-04-24 10:00:39:965]: - Success - Move-Item \\sftp01\c$\Share\landisgyr\Resend\Resend_ZMD_1_A+_15_20230424@082656.fos -Destination "\\aura.dk\DAX\DAXarkiv\DAXNET\DataUdveksling\FjernFos_Xellent\ZMD\Resend_ZMD_1_A+_15_20230424@082656.fos"
[2023-04-24 10:00:39:997]: - Success - Move-Item \\sftp01\c$\Share\landisgyr\Resend\Resend_ZMD_1_A+_15_20230424@083608.fos -Destination "\\aura.dk\DAX\DAXarkiv\DAXNET\DataUdveksling\FjernFos_Xellent\ZMD\Resend_ZMD_1_A+_15_20230424@083608.fos"
[2023-04-24 10:00:40:028]: - Success - Move-Item \\sftp01\c$\Share\landisgyr\Resend\Resend_ZMD_1_A+_15_20230424@084049.fos -Destination "\\aura.dk\DAX\DAXarkiv\DAXNET\DataUdveksling\FjernFos_Xellent\ZMD\Resend_ZMD_1_A+_15_20230424@084049.fos"
[2023-04-24 10:00:40:059]: - Success - Move-Item \\sftp01\c$\Share\landisgyr\Resend\Resend_ZMD_1_A+_15_20230424@085946.fos -Destination "\\aura.dk\DAX\DAXarkiv\DAXNET\DataUdveksling\FjernFos_Xellent\ZMD\Resend_ZMD_1_A+_15_20230424@085946.fos"
[2023-04-24 10:00:40:075]: - Success - Move-Item \\sftp01\c$\Share\landisgyr\Resend\Resend_ZMD_2_A-_15_20230424@082657.fos -Destination "\\aura.dk\DAX\DAXarkiv\DAXNET\DataUdveksling\FjernFos_Xellent\ZMD\Resend_ZMD_2_A-_15_20230424@082657.fos"
[2023-04-24 10:00:40:106]: - Success - Move-Item \\sftp01\c$\Share\landisgyr\Resend\Resend_ZMD_2_A-_15_20230424@083615.fos -Destination "\\aura.dk\DAX\DAXarkiv\DAXNET\DataUdveksling\FjernFos_Xellent\ZMD\Resend_ZMD_2_A-_15_20230424@083615.fos"
[2023-04-24 10:00:40:122]: - Success - Move-Item \\sftp01\c$\Share\landisgyr\Resend\Resend_ZMD_2_A-_15_20230424@084055.fos -Destination "\\aura.dk\DAX\DAXarkiv\DAXNET\DataUdveksling\FjernFos_Xellent\ZMD\Resend_ZMD_2_A-_15_20230424@084055.fos"
[2023-04-24 10:00:40:137]: - Success - Move-Item \\sftp01\c$\Share\landisgyr\Resend\Resend_ZMD_2_A-_15_20230424@085948.fos -Destination "\\aura.dk\DAX\DAXarkiv\DAXNET\DataUdveksling\FjernFos_Xellent\ZMD\Resend_ZMD_2_A-_15_20230424@085948.fos"
[2023-04-24 10:00:40:153]: - Success - Move-Item \\sftp01\c$\Share\landisgyr\Resend\Resend_ZMD_3_R+_15_20230424@082657.fos -Destination "\\aura.dk\DAX\DAXarkiv\DAXNET\DataUdveksling\FjernFos_Xellent\ZMD\Resend_ZMD_3_R+_15_20230424@082657.fos"
[2023-04-24 10:00:40:184]: - Success - Move-Item \\sftp01\c$\Share\landisgyr\Resend\Resend_ZMD_3_R+_15_20230424@083618.fos -Destination "\\aura.dk\DAX\DAXarkiv\DAXNET\DataUdveksling\FjernFos_Xellent\ZMD\Resend_ZMD_3_R+_15_20230424@083618.fos"
[2023-04-24 10:00:40:184]: - Success - Move-Item \\sftp01\c$\Share\landisgyr\Resend\Resend_ZMD_3_R+_15_20230424@084057.fos -Destination "\\aura.dk\DAX\DAXarkiv\DAXNET\DataUdveksling\FjernFos_Xellent\ZMD\Resend_ZMD_3_R+_15_20230424@084057.fos"
[2023-04-24 10:00:40:200]: - Success - Move-Item \\sftp01\c$\Share\landisgyr\Resend\Resend_ZMD_3_R+_15_20230424@085952.fos -Destination "\\aura.dk\DAX\DAXarkiv\DAXNET\DataUdveksling\FjernFos_Xellent\ZMD\Resend_ZMD_3_R+_15_20230424@085952.fos"
[2023-04-24 10:00:40:215]: - Success - Move-Item \\sftp01\c$\Share\landisgyr\Resend\Resend_ZMD_4_R-_15_20230424@082658.fos -Destination "\\aura.dk\DAX\DAXarkiv\DAXNET\DataUdveksling\FjernFos_Xellent\ZMD\Resend_ZMD_4_R-_15_20230424@082658.fos"
[2023-04-24 10:00:40:231]: - Success - Move-Item \\sftp01\c$\Share\landisgyr\Resend\Resend_ZMD_4_R-_15_20230424@083622.fos -Destination "\\aura.dk\DAX\DAXarkiv\DAXNET\DataUdveksling\FjernFos_Xellent\ZMD\Resend_ZMD_4_R-_15_20230424@083622.fos"
[2023-04-24 10:00:40:247]: - Success - Move-Item \\sftp01\c$\Share\landisgyr\Resend\Resend_ZMD_4_R-_15_20230424@084102.fos -Destination "\\aura.dk\DAX\DAXarkiv\DAXNET\DataUdveksling\FjernFos_Xellent\ZMD\Resend_ZMD_4_R-_15_20230424@084102.fos"
[2023-04-24 10:00:40:262]: - Success - Move-Item \\sftp01\c$\Share\landisgyr\Resend\Resend_ZMD_4_R-_15_20230424@085957.fos -Destination "\\aura.dk\DAX\DAXarkiv\DAXNET\DataUdveksling\FjernFos_Xellent\ZMD\Resend_ZMD_4_R-_15_20230424@085957.fos"
[2023-04-24 10:00:40:293]: Copy-Item \\aura.dk\DAX\DAXarkiv\DAXNET\DataUdveksling\FjernFos_Xellent\ZMD\Resend_ZMD_1_A+_15_20230424@082656.fos -Destination \\aura.dk\DAX\DAXarkiv\DAXNET\DataUdveksling\FjernFos_Xellent\ZMD backup\Resend_ZMD_1_A+_15_20230424@082656.fos
[2023-04-24 10:00:40:325]: Move-Item -Path \\aura.dk\DAX\DAXarkiv\DAXNET\DataUdveksling\FjernFos_Xellent\ZMD\Resend_ZMD_1_A+_15_20230424@082656.fos -Destination \\aura.dk\DAX\DAXarkiv\DAXNET\DataUdveksling\FjernFos_Xellent\ZMD_1.fos
[2023-04-24 10:00:40:340]: Copy-Item \\aura.dk\DAX\DAXarkiv\DAXNET\DataUdveksling\FjernFos_Xellent\ZMD\Resend_ZMD_1_A+_15_20230424@083608.fos -Destination \\aura.dk\DAX\DAXarkiv\DAXNET\DataUdveksling\FjernFos_Xellent\ZMD backup\Resend_ZMD_1_A+_15_20230424@083608.fos
[2023-04-24 10:00:40:340]: Error - file already exists on destination: \\aura.dk\DAX\DAXarkiv\DAXNET\DataUdveksling\FjernFos_Xellent\ZMD_1.fos
[2023-04-24 10:00:40:372]: Copy-Item \\aura.dk\DAX\DAXarkiv\DAXNET\DataUdveksling\FjernFos_Xellent\ZMD\Resend_ZMD_1_A+_15_20230424@084049.fos -Destination \\aura.dk\DAX\DAXarkiv\DAXNET\DataUdveksling\FjernFos_Xellent\ZMD backup\Resend_ZMD_1_A+_15_20230424@084049.fos
[2023-04-24 10:00:40:372]: Error - file already exists on destination: \\aura.dk\DAX\DAXarkiv\DAXNET\DataUdveksling\FjernFos_Xellent\ZMD_1.fos
[2023-04-24 10:00:40:387]: Copy-Item \\aura.dk\DAX\DAXarkiv\DAXNET\DataUdveksling\FjernFos_Xellent\ZMD\Resend_ZMD_1_A+_15_20230424@085946.fos -Destination \\aura.dk\DAX\DAXarkiv\DAXNET\DataUdveksling\FjernFos_Xellent\ZMD backup\Resend_ZMD_1_A+_15_20230424@085946.fos
[2023-04-24 10:00:40:387]: Error - file already exists on destination: \\aura.dk\DAX\DAXarkiv\DAXNET\DataUdveksling\FjernFos_Xellent\ZMD_1.fos
[2023-04-24 10:00:40:419]: Copy-Item \\aura.dk\DAX\DAXarkiv\DAXNET\DataUdveksling\FjernFos_Xellent\ZMD\Resend_ZMD_2_A-_15_20230424@082657.fos -Destination \\aura.dk\DAX\DAXarkiv\DAXNET\DataUdveksling\FjernFos_Xellent\ZMD backup\Resend_ZMD_2_A-_15_20230424@082657.fos
[2023-04-24 10:00:40:434]: Move-Item -Path \\aura.dk\DAX\DAXarkiv\DAXNET\DataUdveksling\FjernFos_Xellent\ZMD\Resend_ZMD_2_A-_15_20230424@082657.fos -Destination \\aura.dk\DAX\DAXarkiv\DAXNET\DataUdveksling\FjernFos_Xellent\ZMD_2.fos
[2023-04-24 10:00:40:450]: Copy-Item \\aura.dk\DAX\DAXarkiv\DAXNET\DataUdveksling\FjernFos_Xellent\ZMD\Resend_ZMD_2_A-_15_20230424@083615.fos -Destination \\aura.dk\DAX\DAXarkiv\DAXNET\DataUdveksling\FjernFos_Xellent\ZMD backup\Resend_ZMD_2_A-_15_20230424@083615.fos
[2023-04-24 10:00:40:450]: Error - file already exists on destination: \\aura.dk\DAX\DAXarkiv\DAXNET\DataUdveksling\FjernFos_Xellent\ZMD_2.fos
[2023-04-24 10:00:40:465]: Copy-Item \\aura.dk\DAX\DAXarkiv\DAXNET\DataUdveksling\FjernFos_Xellent\ZMD\Resend_ZMD_2_A-_15_20230424@084055.fos -Destination \\aura.dk\DAX\DAXarkiv\DAXNET\DataUdveksling\FjernFos_Xellent\ZMD backup\Resend_ZMD_2_A-_15_20230424@084055.fos
[2023-04-24 10:00:40:465]: Error - file already exists on destination: \\aura.dk\DAX\DAXarkiv\DAXNET\DataUdveksling\FjernFos_Xellent\ZMD_2.fos
[2023-04-24 10:00:40:481]: Copy-Item \\aura.dk\DAX\DAXarkiv\DAXNET\DataUdveksling\FjernFos_Xellent\ZMD\Resend_ZMD_2_A-_15_20230424@085948.fos -Destination \\aura.dk\DAX\DAXarkiv\DAXNET\DataUdveksling\FjernFos_Xellent\ZMD backup\Resend_ZMD_2_A-_15_20230424@085948.fos
[2023-04-24 10:00:40:481]: Error - file already exists on destination: \\aura.dk\DAX\DAXarkiv\DAXNET\DataUdveksling\FjernFos_Xellent\ZMD_2.fos
[2023-04-24 10:00:40:497]: Copy-Item \\aura.dk\DAX\DAXarkiv\DAXNET\DataUdveksling\FjernFos_Xellent\ZMD\Resend_ZMD_3_R+_15_20230424@082657.fos -Destination \\aura.dk\DAX\DAXarkiv\DAXNET\DataUdveksling\FjernFos_Xellent\ZMD backup\Resend_ZMD_3_R+_15_20230424@082657.fos
[2023-04-24 10:00:40:512]: Move-Item -Path \\aura.dk\DAX\DAXarkiv\DAXNET\DataUdveksling\FjernFos_Xellent\ZMD\Resend_ZMD_3_R+_15_20230424@082657.fos -Destination \\aura.dk\DAX\DAXarkiv\DAXNET\DataUdveksling\FjernFos_Xellent\ZMD_3.fos
[2023-04-24 10:00:40:528]: Copy-Item \\aura.dk\DAX\DAXarkiv\DAXNET\DataUdveksling\FjernFos_Xellent\ZMD\Resend_ZMD_3_R+_15_20230424@083618.fos -Destination \\aura.dk\DAX\DAXarkiv\DAXNET\DataUdveksling\FjernFos_Xellent\ZMD backup\Resend_ZMD_3_R+_15_20230424@083618.fos
[2023-04-24 10:00:40:528]: Error - file already exists on destination: \\aura.dk\DAX\DAXarkiv\DAXNET\DataUdveksling\FjernFos_Xellent\ZMD_3.fos
[2023-04-24 10:00:40:543]: Copy-Item \\aura.dk\DAX\DAXarkiv\DAXNET\DataUdveksling\FjernFos_Xellent\ZMD\Resend_ZMD_3_R+_15_20230424@084057.fos -Destination \\aura.dk\DAX\DAXarkiv\DAXNET\DataUdveksling\FjernFos_Xellent\ZMD backup\Resend_ZMD_3_R+_15_20230424@084057.fos
[2023-04-24 10:00:40:559]: Error - file already exists on destination: \\aura.dk\DAX\DAXarkiv\DAXNET\DataUdveksling\FjernFos_Xellent\ZMD_3.fos
[2023-04-24 10:00:40:575]: Copy-Item \\aura.dk\DAX\DAXarkiv\DAXNET\DataUdveksling\FjernFos_Xellent\ZMD\Resend_ZMD_3_R+_15_20230424@085952.fos -Destination \\aura.dk\DAX\DAXarkiv\DAXNET\DataUdveksling\FjernFos_Xellent\ZMD backup\Resend_ZMD_3_R+_15_20230424@085952.fos
[2023-04-24 10:00:40:575]: Error - file already exists on destination: \\aura.dk\DAX\DAXarkiv\DAXNET\DataUdveksling\FjernFos_Xellent\ZMD_3.fos
[2023-04-24 10:00:40:590]: Copy-Item \\aura.dk\DAX\DAXarkiv\DAXNET\DataUdveksling\FjernFos_Xellent\ZMD\Resend_ZMD_4_R-_15_20230424@082658.fos -Destination \\aura.dk\DAX\DAXarkiv\DAXNET\DataUdveksling\FjernFos_Xellent\ZMD backup\Resend_ZMD_4_R-_15_20230424@082658.fos
[2023-04-24 10:00:40:590]: Move-Item -Path \\aura.dk\DAX\DAXarkiv\DAXNET\DataUdveksling\FjernFos_Xellent\ZMD\Resend_ZMD_4_R-_15_20230424@082658.fos -Destination \\aura.dk\DAX\DAXarkiv\DAXNET\DataUdveksling\FjernFos_Xellent\ZMD_4.fos
[2023-04-24 10:00:40:606]: Copy-Item \\aura.dk\DAX\DAXarkiv\DAXNET\DataUdveksling\FjernFos_Xellent\ZMD\Resend_ZMD_4_R-_15_20230424@083622.fos -Destination \\aura.dk\DAX\DAXarkiv\DAXNET\DataUdveksling\FjernFos_Xellent\ZMD backup\Resend_ZMD_4_R-_15_20230424@083622.fos
[2023-04-24 10:00:40:606]: Error - file already exists on destination: \\aura.dk\DAX\DAXarkiv\DAXNET\DataUdveksling\FjernFos_Xellent\ZMD_4.fos
[2023-04-24 10:00:40:622]: Copy-Item \\aura.dk\DAX\DAXarkiv\DAXNET\DataUdveksling\FjernFos_Xellent\ZMD\Resend_ZMD_4_R-_15_20230424@084102.fos -Destination \\aura.dk\DAX\DAXarkiv\DAXNET\DataUdveksling\FjernFos_Xellent\ZMD backup\Resend_ZMD_4_R-_15_20230424@084102.fos
[2023-04-24 10:00:40:622]: Error - file already exists on destination: \\aura.dk\DAX\DAXarkiv\DAXNET\DataUdveksling\FjernFos_Xellent\ZMD_4.fos
[2023-04-24 10:00:40:653]: Copy-Item \\aura.dk\DAX\DAXarkiv\DAXNET\DataUdveksling\FjernFos_Xellent\ZMD\Resend_ZMD_4_R-_15_20230424@085957.fos -Destination \\aura.dk\DAX\DAXarkiv\DAXNET\DataUdveksling\FjernFos_Xellent\ZMD backup\Resend_ZMD_4_R-_15_20230424@085957.fos
[2023-04-24 10:00:40:653]: Error - file already exists on destination: \\aura.dk\DAX\DAXarkiv\DAXNET\DataUdveksling\FjernFos_Xellent\ZMD_4.fos
[2023-04-24 10:01:40:006]: Copy-Item \\aura.dk\DAX\DAXarkiv\DAXNET\DataUdveksling\FjernFos_Xellent\ZMD\Resend_ZMD_1_A+_15_20230424@083608.fos -Destination \\aura.dk\DAX\DAXarkiv\DAXNET\DataUdveksling\FjernFos_Xellent\ZMD backup\Resend_ZMD_1_A+_15_20230424@083608.fos
[2023-04-24 10:01:40:037]: Move-Item -Path \\aura.dk\DAX\DAXarkiv\DAXNET\DataUdveksling\FjernFos_Xellent\ZMD\Resend_ZMD_1_A+_15_20230424@083608.fos -Destination \\aura.dk\DAX\DAXarkiv\DAXNET\DataUdveksling\FjernFos_Xellent\ZMD_1.fos
[2023-04-24 10:01:40:069]: Copy-Item \\aura.dk\DAX\DAXarkiv\DAXNET\DataUdveksling\FjernFos_Xellent\ZMD\Resend_ZMD_1_A+_15_20230424@084049.fos -Destination \\aura.dk\DAX\DAXarkiv\DAXNET\DataUdveksling\FjernFos_Xellent\ZMD backup\Resend_ZMD_1_A+_15_20230424@084049.fos
[2023-04-24 10:01:40:084]: Error - file already exists on destination: \\aura.dk\DAX\DAXarkiv\DAXNET\DataUdveksling\FjernFos_Xellent\ZMD_1.fos
[2023-04-24 10:01:40:100]: Copy-Item \\aura.dk\DAX\DAXarkiv\DAXNET\DataUdveksling\FjernFos_Xellent\ZMD\Resend_ZMD_1_A+_15_20230424@085946.fos -Destination \\aura.dk\DAX\DAXarkiv\DAXNET\DataUdveksling\FjernFos_Xellent\ZMD backup\Resend_ZMD_1_A+_15_20230424@085946.fos
[2023-04-24 10:01:40:100]: Error - file already exists on destination: \\aura.dk\DAX\DAXarkiv\DAXNET\DataUdveksling\FjernFos_Xellent\ZMD_1.fos
[2023-04-24 10:01:40:131]: Copy-Item \\aura.dk\DAX\DAXarkiv\DAXNET\DataUdveksling\FjernFos_Xellent\ZMD\Resend_ZMD_2_A-_15_20230424@083615.fos -Destination \\aura.dk\DAX\DAXarkiv\DAXNET\DataUdveksling\FjernFos_Xellent\ZMD backup\Resend_ZMD_2_A-_15_20230424@083615.fos
[2023-04-24 10:01:40:147]: Move-Item -Path \\aura.dk\DAX\DAXarkiv\DAXNET\DataUdveksling\FjernFos_Xellent\ZMD\Resend_ZMD_2_A-_15_20230424@083615.fos -Destination \\aura.dk\DAX\DAXarkiv\DAXNET\DataUdveksling\FjernFos_Xellent\ZMD_2.fos
[2023-04-24 10:01:40:162]: Copy-Item \\aura.dk\DAX\DAXarkiv\DAXNET\DataUdveksling\FjernFos_Xellent\ZMD\Resend_ZMD_2_A-_15_20230424@084055.fos -Destination \\aura.dk\DAX\DAXarkiv\DAXNET\DataUdveksling\FjernFos_Xellent\ZMD backup\Resend_ZMD_2_A-_15_20230424@084055.fos
[2023-04-24 10:01:40:162]: Error - file already exists on destination: \\aura.dk\DAX\DAXarkiv\DAXNET\DataUdveksling\FjernFos_Xellent\ZMD_2.fos
[2023-04-24 10:01:40:178]: Copy-Item \\aura.dk\DAX\DAXarkiv\DAXNET\DataUdveksling\FjernFos_Xellent\ZMD\Resend_ZMD_2_A-_15_20230424@085948.fos -Destination \\aura.dk\DAX\DAXarkiv\DAXNET\DataUdveksling\FjernFos_Xellent\ZMD backup\Resend_ZMD_2_A-_15_20230424@085948.fos
[2023-04-24 10:01:40:178]: Error - file already exists on destination: \\aura.dk\DAX\DAXarkiv\DAXNET\DataUdveksling\FjernFos_Xellent\ZMD_2.fos
[2023-04-24 10:01:40:194]: Copy-Item \\aura.dk\DAX\DAXarkiv\DAXNET\DataUdveksling\FjernFos_Xellent\ZMD\Resend_ZMD_3_R+_15_20230424@083618.fos -Destination \\aura.dk\DAX\DAXarkiv\DAXNET\DataUdveksling\FjernFos_Xellent\ZMD backup\Resend_ZMD_3_R+_15_20230424@083618.fos
[2023-04-24 10:01:40:209]: Move-Item -Path \\aura.dk\DAX\DAXarkiv\DAXNET\DataUdveksling\FjernFos_Xellent\ZMD\Resend_ZMD_3_R+_15_20230424@083618.fos -Destination \\aura.dk\DAX\DAXarkiv\DAXNET\DataUdveksling\FjernFos_Xellent\ZMD_3.fos
[2023-04-24 10:01:40:225]: Copy-Item \\aura.dk\DAX\DAXarkiv\DAXNET\DataUdveksling\FjernFos_Xellent\ZMD\Resend_ZMD_3_R+_15_20230424@084057.fos -Destination \\aura.dk\DAX\DAXarkiv\DAXNET\DataUdveksling\FjernFos_Xellent\ZMD backup\Resend_ZMD_3_R+_15_20230424@084057.fos
[2023-04-24 10:01:40:225]: Error - file already exists on destination: \\aura.dk\DAX\DAXarkiv\DAXNET\DataUdveksling\FjernFos_Xellent\ZMD_3.fos
[2023-04-24 10:01:40:241]: Copy-Item \\aura.dk\DAX\DAXarkiv\DAXNET\DataUdveksling\FjernFos_Xellent\ZMD\Resend_ZMD_3_R+_15_20230424@085952.fos -Destination \\aura.dk\DAX\DAXarkiv\DAXNET\DataUdveksling\FjernFos_Xellent\ZMD backup\Resend_ZMD_3_R+_15_20230424@085952.fos
[2023-04-24 10:01:40:241]: Error - file already exists on destination: \\aura.dk\DAX\DAXarkiv\DAXNET\DataUdveksling\FjernFos_Xellent\ZMD_3.fos
[2023-04-24 10:01:40:257]: Copy-Item \\aura.dk\DAX\DAXarkiv\DAXNET\DataUdveksling\FjernFos_Xellent\ZMD\Resend_ZMD_4_R-_15_20230424@083622.fos -Destination \\aura.dk\DAX\DAXarkiv\DAXNET\DataUdveksling\FjernFos_Xellent\ZMD backup\Resend_ZMD_4_R-_15_20230424@083622.fos
[2023-04-24 10:01:40:272]: Move-Item -Path \\aura.dk\DAX\DAXarkiv\DAXNET\DataUdveksling\FjernFos_Xellent\ZMD\Resend_ZMD_4_R-_15_20230424@083622.fos -Destination \\aura.dk\DAX\DAXarkiv\DAXNET\DataUdveksling\FjernFos_Xellent\ZMD_4.fos
[2023-04-24 10:01:40:287]: Copy-Item \\aura.dk\DAX\DAXarkiv\DAXNET\DataUdveksling\FjernFos_Xellent\ZMD\Resend_ZMD_4_R-_15_20230424@084102.fos -Destination \\aura.dk\DAX\DAXarkiv\DAXNET\DataUdveksling\FjernFos_Xellent\ZMD backup\Resend_ZMD_4_R-_15_20230424@084102.fos
[2023-04-24 10:01:40:287]: Error - file already exists on destination: \\aura.dk\DAX\DAXarkiv\DAXNET\DataUdveksling\FjernFos_Xellent\ZMD_4.fos
[2023-04-24 10:01:40:303]: Copy-Item \\aura.dk\DAX\DAXarkiv\DAXNET\DataUdveksling\FjernFos_Xellent\ZMD\Resend_ZMD_4_R-_15_20230424@085957.fos -Destination \\aura.dk\DAX\DAXarkiv\DAXNET\DataUdveksling\FjernFos_Xellent\ZMD backup\Resend_ZMD_4_R-_15_20230424@085957.fos
[2023-04-24 10:01:40:303]: Error - file already exists on destination: \\aura.dk\DAX\DAXarkiv\DAXNET\DataUdveksling\FjernFos_Xellent\ZMD_4.fos
[2023-04-24 10:02:40:018]: Copy-Item \\aura.dk\DAX\DAXarkiv\DAXNET\DataUdveksling\FjernFos_Xellent\ZMD\Resend_ZMD_1_A+_15_20230424@084049.fos -Destination \\aura.dk\DAX\DAXarkiv\DAXNET\DataUdveksling\FjernFos_Xellent\ZMD backup\Resend_ZMD_1_A+_15_20230424@084049.fos
[2023-04-24 10:02:40:033]: Error - file already exists on destination: \\aura.dk\DAX\DAXarkiv\DAXNET\DataUdveksling\FjernFos_Xellent\ZMD_1.fos
[2023-04-24 10:02:40:080]: Copy-Item \\aura.dk\DAX\DAXarkiv\DAXNET\DataUdveksling\FjernFos_Xellent\ZMD\Resend_ZMD_1_A+_15_20230424@085946.fos -Destination \\aura.dk\DAX\DAXarkiv\DAXNET\DataUdveksling\FjernFos_Xellent\ZMD backup\Resend_ZMD_1_A+_15_20230424@085946.fos
[2023-04-24 10:02:40:080]: Error - file already exists on destination: \\aura.dk\DAX\DAXarkiv\DAXNET\DataUdveksling\FjernFos_Xellent\ZMD_1.fos
[2023-04-24 10:02:40:096]: Copy-Item \\aura.dk\DAX\DAXarkiv\DAXNET\DataUdveksling\FjernFos_Xellent\ZMD\Resend_ZMD_2_A-_15_20230424@084055.fos -Destination \\aura.dk\DAX\DAXarkiv\DAXNET\DataUdveksling\FjernFos_Xellent\ZMD backup\Resend_ZMD_2_A-_15_20230424@084055.fos
[2023-04-24 10:02:40:111]: Error - file already exists on destination: \\aura.dk\DAX\DAXarkiv\DAXNET\DataUdveksling\FjernFos_Xellent\ZMD_2.fos
[2023-04-24 10:02:40:127]: Copy-Item \\aura.dk\DAX\DAXarkiv\DAXNET\DataUdveksling\FjernFos_Xellent\ZMD\Resend_ZMD_2_A-_15_20230424@085948.fos -Destination \\aura.dk\DAX\DAXarkiv\DAXNET\DataUdveksling\FjernFos_Xellent\ZMD backup\Resend_ZMD_2_A-_15_20230424@085948.fos
[2023-04-24 10:02:40:127]: Error - file already exists on destination: \\aura.dk\DAX\DAXarkiv\DAXNET\DataUdveksling\FjernFos_Xellent\ZMD_2.fos
[2023-04-24 10:02:40:158]: Copy-Item \\aura.dk\DAX\DAXarkiv\DAXNET\DataUdveksling\FjernFos_Xellent\ZMD\Resend_ZMD_3_R+_15_20230424@084057.fos -Destination \\aura.dk\DAX\DAXarkiv\DAXNET\DataUdveksling\FjernFos_Xellent\ZMD backup\Resend_ZMD_3_R+_15_20230424@084057.fos
[2023-04-24 10:02:40:158]: Error - file already exists on destination: \\aura.dk\DAX\DAXarkiv\DAXNET\DataUdveksling\FjernFos_Xellent\ZMD_3.fos
[2023-04-24 10:02:40:174]: Copy-Item \\aura.dk\DAX\DAXarkiv\DAXNET\DataUdveksling\FjernFos_Xellent\ZMD\Resend_ZMD_3_R+_15_20230424@085952.fos -Destination \\aura.dk\DAX\DAXarkiv\DAXNET\DataUdveksling\FjernFos_Xellent\ZMD backup\Resend_ZMD_3_R+_15_20230424@085952.fos
[2023-04-24 10:02:40:174]: Error - file already exists on destination: \\aura.dk\DAX\DAXarkiv\DAXNET\DataUdveksling\FjernFos_Xellent\ZMD_3.fos
[2023-04-24 10:02:40:189]: Copy-Item \\aura.dk\DAX\DAXarkiv\DAXNET\DataUdveksling\FjernFos_Xellent\ZMD\Resend_ZMD_4_R-_15_20230424@084102.fos -Destination \\aura.dk\DAX\DAXarkiv\DAXNET\DataUdveksling\FjernFos_Xellent\ZMD backup\Resend_ZMD_4_R-_15_20230424@084102.fos
[2023-04-24 10:02:40:189]: Error - file already exists on destination: \\aura.dk\DAX\DAXarkiv\DAXNET\DataUdveksling\FjernFos_Xellent\ZMD_4.fos
[2023-04-24 10:02:40:205]: Copy-Item \\aura.dk\DAX\DAXarkiv\DAXNET\DataUdveksling\FjernFos_Xellent\ZMD\Resend_ZMD_4_R-_15_20230424@085957.fos -Destination \\aura.dk\DAX\DAXarkiv\DAXNET\DataUdveksling\FjernFos_Xellent\ZMD backup\Resend_ZMD_4_R-_15_20230424@085957.fos
[2023-04-24 10:02:40:205]: Error - file already exists on destination: \\aura.dk\DAX\DAXarkiv\DAXNET\DataUdveksling\FjernFos_Xellent\ZMD_4.fos
[2023-04-24 10:03:39:974]: Copy-Item \\aura.dk\DAX\DAXarkiv\DAXNET\DataUdveksling\FjernFos_Xellent\ZMD\Resend_ZMD_1_A+_15_20230424@084049.fos -Destination \\aura.dk\DAX\DAXarkiv\DAXNET\DataUdveksling\FjernFos_Xellent\ZMD backup\Resend_ZMD_1_A+_15_20230424@084049.fos
[2023-04-24 10:03:40:005]: Move-Item -Path \\aura.dk\DAX\DAXarkiv\DAXNET\DataUdveksling\FjernFos_Xellent\ZMD\Resend_ZMD_1_A+_15_20230424@084049.fos -Destination \\aura.dk\DAX\DAXarkiv\DAXNET\DataUdveksling\FjernFos_Xellent\ZMD_1.fos
[2023-04-24 10:03:40:036]: Copy-Item \\aura.dk\DAX\DAXarkiv\DAXNET\DataUdveksling\FjernFos_Xellent\ZMD\Resend_ZMD_1_A+_15_20230424@085946.fos -Destination \\aura.dk\DAX\DAXarkiv\DAXNET\DataUdveksling\FjernFos_Xellent\ZMD backup\Resend_ZMD_1_A+_15_20230424@085946.fos
[2023-04-24 10:03:40:052]: Error - file already exists on destination: \\aura.dk\DAX\DAXarkiv\DAXNET\DataUdveksling\FjernFos_Xellent\ZMD_1.fos
[2023-04-24 10:03:40:067]: Copy-Item \\aura.dk\DAX\DAXarkiv\DAXNET\DataUdveksling\FjernFos_Xellent\ZMD\Resend_ZMD_2_A-_15_20230424@084055.fos -Destination \\aura.dk\DAX\DAXarkiv\DAXNET\DataUdveksling\FjernFos_Xellent\ZMD backup\Resend_ZMD_2_A-_15_20230424@084055.fos
[2023-04-24 10:03:40:083]: Move-Item -Path \\aura.dk\DAX\DAXarkiv\DAXNET\DataUdveksling\FjernFos_Xellent\ZMD\Resend_ZMD_2_A-_15_20230424@084055.fos -Destination \\aura.dk\DAX\DAXarkiv\DAXNET\DataUdveksling\FjernFos_Xellent\ZMD_2.fos
[2023-04-24 10:03:40:099]: Copy-Item \\aura.dk\DAX\DAXarkiv\DAXNET\DataUdveksling\FjernFos_Xellent\ZMD\Resend_ZMD_2_A-_15_20230424@085948.fos -Destination \\aura.dk\DAX\DAXarkiv\DAXNET\DataUdveksling\FjernFos_Xellent\ZMD backup\Resend_ZMD_2_A-_15_20230424@085948.fos
[2023-04-24 10:03:40:099]: Error - file already exists on destination: \\aura.dk\DAX\DAXarkiv\DAXNET\DataUdveksling\FjernFos_Xellent\ZMD_2.fos
[2023-04-24 10:03:40:130]: Copy-Item \\aura.dk\DAX\DAXarkiv\DAXNET\DataUdveksling\FjernFos_Xellent\ZMD\Resend_ZMD_3_R+_15_20230424@084057.fos -Destination \\aura.dk\DAX\DAXarkiv\DAXNET\DataUdveksling\FjernFos_Xellent\ZMD backup\Resend_ZMD_3_R+_15_20230424@084057.fos
[2023-04-24 10:03:40:145]: Move-Item -Path \\aura.dk\DAX\DAXarkiv\DAXNET\DataUdveksling\FjernFos_Xellent\ZMD\Resend_ZMD_3_R+_15_20230424@084057.fos -Destination \\aura.dk\DAX\DAXarkiv\DAXNET\DataUdveksling\FjernFos_Xellent\ZMD_3.fos
[2023-04-24 10:03:40:145]: Copy-Item \\aura.dk\DAX\DAXarkiv\DAXNET\DataUdveksling\FjernFos_Xellent\ZMD\Resend_ZMD_3_R+_15_20230424@085952.fos -Destination \\aura.dk\DAX\DAXarkiv\DAXNET\DataUdveksling\FjernFos_Xellent\ZMD backup\Resend_ZMD_3_R+_15_20230424@085952.fos
[2023-04-24 10:03:40:161]: Error - file already exists on destination: \\aura.dk\DAX\DAXarkiv\DAXNET\DataUdveksling\FjernFos_Xellent\ZMD_3.fos
[2023-04-24 10:03:40:177]: Copy-Item \\aura.dk\DAX\DAXarkiv\DAXNET\DataUdveksling\FjernFos_Xellent\ZMD\Resend_ZMD_4_R-_15_20230424@084102.fos -Destination \\aura.dk\DAX\DAXarkiv\DAXNET\DataUdveksling\FjernFos_Xellent\ZMD backup\Resend_ZMD_4_R-_15_20230424@084102.fos
[2023-04-24 10:03:40:192]: Move-Item -Path \\aura.dk\DAX\DAXarkiv\DAXNET\DataUdveksling\FjernFos_Xellent\ZMD\Resend_ZMD_4_R-_15_20230424@084102.fos -Destination \\aura.dk\DAX\DAXarkiv\DAXNET\DataUdveksling\FjernFos_Xellent\ZMD_4.fos
[2023-04-24 10:03:40:192]: Copy-Item \\aura.dk\DAX\DAXarkiv\DAXNET\DataUdveksling\FjernFos_Xellent\ZMD\Resend_ZMD_4_R-_15_20230424@085957.fos -Destination \\aura.dk\DAX\DAXarkiv\DAXNET\DataUdveksling\FjernFos_Xellent\ZMD backup\Resend_ZMD_4_R-_15_20230424@085957.fos
[2023-04-24 10:03:40:192]: Error - file already exists on destination: \\aura.dk\DAX\DAXarkiv\DAXNET\DataUdveksling\FjernFos_Xellent\ZMD_4.fos
[2023-04-24 10:04:39:980]: Copy-Item \\aura.dk\DAX\DAXarkiv\DAXNET\DataUdveksling\FjernFos_Xellent\ZMD\Resend_ZMD_1_A+_15_20230424@085946.fos -Destination \\aura.dk\DAX\DAXarkiv\DAXNET\DataUdveksling\FjernFos_Xellent\ZMD backup\Resend_ZMD_1_A+_15_20230424@085946.fos
[2023-04-24 10:04:39:996]: Error - file already exists on destination: \\aura.dk\DAX\DAXarkiv\DAXNET\DataUdveksling\FjernFos_Xellent\ZMD_1.fos
[2023-04-24 10:04:40:011]: Copy-Item \\aura.dk\DAX\DAXarkiv\DAXNET\DataUdveksling\FjernFos_Xellent\ZMD\Resend_ZMD_2_A-_15_20230424@085948.fos -Destination \\aura.dk\DAX\DAXarkiv\DAXNET\DataUdveksling\FjernFos_Xellent\ZMD backup\Resend_ZMD_2_A-_15_20230424@085948.fos
[2023-04-24 10:04:40:027]: Error - file already exists on destination: \\aura.dk\DAX\DAXarkiv\DAXNET\DataUdveksling\FjernFos_Xellent\ZMD_2.fos
[2023-04-24 10:04:40:058]: Copy-Item \\aura.dk\DAX\DAXarkiv\DAXNET\DataUdveksling\FjernFos_Xellent\ZMD\Resend_ZMD_3_R+_15_20230424@085952.fos -Destination \\aura.dk\DAX\DAXarkiv\DAXNET\DataUdveksling\FjernFos_Xellent\ZMD backup\Resend_ZMD_3_R+_15_20230424@085952.fos
[2023-04-24 10:04:40:058]: Error - file already exists on destination: \\aura.dk\DAX\DAXarkiv\DAXNET\DataUdveksling\FjernFos_Xellent\ZMD_3.fos
[2023-04-24 10:04:40:090]: Copy-Item \\aura.dk\DAX\DAXarkiv\DAXNET\DataUdveksling\FjernFos_Xellent\ZMD\Resend_ZMD_4_R-_15_20230424@085957.fos -Destination \\aura.dk\DAX\DAXarkiv\DAXNET\DataUdveksling\FjernFos_Xellent\ZMD backup\Resend_ZMD_4_R-_15_20230424@085957.fos
[2023-04-24 10:04:40:090]: Error - file already exists on destination: \\aura.dk\DAX\DAXarkiv\DAXNET\DataUdveksling\FjernFos_Xellent\ZMD_4.fos
[2023-04-24 10:05:40:003]: Copy-Item \\aura.dk\DAX\DAXarkiv\DAXNET\DataUdveksling\FjernFos_Xellent\ZMD\Resend_ZMD_1_A+_15_20230424@085946.fos -Destination \\aura.dk\DAX\DAXarkiv\DAXNET\DataUdveksling\FjernFos_Xellent\ZMD backup\Resend_ZMD_1_A+_15_20230424@085946.fos
[2023-04-24 10:05:40:003]: Error - file already exists on destination: \\aura.dk\DAX\DAXarkiv\DAXNET\DataUdveksling\FjernFos_Xellent\ZMD_1.fos
[2023-04-24 10:05:40:034]: Copy-Item \\aura.dk\DAX\DAXarkiv\DAXNET\DataUdveksling\FjernFos_Xellent\ZMD\Resend_ZMD_2_A-_15_20230424@085948.fos -Destination \\aura.dk\DAX\DAXarkiv\DAXNET\DataUdveksling\FjernFos_Xellent\ZMD backup\Resend_ZMD_2_A-_15_20230424@085948.fos
[2023-04-24 10:05:40:050]: Error - file already exists on destination: \\aura.dk\DAX\DAXarkiv\DAXNET\DataUdveksling\FjernFos_Xellent\ZMD_2.fos
[2023-04-24 10:05:40:081]: Copy-Item \\aura.dk\DAX\DAXarkiv\DAXNET\DataUdveksling\FjernFos_Xellent\ZMD\Resend_ZMD_3_R+_15_20230424@085952.fos -Destination \\aura.dk\DAX\DAXarkiv\DAXNET\DataUdveksling\FjernFos_Xellent\ZMD backup\Resend_ZMD_3_R+_15_20230424@085952.fos
[2023-04-24 10:05:40:081]: Error - file already exists on destination: \\aura.dk\DAX\DAXarkiv\DAXNET\DataUdveksling\FjernFos_Xellent\ZMD_3.fos
[2023-04-24 10:05:40:097]: Copy-Item \\aura.dk\DAX\DAXarkiv\DAXNET\DataUdveksling\FjernFos_Xellent\ZMD\Resend_ZMD_4_R-_15_20230424@085957.fos -Destination \\aura.dk\DAX\DAXarkiv\DAXNET\DataUdveksling\FjernFos_Xellent\ZMD backup\Resend_ZMD_4_R-_15_20230424@085957.fos
[2023-04-24 10:05:40:097]: Error - file already exists on destination: \\aura.dk\DAX\DAXarkiv\DAXNET\DataUdveksling\FjernFos_Xellent\ZMD_4.fos
[2023-04-24 10:06:40:006]: Copy-Item \\aura.dk\DAX\DAXarkiv\DAXNET\DataUdveksling\FjernFos_Xellent\ZMD\Resend_ZMD_1_A+_15_20230424@085946.fos -Destination \\aura.dk\DAX\DAXarkiv\DAXNET\DataUdveksling\FjernFos_Xellent\ZMD backup\Resend_ZMD_1_A+_15_20230424@085946.fos
[2023-04-24 10:06:40:038]: Move-Item -Path \\aura.dk\DAX\DAXarkiv\DAXNET\DataUdveksling\FjernFos_Xellent\ZMD\Resend_ZMD_1_A+_15_20230424@085946.fos -Destination \\aura.dk\DAX\DAXarkiv\DAXNET\DataUdveksling\FjernFos_Xellent\ZMD_1.fos
[2023-04-24 10:06:40:085]: Copy-Item \\aura.dk\DAX\DAXarkiv\DAXNET\DataUdveksling\FjernFos_Xellent\ZMD\Resend_ZMD_2_A-_15_20230424@085948.fos -Destination \\aura.dk\DAX\DAXarkiv\DAXNET\DataUdveksling\FjernFos_Xellent\ZMD backup\Resend_ZMD_2_A-_15_20230424@085948.fos
[2023-04-24 10:06:40:085]: Move-Item -Path \\aura.dk\DAX\DAXarkiv\DAXNET\DataUdveksling\FjernFos_Xellent\ZMD\Resend_ZMD_2_A-_15_20230424@085948.fos -Destination \\aura.dk\DAX\DAXarkiv\DAXNET\DataUdveksling\FjernFos_Xellent\ZMD_2.fos
[2023-04-24 10:06:40:100]: Copy-Item \\aura.dk\DAX\DAXarkiv\DAXNET\DataUdveksling\FjernFos_Xellent\ZMD\Resend_ZMD_3_R+_15_20230424@085952.fos -Destination \\aura.dk\DAX\DAXarkiv\DAXNET\DataUdveksling\FjernFos_Xellent\ZMD backup\Resend_ZMD_3_R+_15_20230424@085952.fos
[2023-04-24 10:06:40:116]: Move-Item -Path \\aura.dk\DAX\DAXarkiv\DAXNET\DataUdveksling\FjernFos_Xellent\ZMD\Resend_ZMD_3_R+_15_20230424@085952.fos -Destination \\aura.dk\DAX\DAXarkiv\DAXNET\DataUdveksling\FjernFos_Xellent\ZMD_3.fos
[2023-04-24 10:06:40:131]: Copy-Item \\aura.dk\DAX\DAXarkiv\DAXNET\DataUdveksling\FjernFos_Xellent\ZMD\Resend_ZMD_4_R-_15_20230424@085957.fos -Destination \\aura.dk\DAX\DAXarkiv\DAXNET\DataUdveksling\FjernFos_Xellent\ZMD backup\Resend_ZMD_4_R-_15_20230424@085957.fos
[2023-04-24 10:06:40:147]: Move-Item -Path \\aura.dk\DAX\DAXarkiv\DAXNET\DataUdveksling\FjernFos_Xellent\ZMD\Resend_ZMD_4_R-_15_20230424@085957.fos -Destination \\aura.dk\DAX\DAXarkiv\DAXNET\DataUdveksling\FjernFos_Xellent\ZMD_4.fos
