[2022-08-02 07:21:39:962]: - Success - Move-Item \\sftp01\c$\Share\landisgyr\FOS\ZMD_1_A+_15_20220801@133223.fos -Destination "\\aura.dk\DAX\DAXarkiv\DAXNET\DataUdveksling\FjernFos_Xellent\ZMD\ZMD_1_A+_15_20220801@133223.fos"
[2022-08-02 07:21:40:102]: - Success - Move-Item \\sftp01\c$\Share\landisgyr\FOS\ZMD_1_A+_15_20220801@133800.fos -Destination "\\aura.dk\DAX\DAXarkiv\DAXNET\DataUdveksling\FjernFos_Xellent\ZMD\ZMD_1_A+_15_20220801@133800.fos"
[2022-08-02 07:21:40:133]: - Success - Move-Item \\sftp01\c$\Share\landisgyr\FOS\ZMD_1_A+_15_20220802@062054.fos -Destination "\\aura.dk\DAX\DAXarkiv\DAXNET\DataUdveksling\FjernFos_Xellent\ZMD\ZMD_1_A+_15_20220802@062054.fos"
[2022-08-02 07:21:40:165]: - Success - Move-Item \\sftp01\c$\Share\landisgyr\FOS\ZMD_2_A-_15_20220801@133226.fos -Destination "\\aura.dk\DAX\DAXarkiv\DAXNET\DataUdveksling\FjernFos_Xellent\ZMD\ZMD_2_A-_15_20220801@133226.fos"
[2022-08-02 07:21:40:196]: - Success - Move-Item \\sftp01\c$\Share\landisgyr\FOS\ZMD_2_A-_15_20220801@133803.fos -Destination "\\aura.dk\DAX\DAXarkiv\DAXNET\DataUdveksling\FjernFos_Xellent\ZMD\ZMD_2_A-_15_20220801@133803.fos"
[2022-08-02 07:21:40:212]: - Success - Move-Item \\sftp01\c$\Share\landisgyr\FOS\ZMD_2_A-_15_20220802@062101.fos -Destination "\\aura.dk\DAX\DAXarkiv\DAXNET\DataUdveksling\FjernFos_Xellent\ZMD\ZMD_2_A-_15_20220802@062101.fos"
[2022-08-02 07:21:40:243]: - Success - Move-Item \\sftp01\c$\Share\landisgyr\FOS\ZMD_3_R+_15_20220801@133228.fos -Destination "\\aura.dk\DAX\DAXarkiv\DAXNET\DataUdveksling\FjernFos_Xellent\ZMD\ZMD_3_R+_15_20220801@133228.fos"
[2022-08-02 07:21:40:259]: - Success - Move-Item \\sftp01\c$\Share\landisgyr\FOS\ZMD_3_R+_15_20220801@133805.fos -Destination "\\aura.dk\DAX\DAXarkiv\DAXNET\DataUdveksling\FjernFos_Xellent\ZMD\ZMD_3_R+_15_20220801@133805.fos"
[2022-08-02 07:21:40:305]: - Success - Move-Item \\sftp01\c$\Share\landisgyr\FOS\ZMD_3_R+_15_20220802@062106.fos -Destination "\\aura.dk\DAX\DAXarkiv\DAXNET\DataUdveksling\FjernFos_Xellent\ZMD\ZMD_3_R+_15_20220802@062106.fos"
[2022-08-02 07:21:40:321]: - Success - Move-Item \\sftp01\c$\Share\landisgyr\FOS\ZMD_4_R-_15_20220801@133231.fos -Destination "\\aura.dk\DAX\DAXarkiv\DAXNET\DataUdveksling\FjernFos_Xellent\ZMD\ZMD_4_R-_15_20220801@133231.fos"
[2022-08-02 07:21:40:352]: - Success - Move-Item \\sftp01\c$\Share\landisgyr\FOS\ZMD_4_R-_15_20220801@133807.fos -Destination "\\aura.dk\DAX\DAXarkiv\DAXNET\DataUdveksling\FjernFos_Xellent\ZMD\ZMD_4_R-_15_20220801@133807.fos"
[2022-08-02 07:21:40:384]: - Success - Move-Item \\sftp01\c$\Share\landisgyr\FOS\ZMD_4_R-_15_20220802@062112.fos -Destination "\\aura.dk\DAX\DAXarkiv\DAXNET\DataUdveksling\FjernFos_Xellent\ZMD\ZMD_4_R-_15_20220802@062112.fos"
[2022-08-02 07:21:40:415]: Copy-Item \\aura.dk\DAX\DAXarkiv\DAXNET\DataUdveksling\FjernFos_Xellent\ZMD\ZMD_1_A+_15_20220801@133223.fos -Destination \\aura.dk\DAX\DAXarkiv\DAXNET\DataUdveksling\FjernFos_Xellent\ZMD backup\ZMD_1_A+_15_20220801@133223.fos
[2022-08-02 07:21:40:430]: Move-Item -Path \\aura.dk\DAX\DAXarkiv\DAXNET\DataUdveksling\FjernFos_Xellent\ZMD\ZMD_1_A+_15_20220801@133223.fos -Destination \\aura.dk\DAX\DAXarkiv\DAXNET\DataUdveksling\FjernFos_Xellent\ZMD_1.fos
[2022-08-02 07:21:40:446]: Copy-Item \\aura.dk\DAX\DAXarkiv\DAXNET\DataUdveksling\FjernFos_Xellent\ZMD\ZMD_1_A+_15_20220801@133800.fos -Destination \\aura.dk\DAX\DAXarkiv\DAXNET\DataUdveksling\FjernFos_Xellent\ZMD backup\ZMD_1_A+_15_20220801@133800.fos
[2022-08-02 07:21:40:446]: Error - file already exists on destination: \\aura.dk\DAX\DAXarkiv\DAXNET\DataUdveksling\FjernFos_Xellent\ZMD_1.fos
[2022-08-02 07:21:40:477]: Copy-Item \\aura.dk\DAX\DAXarkiv\DAXNET\DataUdveksling\FjernFos_Xellent\ZMD\ZMD_1_A+_15_20220802@062054.fos -Destination \\aura.dk\DAX\DAXarkiv\DAXNET\DataUdveksling\FjernFos_Xellent\ZMD backup\ZMD_1_A+_15_20220802@062054.fos
[2022-08-02 07:21:40:477]: Error - file already exists on destination: \\aura.dk\DAX\DAXarkiv\DAXNET\DataUdveksling\FjernFos_Xellent\ZMD_1.fos
[2022-08-02 07:21:40:493]: Copy-Item \\aura.dk\DAX\DAXarkiv\DAXNET\DataUdveksling\FjernFos_Xellent\ZMD\ZMD_2_A-_15_20220801@133226.fos -Destination \\aura.dk\DAX\DAXarkiv\DAXNET\DataUdveksling\FjernFos_Xellent\ZMD backup\ZMD_2_A-_15_20220801@133226.fos
[2022-08-02 07:21:40:509]: Move-Item -Path \\aura.dk\DAX\DAXarkiv\DAXNET\DataUdveksling\FjernFos_Xellent\ZMD\ZMD_2_A-_15_20220801@133226.fos -Destination \\aura.dk\DAX\DAXarkiv\DAXNET\DataUdveksling\FjernFos_Xellent\ZMD_2.fos
[2022-08-02 07:21:40:524]: Copy-Item \\aura.dk\DAX\DAXarkiv\DAXNET\DataUdveksling\FjernFos_Xellent\ZMD\ZMD_2_A-_15_20220801@133803.fos -Destination \\aura.dk\DAX\DAXarkiv\DAXNET\DataUdveksling\FjernFos_Xellent\ZMD backup\ZMD_2_A-_15_20220801@133803.fos
[2022-08-02 07:21:40:524]: Error - file already exists on destination: \\aura.dk\DAX\DAXarkiv\DAXNET\DataUdveksling\FjernFos_Xellent\ZMD_2.fos
[2022-08-02 07:21:40:555]: Copy-Item \\aura.dk\DAX\DAXarkiv\DAXNET\DataUdveksling\FjernFos_Xellent\ZMD\ZMD_2_A-_15_20220802@062101.fos -Destination \\aura.dk\DAX\DAXarkiv\DAXNET\DataUdveksling\FjernFos_Xellent\ZMD backup\ZMD_2_A-_15_20220802@062101.fos
[2022-08-02 07:21:40:555]: Error - file already exists on destination: \\aura.dk\DAX\DAXarkiv\DAXNET\DataUdveksling\FjernFos_Xellent\ZMD_2.fos
[2022-08-02 07:21:40:571]: Copy-Item \\aura.dk\DAX\DAXarkiv\DAXNET\DataUdveksling\FjernFos_Xellent\ZMD\ZMD_3_R+_15_20220801@133228.fos -Destination \\aura.dk\DAX\DAXarkiv\DAXNET\DataUdveksling\FjernFos_Xellent\ZMD backup\ZMD_3_R+_15_20220801@133228.fos
[2022-08-02 07:21:40:587]: Move-Item -Path \\aura.dk\DAX\DAXarkiv\DAXNET\DataUdveksling\FjernFos_Xellent\ZMD\ZMD_3_R+_15_20220801@133228.fos -Destination \\aura.dk\DAX\DAXarkiv\DAXNET\DataUdveksling\FjernFos_Xellent\ZMD_3.fos
[2022-08-02 07:21:40:602]: Copy-Item \\aura.dk\DAX\DAXarkiv\DAXNET\DataUdveksling\FjernFos_Xellent\ZMD\ZMD_3_R+_15_20220801@133805.fos -Destination \\aura.dk\DAX\DAXarkiv\DAXNET\DataUdveksling\FjernFos_Xellent\ZMD backup\ZMD_3_R+_15_20220801@133805.fos
[2022-08-02 07:21:40:602]: Error - file already exists on destination: \\aura.dk\DAX\DAXarkiv\DAXNET\DataUdveksling\FjernFos_Xellent\ZMD_3.fos
[2022-08-02 07:21:40:618]: Copy-Item \\aura.dk\DAX\DAXarkiv\DAXNET\DataUdveksling\FjernFos_Xellent\ZMD\ZMD_3_R+_15_20220802@062106.fos -Destination \\aura.dk\DAX\DAXarkiv\DAXNET\DataUdveksling\FjernFos_Xellent\ZMD backup\ZMD_3_R+_15_20220802@062106.fos
[2022-08-02 07:21:40:618]: Error - file already exists on destination: \\aura.dk\DAX\DAXarkiv\DAXNET\DataUdveksling\FjernFos_Xellent\ZMD_3.fos
[2022-08-02 07:21:40:649]: Copy-Item \\aura.dk\DAX\DAXarkiv\DAXNET\DataUdveksling\FjernFos_Xellent\ZMD\ZMD_4_R-_15_20220801@133231.fos -Destination \\aura.dk\DAX\DAXarkiv\DAXNET\DataUdveksling\FjernFos_Xellent\ZMD backup\ZMD_4_R-_15_20220801@133231.fos
[2022-08-02 07:21:40:665]: Move-Item -Path \\aura.dk\DAX\DAXarkiv\DAXNET\DataUdveksling\FjernFos_Xellent\ZMD\ZMD_4_R-_15_20220801@133231.fos -Destination \\aura.dk\DAX\DAXarkiv\DAXNET\DataUdveksling\FjernFos_Xellent\ZMD_4.fos
[2022-08-02 07:21:40:680]: Copy-Item \\aura.dk\DAX\DAXarkiv\DAXNET\DataUdveksling\FjernFos_Xellent\ZMD\ZMD_4_R-_15_20220801@133807.fos -Destination \\aura.dk\DAX\DAXarkiv\DAXNET\DataUdveksling\FjernFos_Xellent\ZMD backup\ZMD_4_R-_15_20220801@133807.fos
[2022-08-02 07:21:40:680]: Error - file already exists on destination: \\aura.dk\DAX\DAXarkiv\DAXNET\DataUdveksling\FjernFos_Xellent\ZMD_4.fos
[2022-08-02 07:21:40:696]: Copy-Item \\aura.dk\DAX\DAXarkiv\DAXNET\DataUdveksling\FjernFos_Xellent\ZMD\ZMD_4_R-_15_20220802@062112.fos -Destination \\aura.dk\DAX\DAXarkiv\DAXNET\DataUdveksling\FjernFos_Xellent\ZMD backup\ZMD_4_R-_15_20220802@062112.fos
[2022-08-02 07:21:40:696]: Error - file already exists on destination: \\aura.dk\DAX\DAXarkiv\DAXNET\DataUdveksling\FjernFos_Xellent\ZMD_4.fos
[2022-08-02 07:22:39:249]: Move-Item \\sftp01\c$\Share\landisgyr\Monthly\monthly_report_20220801.mdp -Destination \\aura.dk\DAX\DAXarkiv\DAXNET\DataUdveksling\Aflaesninger\AIM\monthly_report_20220801.mdp
[2022-08-02 07:22:39:265]: Move-Item \\sftp01\c$\Share\landisgyr\Monthly\monthly_report_20220802.mdp -Destination \\aura.dk\DAX\DAXarkiv\DAXNET\DataUdveksling\Aflaesninger\AIM\monthly_report_20220802.mdp
[2022-08-02 07:22:39:296]: Copy-Item \\aura.dk\DAX\DAXarkiv\DAXNET\DataUdveksling\FjernFos_Xellent\ZMD\ZMD_1_A+_15_20220801@133800.fos -Destination \\aura.dk\DAX\DAXarkiv\DAXNET\DataUdveksling\FjernFos_Xellent\ZMD backup\ZMD_1_A+_15_20220801@133800.fos
[2022-08-02 07:22:39:312]: Move-Item -Path \\aura.dk\DAX\DAXarkiv\DAXNET\DataUdveksling\FjernFos_Xellent\ZMD\ZMD_1_A+_15_20220801@133800.fos -Destination \\aura.dk\DAX\DAXarkiv\DAXNET\DataUdveksling\FjernFos_Xellent\ZMD_1.fos
[2022-08-02 07:22:39:343]: Copy-Item \\aura.dk\DAX\DAXarkiv\DAXNET\DataUdveksling\FjernFos_Xellent\ZMD\ZMD_1_A+_15_20220802@062054.fos -Destination \\aura.dk\DAX\DAXarkiv\DAXNET\DataUdveksling\FjernFos_Xellent\ZMD backup\ZMD_1_A+_15_20220802@062054.fos
[2022-08-02 07:22:39:343]: Error - file already exists on destination: \\aura.dk\DAX\DAXarkiv\DAXNET\DataUdveksling\FjernFos_Xellent\ZMD_1.fos
[2022-08-02 07:22:39:359]: Copy-Item \\aura.dk\DAX\DAXarkiv\DAXNET\DataUdveksling\FjernFos_Xellent\ZMD\ZMD_2_A-_15_20220801@133803.fos -Destination \\aura.dk\DAX\DAXarkiv\DAXNET\DataUdveksling\FjernFos_Xellent\ZMD backup\ZMD_2_A-_15_20220801@133803.fos
[2022-08-02 07:22:39:374]: Move-Item -Path \\aura.dk\DAX\DAXarkiv\DAXNET\DataUdveksling\FjernFos_Xellent\ZMD\ZMD_2_A-_15_20220801@133803.fos -Destination \\aura.dk\DAX\DAXarkiv\DAXNET\DataUdveksling\FjernFos_Xellent\ZMD_2.fos
[2022-08-02 07:22:39:390]: Copy-Item \\aura.dk\DAX\DAXarkiv\DAXNET\DataUdveksling\FjernFos_Xellent\ZMD\ZMD_2_A-_15_20220802@062101.fos -Destination \\aura.dk\DAX\DAXarkiv\DAXNET\DataUdveksling\FjernFos_Xellent\ZMD backup\ZMD_2_A-_15_20220802@062101.fos
[2022-08-02 07:22:39:390]: Error - file already exists on destination: \\aura.dk\DAX\DAXarkiv\DAXNET\DataUdveksling\FjernFos_Xellent\ZMD_2.fos
[2022-08-02 07:22:39:405]: Copy-Item \\aura.dk\DAX\DAXarkiv\DAXNET\DataUdveksling\FjernFos_Xellent\ZMD\ZMD_3_R+_15_20220801@133805.fos -Destination \\aura.dk\DAX\DAXarkiv\DAXNET\DataUdveksling\FjernFos_Xellent\ZMD backup\ZMD_3_R+_15_20220801@133805.fos
[2022-08-02 07:22:39:421]: Move-Item -Path \\aura.dk\DAX\DAXarkiv\DAXNET\DataUdveksling\FjernFos_Xellent\ZMD\ZMD_3_R+_15_20220801@133805.fos -Destination \\aura.dk\DAX\DAXarkiv\DAXNET\DataUdveksling\FjernFos_Xellent\ZMD_3.fos
[2022-08-02 07:22:39:452]: Copy-Item \\aura.dk\DAX\DAXarkiv\DAXNET\DataUdveksling\FjernFos_Xellent\ZMD\ZMD_3_R+_15_20220802@062106.fos -Destination \\aura.dk\DAX\DAXarkiv\DAXNET\DataUdveksling\FjernFos_Xellent\ZMD backup\ZMD_3_R+_15_20220802@062106.fos
[2022-08-02 07:22:39:452]: Error - file already exists on destination: \\aura.dk\DAX\DAXarkiv\DAXNET\DataUdveksling\FjernFos_Xellent\ZMD_3.fos
[2022-08-02 07:22:39:468]: Copy-Item \\aura.dk\DAX\DAXarkiv\DAXNET\DataUdveksling\FjernFos_Xellent\ZMD\ZMD_4_R-_15_20220801@133807.fos -Destination \\aura.dk\DAX\DAXarkiv\DAXNET\DataUdveksling\FjernFos_Xellent\ZMD backup\ZMD_4_R-_15_20220801@133807.fos
[2022-08-02 07:22:39:484]: Move-Item -Path \\aura.dk\DAX\DAXarkiv\DAXNET\DataUdveksling\FjernFos_Xellent\ZMD\ZMD_4_R-_15_20220801@133807.fos -Destination \\aura.dk\DAX\DAXarkiv\DAXNET\DataUdveksling\FjernFos_Xellent\ZMD_4.fos
[2022-08-02 07:22:39:499]: Copy-Item \\aura.dk\DAX\DAXarkiv\DAXNET\DataUdveksling\FjernFos_Xellent\ZMD\ZMD_4_R-_15_20220802@062112.fos -Destination \\aura.dk\DAX\DAXarkiv\DAXNET\DataUdveksling\FjernFos_Xellent\ZMD backup\ZMD_4_R-_15_20220802@062112.fos
[2022-08-02 07:22:39:515]: Error - file already exists on destination: \\aura.dk\DAX\DAXarkiv\DAXNET\DataUdveksling\FjernFos_Xellent\ZMD_4.fos
[2022-08-02 07:22:40:709]: Copy-Item \\aura.dk\DAX\DAXarkiv\DAXNET\DataUdveksling\FjernFos_Xellent\ZMD\ZMD_1_A+_15_20220802@062054.fos -Destination \\aura.dk\DAX\DAXarkiv\DAXNET\DataUdveksling\FjernFos_Xellent\ZMD backup\ZMD_1_A+_15_20220802@062054.fos
[2022-08-02 07:22:40:725]: Error - file already exists on destination: \\aura.dk\DAX\DAXarkiv\DAXNET\DataUdveksling\FjernFos_Xellent\ZMD_1.fos
[2022-08-02 07:22:40:740]: Copy-Item \\aura.dk\DAX\DAXarkiv\DAXNET\DataUdveksling\FjernFos_Xellent\ZMD\ZMD_2_A-_15_20220802@062101.fos -Destination \\aura.dk\DAX\DAXarkiv\DAXNET\DataUdveksling\FjernFos_Xellent\ZMD backup\ZMD_2_A-_15_20220802@062101.fos
[2022-08-02 07:22:40:740]: Error - file already exists on destination: \\aura.dk\DAX\DAXarkiv\DAXNET\DataUdveksling\FjernFos_Xellent\ZMD_2.fos
[2022-08-02 07:22:40:756]: Copy-Item \\aura.dk\DAX\DAXarkiv\DAXNET\DataUdveksling\FjernFos_Xellent\ZMD\ZMD_3_R+_15_20220802@062106.fos -Destination \\aura.dk\DAX\DAXarkiv\DAXNET\DataUdveksling\FjernFos_Xellent\ZMD backup\ZMD_3_R+_15_20220802@062106.fos
[2022-08-02 07:22:40:772]: Error - file already exists on destination: \\aura.dk\DAX\DAXarkiv\DAXNET\DataUdveksling\FjernFos_Xellent\ZMD_3.fos
[2022-08-02 07:22:40:787]: Copy-Item \\aura.dk\DAX\DAXarkiv\DAXNET\DataUdveksling\FjernFos_Xellent\ZMD\ZMD_4_R-_15_20220802@062112.fos -Destination \\aura.dk\DAX\DAXarkiv\DAXNET\DataUdveksling\FjernFos_Xellent\ZMD backup\ZMD_4_R-_15_20220802@062112.fos
[2022-08-02 07:22:40:787]: Error - file already exists on destination: \\aura.dk\DAX\DAXarkiv\DAXNET\DataUdveksling\FjernFos_Xellent\ZMD_4.fos
[2022-08-02 07:23:39:913]: Copy-Item \\aura.dk\DAX\DAXarkiv\DAXNET\DataUdveksling\FjernFos_Xellent\ZMD\ZMD_1_A+_15_20220802@062054.fos -Destination \\aura.dk\DAX\DAXarkiv\DAXNET\DataUdveksling\FjernFos_Xellent\ZMD backup\ZMD_1_A+_15_20220802@062054.fos
[2022-08-02 07:23:39:929]: Error - file already exists on destination: \\aura.dk\DAX\DAXarkiv\DAXNET\DataUdveksling\FjernFos_Xellent\ZMD_1.fos
[2022-08-02 07:23:39:944]: Copy-Item \\aura.dk\DAX\DAXarkiv\DAXNET\DataUdveksling\FjernFos_Xellent\ZMD\ZMD_2_A-_15_20220802@062101.fos -Destination \\aura.dk\DAX\DAXarkiv\DAXNET\DataUdveksling\FjernFos_Xellent\ZMD backup\ZMD_2_A-_15_20220802@062101.fos
[2022-08-02 07:23:39:944]: Error - file already exists on destination: \\aura.dk\DAX\DAXarkiv\DAXNET\DataUdveksling\FjernFos_Xellent\ZMD_2.fos
[2022-08-02 07:23:39:960]: Copy-Item \\aura.dk\DAX\DAXarkiv\DAXNET\DataUdveksling\FjernFos_Xellent\ZMD\ZMD_3_R+_15_20220802@062106.fos -Destination \\aura.dk\DAX\DAXarkiv\DAXNET\DataUdveksling\FjernFos_Xellent\ZMD backup\ZMD_3_R+_15_20220802@062106.fos
[2022-08-02 07:23:39:960]: Error - file already exists on destination: \\aura.dk\DAX\DAXarkiv\DAXNET\DataUdveksling\FjernFos_Xellent\ZMD_3.fos
[2022-08-02 07:23:39:976]: Copy-Item \\aura.dk\DAX\DAXarkiv\DAXNET\DataUdveksling\FjernFos_Xellent\ZMD\ZMD_4_R-_15_20220802@062112.fos -Destination \\aura.dk\DAX\DAXarkiv\DAXNET\DataUdveksling\FjernFos_Xellent\ZMD backup\ZMD_4_R-_15_20220802@062112.fos
[2022-08-02 07:23:39:991]: Error - file already exists on destination: \\aura.dk\DAX\DAXarkiv\DAXNET\DataUdveksling\FjernFos_Xellent\ZMD_4.fos
[2022-08-02 07:24:39:254]: Copy-Item \\aura.dk\DAX\DAXarkiv\DAXNET\DataUdveksling\FjernFos_Xellent\ZMD\ZMD_1_A+_15_20220802@062054.fos -Destination \\aura.dk\DAX\DAXarkiv\DAXNET\DataUdveksling\FjernFos_Xellent\ZMD backup\ZMD_1_A+_15_20220802@062054.fos
[2022-08-02 07:24:39:285]: Move-Item -Path \\aura.dk\DAX\DAXarkiv\DAXNET\DataUdveksling\FjernFos_Xellent\ZMD\ZMD_1_A+_15_20220802@062054.fos -Destination \\aura.dk\DAX\DAXarkiv\DAXNET\DataUdveksling\FjernFos_Xellent\ZMD_1.fos
[2022-08-02 07:24:39:300]: Copy-Item \\aura.dk\DAX\DAXarkiv\DAXNET\DataUdveksling\FjernFos_Xellent\ZMD\ZMD_2_A-_15_20220802@062101.fos -Destination \\aura.dk\DAX\DAXarkiv\DAXNET\DataUdveksling\FjernFos_Xellent\ZMD backup\ZMD_2_A-_15_20220802@062101.fos
[2022-08-02 07:24:39:300]: Move-Item -Path \\aura.dk\DAX\DAXarkiv\DAXNET\DataUdveksling\FjernFos_Xellent\ZMD\ZMD_2_A-_15_20220802@062101.fos -Destination \\aura.dk\DAX\DAXarkiv\DAXNET\DataUdveksling\FjernFos_Xellent\ZMD_2.fos
[2022-08-02 07:24:39:332]: Copy-Item \\aura.dk\DAX\DAXarkiv\DAXNET\DataUdveksling\FjernFos_Xellent\ZMD\ZMD_3_R+_15_20220802@062106.fos -Destination \\aura.dk\DAX\DAXarkiv\DAXNET\DataUdveksling\FjernFos_Xellent\ZMD backup\ZMD_3_R+_15_20220802@062106.fos
[2022-08-02 07:24:39:332]: Move-Item -Path \\aura.dk\DAX\DAXarkiv\DAXNET\DataUdveksling\FjernFos_Xellent\ZMD\ZMD_3_R+_15_20220802@062106.fos -Destination \\aura.dk\DAX\DAXarkiv\DAXNET\DataUdveksling\FjernFos_Xellent\ZMD_3.fos
[2022-08-02 07:24:39:347]: Copy-Item \\aura.dk\DAX\DAXarkiv\DAXNET\DataUdveksling\FjernFos_Xellent\ZMD\ZMD_4_R-_15_20220802@062112.fos -Destination \\aura.dk\DAX\DAXarkiv\DAXNET\DataUdveksling\FjernFos_Xellent\ZMD backup\ZMD_4_R-_15_20220802@062112.fos
[2022-08-02 07:24:39:363]: Move-Item -Path \\aura.dk\DAX\DAXarkiv\DAXNET\DataUdveksling\FjernFos_Xellent\ZMD\ZMD_4_R-_15_20220802@062112.fos -Destination \\aura.dk\DAX\DAXarkiv\DAXNET\DataUdveksling\FjernFos_Xellent\ZMD_4.fos
[2022-08-02 07:52:39:258]: - Success - Move-Item \\sftp01\c$\Share\landisgyr\FOS\ZMD_1_A+_15_20220802@065137.fos -Destination "\\aura.dk\DAX\DAXarkiv\DAXNET\DataUdveksling\FjernFos_Xellent\ZMD\ZMD_1_A+_15_20220802@065137.fos"
[2022-08-02 07:52:39:383]: - Success - Move-Item \\sftp01\c$\Share\landisgyr\FOS\ZMD_2_A-_15_20220802@065139.fos -Destination "\\aura.dk\DAX\DAXarkiv\DAXNET\DataUdveksling\FjernFos_Xellent\ZMD\ZMD_2_A-_15_20220802@065139.fos"
[2022-08-02 07:52:39:414]: - Success - Move-Item \\sftp01\c$\Share\landisgyr\FOS\ZMD_3_R+_15_20220802@065141.fos -Destination "\\aura.dk\DAX\DAXarkiv\DAXNET\DataUdveksling\FjernFos_Xellent\ZMD\ZMD_3_R+_15_20220802@065141.fos"
[2022-08-02 07:52:39:446]: - Success - Move-Item \\sftp01\c$\Share\landisgyr\FOS\ZMD_4_R-_15_20220802@065143.fos -Destination "\\aura.dk\DAX\DAXarkiv\DAXNET\DataUdveksling\FjernFos_Xellent\ZMD\ZMD_4_R-_15_20220802@065143.fos"
[2022-08-02 07:52:39:477]: Copy-Item \\aura.dk\DAX\DAXarkiv\DAXNET\DataUdveksling\FjernFos_Xellent\ZMD\ZMD_1_A+_15_20220802@065137.fos -Destination \\aura.dk\DAX\DAXarkiv\DAXNET\DataUdveksling\FjernFos_Xellent\ZMD backup\ZMD_1_A+_15_20220802@065137.fos
[2022-08-02 07:52:39:508]: Move-Item -Path \\aura.dk\DAX\DAXarkiv\DAXNET\DataUdveksling\FjernFos_Xellent\ZMD\ZMD_1_A+_15_20220802@065137.fos -Destination \\aura.dk\DAX\DAXarkiv\DAXNET\DataUdveksling\FjernFos_Xellent\ZMD_1.fos
[2022-08-02 07:52:39:524]: Copy-Item \\aura.dk\DAX\DAXarkiv\DAXNET\DataUdveksling\FjernFos_Xellent\ZMD\ZMD_2_A-_15_20220802@065139.fos -Destination \\aura.dk\DAX\DAXarkiv\DAXNET\DataUdveksling\FjernFos_Xellent\ZMD backup\ZMD_2_A-_15_20220802@065139.fos
[2022-08-02 07:52:39:539]: Move-Item -Path \\aura.dk\DAX\DAXarkiv\DAXNET\DataUdveksling\FjernFos_Xellent\ZMD\ZMD_2_A-_15_20220802@065139.fos -Destination \\aura.dk\DAX\DAXarkiv\DAXNET\DataUdveksling\FjernFos_Xellent\ZMD_2.fos
[2022-08-02 07:52:39:555]: Copy-Item \\aura.dk\DAX\DAXarkiv\DAXNET\DataUdveksling\FjernFos_Xellent\ZMD\ZMD_3_R+_15_20220802@065141.fos -Destination \\aura.dk\DAX\DAXarkiv\DAXNET\DataUdveksling\FjernFos_Xellent\ZMD backup\ZMD_3_R+_15_20220802@065141.fos
[2022-08-02 07:52:39:555]: Move-Item -Path \\aura.dk\DAX\DAXarkiv\DAXNET\DataUdveksling\FjernFos_Xellent\ZMD\ZMD_3_R+_15_20220802@065141.fos -Destination \\aura.dk\DAX\DAXarkiv\DAXNET\DataUdveksling\FjernFos_Xellent\ZMD_3.fos
[2022-08-02 07:52:39:571]: Copy-Item \\aura.dk\DAX\DAXarkiv\DAXNET\DataUdveksling\FjernFos_Xellent\ZMD\ZMD_4_R-_15_20220802@065143.fos -Destination \\aura.dk\DAX\DAXarkiv\DAXNET\DataUdveksling\FjernFos_Xellent\ZMD backup\ZMD_4_R-_15_20220802@065143.fos
[2022-08-02 07:52:39:586]: Move-Item -Path \\aura.dk\DAX\DAXarkiv\DAXNET\DataUdveksling\FjernFos_Xellent\ZMD\ZMD_4_R-_15_20220802@065143.fos -Destination \\aura.dk\DAX\DAXarkiv\DAXNET\DataUdveksling\FjernFos_Xellent\ZMD_4.fos
[2022-08-02 09:15:40:010]: Move-Item \\sftp01\c$\Share\landisgyr\Monthly\monthly_report_20220802.mdp -Destination \\aura.dk\DAX\DAXarkiv\DAXNET\DataUdveksling\Aflaesninger\AIM\monthly_report_20220802.mdp
[2022-08-02 09:16:39:320]: Move-Item \\sftp01\c$\Share\landisgyr\Monthly\monthly_report_20220802.mdp -Destination \\aura.dk\DAX\DAXarkiv\DAXNET\DataUdveksling\Aflaesninger\AIM\monthly_report_20220802.mdp
[2022-08-02 09:16:40:751]: Move-Item \\sftp01\c$\Share\landisgyr\Monthly\monthly_report_20220802.mdp -Destination \\aura.dk\DAX\DAXarkiv\DAXNET\DataUdveksling\Aflaesninger\AIM\monthly_report_20220802.mdp
[2022-08-02 09:17:39:992]: Move-Item \\sftp01\c$\Share\landisgyr\Monthly\monthly_report_20220802.mdp -Destination \\aura.dk\DAX\DAXarkiv\DAXNET\DataUdveksling\Aflaesninger\AIM\monthly_report_20220802.mdp
[2022-08-02 09:18:39:344]: Move-Item \\sftp01\c$\Share\landisgyr\Monthly\monthly_report_20220802.mdp -Destination \\aura.dk\DAX\DAXarkiv\DAXNET\DataUdveksling\Aflaesninger\AIM\monthly_report_20220802.mdp
[2022-08-02 09:18:40:776]: Move-Item \\sftp01\c$\Share\landisgyr\Monthly\monthly_report_20220802.mdp -Destination \\aura.dk\DAX\DAXarkiv\DAXNET\DataUdveksling\Aflaesninger\AIM\monthly_report_20220802.mdp
[2022-08-02 09:19:39:971]: Move-Item \\sftp01\c$\Share\landisgyr\Monthly\monthly_report_20220802.mdp -Destination \\aura.dk\DAX\DAXarkiv\DAXNET\DataUdveksling\Aflaesninger\AIM\monthly_report_20220802.mdp
[2022-08-02 09:20:39:348]: Move-Item \\sftp01\c$\Share\landisgyr\Monthly\monthly_report_20220802.mdp -Destination \\aura.dk\DAX\DAXarkiv\DAXNET\DataUdveksling\Aflaesninger\AIM\monthly_report_20220802.mdp
[2022-08-02 09:20:40:786]: Move-Item \\sftp01\c$\Share\landisgyr\Monthly\monthly_report_20220802.mdp -Destination \\aura.dk\DAX\DAXarkiv\DAXNET\DataUdveksling\Aflaesninger\AIM\monthly_report_20220802.mdp
[2022-08-02 09:21:39:959]: Move-Item \\sftp01\c$\Share\landisgyr\Monthly\monthly_report_20220802.mdp -Destination \\aura.dk\DAX\DAXarkiv\DAXNET\DataUdveksling\Aflaesninger\AIM\monthly_report_20220802.mdp
[2022-08-02 09:22:39:313]: Move-Item \\sftp01\c$\Share\landisgyr\Monthly\monthly_report_20220802.mdp -Destination \\aura.dk\DAX\DAXarkiv\DAXNET\DataUdveksling\Aflaesninger\AIM\monthly_report_20220802.mdp
[2022-08-02 09:22:40:766]: Move-Item \\sftp01\c$\Share\landisgyr\Monthly\monthly_report_20220802.mdp -Destination \\aura.dk\DAX\DAXarkiv\DAXNET\DataUdveksling\Aflaesninger\AIM\monthly_report_20220802.mdp
[2022-08-02 09:23:39:980]: Move-Item \\sftp01\c$\Share\landisgyr\Monthly\monthly_report_20220802.mdp -Destination \\aura.dk\DAX\DAXarkiv\DAXNET\DataUdveksling\Aflaesninger\AIM\monthly_report_20220802.mdp
[2022-08-02 09:24:39:467]: Move-Item \\sftp01\c$\Share\landisgyr\Monthly\monthly_report_20220802.mdp -Destination \\aura.dk\DAX\DAXarkiv\DAXNET\DataUdveksling\Aflaesninger\AIM\monthly_report_20220802.mdp
[2022-08-02 09:24:40:764]: Move-Item \\sftp01\c$\Share\landisgyr\Monthly\monthly_report_20220802.mdp -Destination \\aura.dk\DAX\DAXarkiv\DAXNET\DataUdveksling\Aflaesninger\AIM\monthly_report_20220802.mdp
[2022-08-02 09:25:40:026]: Move-Item \\sftp01\c$\Share\landisgyr\Monthly\monthly_report_20220802.mdp -Destination \\aura.dk\DAX\DAXarkiv\DAXNET\DataUdveksling\Aflaesninger\AIM\monthly_report_20220802.mdp
[2022-08-02 09:26:39:286]: Move-Item \\sftp01\c$\Share\landisgyr\Monthly\monthly_report_20220802.mdp -Destination \\aura.dk\DAX\DAXarkiv\DAXNET\DataUdveksling\Aflaesninger\AIM\monthly_report_20220802.mdp
[2022-08-02 09:26:40:766]: Move-Item \\sftp01\c$\Share\landisgyr\Monthly\monthly_report_20220802.mdp -Destination \\aura.dk\DAX\DAXarkiv\DAXNET\DataUdveksling\Aflaesninger\AIM\monthly_report_20220802.mdp
[2022-08-02 09:27:40:140]: Move-Item \\sftp01\c$\Share\landisgyr\Monthly\monthly_report_20220802.mdp -Destination \\aura.dk\DAX\DAXarkiv\DAXNET\DataUdveksling\Aflaesninger\AIM\monthly_report_20220802.mdp
[2022-08-02 09:28:39:333]: Move-Item \\sftp01\c$\Share\landisgyr\Monthly\monthly_report_20220802.mdp -Destination \\aura.dk\DAX\DAXarkiv\DAXNET\DataUdveksling\Aflaesninger\AIM\monthly_report_20220802.mdp
[2022-08-02 09:28:40:818]: Move-Item \\sftp01\c$\Share\landisgyr\Monthly\monthly_report_20220802.mdp -Destination \\aura.dk\DAX\DAXarkiv\DAXNET\DataUdveksling\Aflaesninger\AIM\monthly_report_20220802.mdp
[2022-08-02 09:29:39:986]: Move-Item \\sftp01\c$\Share\landisgyr\Monthly\monthly_report_20220802.mdp -Destination \\aura.dk\DAX\DAXarkiv\DAXNET\DataUdveksling\Aflaesninger\AIM\monthly_report_20220802.mdp
[2022-08-02 09:30:39:309]: Move-Item \\sftp01\c$\Share\landisgyr\Monthly\monthly_report_20220802.mdp -Destination \\aura.dk\DAX\DAXarkiv\DAXNET\DataUdveksling\Aflaesninger\AIM\monthly_report_20220802.mdp
[2022-08-02 09:30:40:856]: Move-Item \\sftp01\c$\Share\landisgyr\Monthly\monthly_report_20220802.mdp -Destination \\aura.dk\DAX\DAXarkiv\DAXNET\DataUdveksling\Aflaesninger\AIM\monthly_report_20220802.mdp
[2022-08-02 09:31:39:977]: Move-Item \\sftp01\c$\Share\landisgyr\Monthly\monthly_report_20220802.mdp -Destination \\aura.dk\DAX\DAXarkiv\DAXNET\DataUdveksling\Aflaesninger\AIM\monthly_report_20220802.mdp
[2022-08-02 09:32:39:326]: Move-Item \\sftp01\c$\Share\landisgyr\Monthly\monthly_report_20220802.mdp -Destination \\aura.dk\DAX\DAXarkiv\DAXNET\DataUdveksling\Aflaesninger\AIM\monthly_report_20220802.mdp
[2022-08-02 09:32:40:843]: Move-Item \\sftp01\c$\Share\landisgyr\Monthly\monthly_report_20220802.mdp -Destination \\aura.dk\DAX\DAXarkiv\DAXNET\DataUdveksling\Aflaesninger\AIM\monthly_report_20220802.mdp
[2022-08-02 09:33:39:961]: Move-Item \\sftp01\c$\Share\landisgyr\Monthly\monthly_report_20220802.mdp -Destination \\aura.dk\DAX\DAXarkiv\DAXNET\DataUdveksling\Aflaesninger\AIM\monthly_report_20220802.mdp
[2022-08-02 09:34:39:345]: Move-Item \\sftp01\c$\Share\landisgyr\Monthly\monthly_report_20220802.mdp -Destination \\aura.dk\DAX\DAXarkiv\DAXNET\DataUdveksling\Aflaesninger\AIM\monthly_report_20220802.mdp
[2022-08-02 09:34:40:787]: Move-Item \\sftp01\c$\Share\landisgyr\Monthly\monthly_report_20220802.mdp -Destination \\aura.dk\DAX\DAXarkiv\DAXNET\DataUdveksling\Aflaesninger\AIM\monthly_report_20220802.mdp
[2022-08-02 09:35:39:953]: Move-Item \\sftp01\c$\Share\landisgyr\Monthly\monthly_report_20220802.mdp -Destination \\aura.dk\DAX\DAXarkiv\DAXNET\DataUdveksling\Aflaesninger\AIM\monthly_report_20220802.mdp
[2022-08-02 09:36:39:315]: Move-Item \\sftp01\c$\Share\landisgyr\Monthly\monthly_report_20220802.mdp -Destination \\aura.dk\DAX\DAXarkiv\DAXNET\DataUdveksling\Aflaesninger\AIM\monthly_report_20220802.mdp
[2022-08-02 09:36:40:784]: Move-Item \\sftp01\c$\Share\landisgyr\Monthly\monthly_report_20220802.mdp -Destination \\aura.dk\DAX\DAXarkiv\DAXNET\DataUdveksling\Aflaesninger\AIM\monthly_report_20220802.mdp
[2022-08-02 09:37:39:960]: Move-Item \\sftp01\c$\Share\landisgyr\Monthly\monthly_report_20220802.mdp -Destination \\aura.dk\DAX\DAXarkiv\DAXNET\DataUdveksling\Aflaesninger\AIM\monthly_report_20220802.mdp
[2022-08-02 09:38:39:319]: Move-Item \\sftp01\c$\Share\landisgyr\Monthly\monthly_report_20220802.mdp -Destination \\aura.dk\DAX\DAXarkiv\DAXNET\DataUdveksling\Aflaesninger\AIM\monthly_report_20220802.mdp
[2022-08-02 09:38:40:789]: Move-Item \\sftp01\c$\Share\landisgyr\Monthly\monthly_report_20220802.mdp -Destination \\aura.dk\DAX\DAXarkiv\DAXNET\DataUdveksling\Aflaesninger\AIM\monthly_report_20220802.mdp
[2022-08-02 09:39:39:981]: Move-Item \\sftp01\c$\Share\landisgyr\Monthly\monthly_report_20220802.mdp -Destination \\aura.dk\DAX\DAXarkiv\DAXNET\DataUdveksling\Aflaesninger\AIM\monthly_report_20220802.mdp
[2022-08-02 09:40:39:349]: Move-Item \\sftp01\c$\Share\landisgyr\Monthly\monthly_report_20220802.mdp -Destination \\aura.dk\DAX\DAXarkiv\DAXNET\DataUdveksling\Aflaesninger\AIM\monthly_report_20220802.mdp
[2022-08-02 09:40:40:786]: Move-Item \\sftp01\c$\Share\landisgyr\Monthly\monthly_report_20220802.mdp -Destination \\aura.dk\DAX\DAXarkiv\DAXNET\DataUdveksling\Aflaesninger\AIM\monthly_report_20220802.mdp
[2022-08-02 09:41:39:976]: Move-Item \\sftp01\c$\Share\landisgyr\Monthly\monthly_report_20220802.mdp -Destination \\aura.dk\DAX\DAXarkiv\DAXNET\DataUdveksling\Aflaesninger\AIM\monthly_report_20220802.mdp
[2022-08-02 09:42:39:312]: Move-Item \\sftp01\c$\Share\landisgyr\Monthly\monthly_report_20220802.mdp -Destination \\aura.dk\DAX\DAXarkiv\DAXNET\DataUdveksling\Aflaesninger\AIM\monthly_report_20220802.mdp
[2022-08-02 09:42:40:787]: Move-Item \\sftp01\c$\Share\landisgyr\Monthly\monthly_report_20220802.mdp -Destination \\aura.dk\DAX\DAXarkiv\DAXNET\DataUdveksling\Aflaesninger\AIM\monthly_report_20220802.mdp
[2022-08-02 09:43:39:989]: Move-Item \\sftp01\c$\Share\landisgyr\Monthly\monthly_report_20220802.mdp -Destination \\aura.dk\DAX\DAXarkiv\DAXNET\DataUdveksling\Aflaesninger\AIM\monthly_report_20220802.mdp
[2022-08-02 09:44:39:325]: Move-Item \\sftp01\c$\Share\landisgyr\Monthly\monthly_report_20220802.mdp -Destination \\aura.dk\DAX\DAXarkiv\DAXNET\DataUdveksling\Aflaesninger\AIM\monthly_report_20220802.mdp
[2022-08-02 09:44:40:762]: Move-Item \\sftp01\c$\Share\landisgyr\Monthly\monthly_report_20220802.mdp -Destination \\aura.dk\DAX\DAXarkiv\DAXNET\DataUdveksling\Aflaesninger\AIM\monthly_report_20220802.mdp
[2022-08-02 09:45:40:014]: Move-Item \\sftp01\c$\Share\landisgyr\Monthly\monthly_report_20220802.mdp -Destination \\aura.dk\DAX\DAXarkiv\DAXNET\DataUdveksling\Aflaesninger\AIM\monthly_report_20220802.mdp
[2022-08-02 09:46:39:313]: Move-Item \\sftp01\c$\Share\landisgyr\Monthly\monthly_report_20220802.mdp -Destination \\aura.dk\DAX\DAXarkiv\DAXNET\DataUdveksling\Aflaesninger\AIM\monthly_report_20220802.mdp
[2022-08-02 09:46:40:766]: Move-Item \\sftp01\c$\Share\landisgyr\Monthly\monthly_report_20220802.mdp -Destination \\aura.dk\DAX\DAXarkiv\DAXNET\DataUdveksling\Aflaesninger\AIM\monthly_report_20220802.mdp
[2022-08-02 09:47:39:978]: Move-Item \\sftp01\c$\Share\landisgyr\Monthly\monthly_report_20220802.mdp -Destination \\aura.dk\DAX\DAXarkiv\DAXNET\DataUdveksling\Aflaesninger\AIM\monthly_report_20220802.mdp
[2022-08-02 09:48:39:333]: Move-Item \\sftp01\c$\Share\landisgyr\Monthly\monthly_report_20220802.mdp -Destination \\aura.dk\DAX\DAXarkiv\DAXNET\DataUdveksling\Aflaesninger\AIM\monthly_report_20220802.mdp
[2022-08-02 09:48:40:804]: Move-Item \\sftp01\c$\Share\landisgyr\Monthly\monthly_report_20220802.mdp -Destination \\aura.dk\DAX\DAXarkiv\DAXNET\DataUdveksling\Aflaesninger\AIM\monthly_report_20220802.mdp
[2022-08-02 09:49:39:996]: Move-Item \\sftp01\c$\Share\landisgyr\Monthly\monthly_report_20220802.mdp -Destination \\aura.dk\DAX\DAXarkiv\DAXNET\DataUdveksling\Aflaesninger\AIM\monthly_report_20220802.mdp
[2022-08-02 09:50:39:313]: Move-Item \\sftp01\c$\Share\landisgyr\Monthly\monthly_report_20220802.mdp -Destination \\aura.dk\DAX\DAXarkiv\DAXNET\DataUdveksling\Aflaesninger\AIM\monthly_report_20220802.mdp
[2022-08-02 09:50:40:767]: Move-Item \\sftp01\c$\Share\landisgyr\Monthly\monthly_report_20220802.mdp -Destination \\aura.dk\DAX\DAXarkiv\DAXNET\DataUdveksling\Aflaesninger\AIM\monthly_report_20220802.mdp
[2022-08-02 09:51:40:029]: Move-Item \\sftp01\c$\Share\landisgyr\Monthly\monthly_report_20220802.mdp -Destination \\aura.dk\DAX\DAXarkiv\DAXNET\DataUdveksling\Aflaesninger\AIM\monthly_report_20220802.mdp
[2022-08-02 09:52:39:313]: Move-Item \\sftp01\c$\Share\landisgyr\Monthly\monthly_report_20220802.mdp -Destination \\aura.dk\DAX\DAXarkiv\DAXNET\DataUdveksling\Aflaesninger\AIM\monthly_report_20220802.mdp
[2022-08-02 09:52:40:766]: Move-Item \\sftp01\c$\Share\landisgyr\Monthly\monthly_report_20220802.mdp -Destination \\aura.dk\DAX\DAXarkiv\DAXNET\DataUdveksling\Aflaesninger\AIM\monthly_report_20220802.mdp
[2022-08-02 09:53:39:977]: Move-Item \\sftp01\c$\Share\landisgyr\Monthly\monthly_report_20220802.mdp -Destination \\aura.dk\DAX\DAXarkiv\DAXNET\DataUdveksling\Aflaesninger\AIM\monthly_report_20220802.mdp
[2022-08-02 09:54:39:328]: Move-Item \\sftp01\c$\Share\landisgyr\Monthly\monthly_report_20220802.mdp -Destination \\aura.dk\DAX\DAXarkiv\DAXNET\DataUdveksling\Aflaesninger\AIM\monthly_report_20220802.mdp
[2022-08-02 09:54:40:766]: Move-Item \\sftp01\c$\Share\landisgyr\Monthly\monthly_report_20220802.mdp -Destination \\aura.dk\DAX\DAXarkiv\DAXNET\DataUdveksling\Aflaesninger\AIM\monthly_report_20220802.mdp
[2022-08-02 09:55:40:088]: Move-Item \\sftp01\c$\Share\landisgyr\Monthly\monthly_report_20220802.mdp -Destination \\aura.dk\DAX\DAXarkiv\DAXNET\DataUdveksling\Aflaesninger\AIM\monthly_report_20220802.mdp
[2022-08-02 09:56:39:305]: Move-Item \\sftp01\c$\Share\landisgyr\Monthly\monthly_report_20220802.mdp -Destination \\aura.dk\DAX\DAXarkiv\DAXNET\DataUdveksling\Aflaesninger\AIM\monthly_report_20220802.mdp
[2022-08-02 09:56:40:821]: Move-Item \\sftp01\c$\Share\landisgyr\Monthly\monthly_report_20220802.mdp -Destination \\aura.dk\DAX\DAXarkiv\DAXNET\DataUdveksling\Aflaesninger\AIM\monthly_report_20220802.mdp
[2022-08-02 09:57:40:029]: Move-Item \\sftp01\c$\Share\landisgyr\Monthly\monthly_report_20220802.mdp -Destination \\aura.dk\DAX\DAXarkiv\DAXNET\DataUdveksling\Aflaesninger\AIM\monthly_report_20220802.mdp
[2022-08-02 09:58:39:329]: Move-Item \\sftp01\c$\Share\landisgyr\Monthly\monthly_report_20220802.mdp -Destination \\aura.dk\DAX\DAXarkiv\DAXNET\DataUdveksling\Aflaesninger\AIM\monthly_report_20220802.mdp
[2022-08-02 09:58:40:783]: Move-Item \\sftp01\c$\Share\landisgyr\Monthly\monthly_report_20220802.mdp -Destination \\aura.dk\DAX\DAXarkiv\DAXNET\DataUdveksling\Aflaesninger\AIM\monthly_report_20220802.mdp
[2022-08-02 09:59:39:987]: Move-Item \\sftp01\c$\Share\landisgyr\Monthly\monthly_report_20220802.mdp -Destination \\aura.dk\DAX\DAXarkiv\DAXNET\DataUdveksling\Aflaesninger\AIM\monthly_report_20220802.mdp
[2022-08-02 10:00:39:322]: Move-Item \\sftp01\c$\Share\landisgyr\Monthly\monthly_report_20220802.mdp -Destination \\aura.dk\DAX\DAXarkiv\DAXNET\DataUdveksling\Aflaesninger\AIM\monthly_report_20220802.mdp
[2022-08-02 10:00:40:807]: Move-Item \\sftp01\c$\Share\landisgyr\Monthly\monthly_report_20220802.mdp -Destination \\aura.dk\DAX\DAXarkiv\DAXNET\DataUdveksling\Aflaesninger\AIM\monthly_report_20220802.mdp
[2022-08-02 10:01:40:015]: Move-Item \\sftp01\c$\Share\landisgyr\Monthly\monthly_report_20220802.mdp -Destination \\aura.dk\DAX\DAXarkiv\DAXNET\DataUdveksling\Aflaesninger\AIM\monthly_report_20220802.mdp
[2022-08-02 10:02:39:289]: Move-Item \\sftp01\c$\Share\landisgyr\Monthly\monthly_report_20220802.mdp -Destination \\aura.dk\DAX\DAXarkiv\DAXNET\DataUdveksling\Aflaesninger\AIM\monthly_report_20220802.mdp
[2022-08-02 10:02:40:791]: Move-Item \\sftp01\c$\Share\landisgyr\Monthly\monthly_report_20220802.mdp -Destination \\aura.dk\DAX\DAXarkiv\DAXNET\DataUdveksling\Aflaesninger\AIM\monthly_report_20220802.mdp
[2022-08-02 10:03:40:003]: Move-Item \\sftp01\c$\Share\landisgyr\Monthly\monthly_report_20220802.mdp -Destination \\aura.dk\DAX\DAXarkiv\DAXNET\DataUdveksling\Aflaesninger\AIM\monthly_report_20220802.mdp
[2022-08-02 10:04:39:329]: Move-Item \\sftp01\c$\Share\landisgyr\Monthly\monthly_report_20220802.mdp -Destination \\aura.dk\DAX\DAXarkiv\DAXNET\DataUdveksling\Aflaesninger\AIM\monthly_report_20220802.mdp
[2022-08-02 10:04:40:782]: Move-Item \\sftp01\c$\Share\landisgyr\Monthly\monthly_report_20220802.mdp -Destination \\aura.dk\DAX\DAXarkiv\DAXNET\DataUdveksling\Aflaesninger\AIM\monthly_report_20220802.mdp
[2022-08-02 10:05:40:009]: Move-Item \\sftp01\c$\Share\landisgyr\Monthly\monthly_report_20220802.mdp -Destination \\aura.dk\DAX\DAXarkiv\DAXNET\DataUdveksling\Aflaesninger\AIM\monthly_report_20220802.mdp
[2022-08-02 10:06:39:319]: Move-Item \\sftp01\c$\Share\landisgyr\Monthly\monthly_report_20220802.mdp -Destination \\aura.dk\DAX\DAXarkiv\DAXNET\DataUdveksling\Aflaesninger\AIM\monthly_report_20220802.mdp
[2022-08-02 10:06:40:788]: Move-Item \\sftp01\c$\Share\landisgyr\Monthly\monthly_report_20220802.mdp -Destination \\aura.dk\DAX\DAXarkiv\DAXNET\DataUdveksling\Aflaesninger\AIM\monthly_report_20220802.mdp
[2022-08-02 10:07:39:968]: Move-Item \\sftp01\c$\Share\landisgyr\Monthly\monthly_report_20220802.mdp -Destination \\aura.dk\DAX\DAXarkiv\DAXNET\DataUdveksling\Aflaesninger\AIM\monthly_report_20220802.mdp
[2022-08-02 10:08:39:345]: Move-Item \\sftp01\c$\Share\landisgyr\Monthly\monthly_report_20220802.mdp -Destination \\aura.dk\DAX\DAXarkiv\DAXNET\DataUdveksling\Aflaesninger\AIM\monthly_report_20220802.mdp
[2022-08-02 10:08:40:814]: Move-Item \\sftp01\c$\Share\landisgyr\Monthly\monthly_report_20220802.mdp -Destination \\aura.dk\DAX\DAXarkiv\DAXNET\DataUdveksling\Aflaesninger\AIM\monthly_report_20220802.mdp
[2022-08-02 10:09:39:984]: Move-Item \\sftp01\c$\Share\landisgyr\Monthly\monthly_report_20220802.mdp -Destination \\aura.dk\DAX\DAXarkiv\DAXNET\DataUdveksling\Aflaesninger\AIM\monthly_report_20220802.mdp
[2022-08-02 10:10:39:358]: Move-Item \\sftp01\c$\Share\landisgyr\Monthly\monthly_report_20220802.mdp -Destination \\aura.dk\DAX\DAXarkiv\DAXNET\DataUdveksling\Aflaesninger\AIM\monthly_report_20220802.mdp
[2022-08-02 10:10:40:780]: Move-Item \\sftp01\c$\Share\landisgyr\Monthly\monthly_report_20220802.mdp -Destination \\aura.dk\DAX\DAXarkiv\DAXNET\DataUdveksling\Aflaesninger\AIM\monthly_report_20220802.mdp
[2022-08-02 10:11:39:974]: Move-Item \\sftp01\c$\Share\landisgyr\Monthly\monthly_report_20220802.mdp -Destination \\aura.dk\DAX\DAXarkiv\DAXNET\DataUdveksling\Aflaesninger\AIM\monthly_report_20220802.mdp
[2022-08-02 10:12:39:344]: Move-Item \\sftp01\c$\Share\landisgyr\Monthly\monthly_report_20220802.mdp -Destination \\aura.dk\DAX\DAXarkiv\DAXNET\DataUdveksling\Aflaesninger\AIM\monthly_report_20220802.mdp
[2022-08-02 10:12:40:784]: Move-Item \\sftp01\c$\Share\landisgyr\Monthly\monthly_report_20220802.mdp -Destination \\aura.dk\DAX\DAXarkiv\DAXNET\DataUdveksling\Aflaesninger\AIM\monthly_report_20220802.mdp
[2022-08-02 10:13:40:019]: Move-Item \\sftp01\c$\Share\landisgyr\Monthly\monthly_report_20220802.mdp -Destination \\aura.dk\DAX\DAXarkiv\DAXNET\DataUdveksling\Aflaesninger\AIM\monthly_report_20220802.mdp
[2022-08-02 10:14:39:344]: Move-Item \\sftp01\c$\Share\landisgyr\Monthly\monthly_report_20220802.mdp -Destination \\aura.dk\DAX\DAXarkiv\DAXNET\DataUdveksling\Aflaesninger\AIM\monthly_report_20220802.mdp
[2022-08-02 10:14:40:788]: Move-Item \\sftp01\c$\Share\landisgyr\Monthly\monthly_report_20220802.mdp -Destination \\aura.dk\DAX\DAXarkiv\DAXNET\DataUdveksling\Aflaesninger\AIM\monthly_report_20220802.mdp
[2022-08-02 10:15:39:972]: Move-Item \\sftp01\c$\Share\landisgyr\Monthly\monthly_report_20220802.mdp -Destination \\aura.dk\DAX\DAXarkiv\DAXNET\DataUdveksling\Aflaesninger\AIM\monthly_report_20220802.mdp
[2022-08-02 10:16:39:303]: Move-Item \\sftp01\c$\Share\landisgyr\Monthly\monthly_report_20220802.mdp -Destination \\aura.dk\DAX\DAXarkiv\DAXNET\DataUdveksling\Aflaesninger\AIM\monthly_report_20220802.mdp
[2022-08-02 10:16:40:789]: Move-Item \\sftp01\c$\Share\landisgyr\Monthly\monthly_report_20220802.mdp -Destination \\aura.dk\DAX\DAXarkiv\DAXNET\DataUdveksling\Aflaesninger\AIM\monthly_report_20220802.mdp
[2022-08-02 10:17:39:990]: Move-Item \\sftp01\c$\Share\landisgyr\Monthly\monthly_report_20220802.mdp -Destination \\aura.dk\DAX\DAXarkiv\DAXNET\DataUdveksling\Aflaesninger\AIM\monthly_report_20220802.mdp
[2022-08-02 10:18:39:329]: Move-Item \\sftp01\c$\Share\landisgyr\Monthly\monthly_report_20220802.mdp -Destination \\aura.dk\DAX\DAXarkiv\DAXNET\DataUdveksling\Aflaesninger\AIM\monthly_report_20220802.mdp
[2022-08-02 10:18:40:798]: Move-Item \\sftp01\c$\Share\landisgyr\Monthly\monthly_report_20220802.mdp -Destination \\aura.dk\DAX\DAXarkiv\DAXNET\DataUdveksling\Aflaesninger\AIM\monthly_report_20220802.mdp
[2022-08-02 10:19:39:995]: Move-Item \\sftp01\c$\Share\landisgyr\Monthly\monthly_report_20220802.mdp -Destination \\aura.dk\DAX\DAXarkiv\DAXNET\DataUdveksling\Aflaesninger\AIM\monthly_report_20220802.mdp
[2022-08-02 10:20:39:316]: Move-Item \\sftp01\c$\Share\landisgyr\Monthly\monthly_report_20220802.mdp -Destination \\aura.dk\DAX\DAXarkiv\DAXNET\DataUdveksling\Aflaesninger\AIM\monthly_report_20220802.mdp
[2022-08-02 10:20:40:785]: Move-Item \\sftp01\c$\Share\landisgyr\Monthly\monthly_report_20220802.mdp -Destination \\aura.dk\DAX\DAXarkiv\DAXNET\DataUdveksling\Aflaesninger\AIM\monthly_report_20220802.mdp
[2022-08-02 10:21:40:036]: Move-Item \\sftp01\c$\Share\landisgyr\Monthly\monthly_report_20220802.mdp -Destination \\aura.dk\DAX\DAXarkiv\DAXNET\DataUdveksling\Aflaesninger\AIM\monthly_report_20220802.mdp
[2022-08-02 10:22:39:365]: Move-Item \\sftp01\c$\Share\landisgyr\Monthly\monthly_report_20220802.mdp -Destination \\aura.dk\DAX\DAXarkiv\DAXNET\DataUdveksling\Aflaesninger\AIM\monthly_report_20220802.mdp
[2022-08-02 10:22:40:803]: Move-Item \\sftp01\c$\Share\landisgyr\Monthly\monthly_report_20220802.mdp -Destination \\aura.dk\DAX\DAXarkiv\DAXNET\DataUdveksling\Aflaesninger\AIM\monthly_report_20220802.mdp
[2022-08-02 10:23:39:967]: Move-Item \\sftp01\c$\Share\landisgyr\Monthly\monthly_report_20220802.mdp -Destination \\aura.dk\DAX\DAXarkiv\DAXNET\DataUdveksling\Aflaesninger\AIM\monthly_report_20220802.mdp
[2022-08-02 10:24:39:307]: Move-Item \\sftp01\c$\Share\landisgyr\Monthly\monthly_report_20220802.mdp -Destination \\aura.dk\DAX\DAXarkiv\DAXNET\DataUdveksling\Aflaesninger\AIM\monthly_report_20220802.mdp
[2022-08-02 10:24:40:778]: Move-Item \\sftp01\c$\Share\landisgyr\Monthly\monthly_report_20220802.mdp -Destination \\aura.dk\DAX\DAXarkiv\DAXNET\DataUdveksling\Aflaesninger\AIM\monthly_report_20220802.mdp
[2022-08-02 10:25:40:016]: Move-Item \\sftp01\c$\Share\landisgyr\Monthly\monthly_report_20220802.mdp -Destination \\aura.dk\DAX\DAXarkiv\DAXNET\DataUdveksling\Aflaesninger\AIM\monthly_report_20220802.mdp
[2022-08-02 10:26:39:175]: Move-Item \\sftp01\c$\Share\landisgyr\Monthly\monthly_report_20220802.mdp -Destination \\aura.dk\DAX\DAXarkiv\DAXNET\DataUdveksling\Aflaesninger\AIM\monthly_report_20220802.mdp
[2022-08-02 10:26:40:769]: Move-Item \\sftp01\c$\Share\landisgyr\Monthly\monthly_report_20220802.mdp -Destination \\aura.dk\DAX\DAXarkiv\DAXNET\DataUdveksling\Aflaesninger\AIM\monthly_report_20220802.mdp
[2022-08-02 10:27:39:983]: Move-Item \\sftp01\c$\Share\landisgyr\Monthly\monthly_report_20220802.mdp -Destination \\aura.dk\DAX\DAXarkiv\DAXNET\DataUdveksling\Aflaesninger\AIM\monthly_report_20220802.mdp
[2022-08-02 10:28:39:192]: Move-Item \\sftp01\c$\Share\landisgyr\Monthly\monthly_report_20220802.mdp -Destination \\aura.dk\DAX\DAXarkiv\DAXNET\DataUdveksling\Aflaesninger\AIM\monthly_report_20220802.mdp
[2022-08-02 10:28:40:770]: Move-Item \\sftp01\c$\Share\landisgyr\Monthly\monthly_report_20220802.mdp -Destination \\aura.dk\DAX\DAXarkiv\DAXNET\DataUdveksling\Aflaesninger\AIM\monthly_report_20220802.mdp
[2022-08-02 10:29:39:992]: Move-Item \\sftp01\c$\Share\landisgyr\Monthly\monthly_report_20220802.mdp -Destination \\aura.dk\DAX\DAXarkiv\DAXNET\DataUdveksling\Aflaesninger\AIM\monthly_report_20220802.mdp
[2022-08-02 10:30:39:974]: Move-Item \\sftp01\c$\Share\landisgyr\Monthly\monthly_report_20220802.mdp -Destination \\aura.dk\DAX\DAXarkiv\DAXNET\DataUdveksling\Aflaesninger\AIM\monthly_report_20220802.mdp
[2022-08-02 10:31:39:986]: Move-Item \\sftp01\c$\Share\landisgyr\Monthly\monthly_report_20220802.mdp -Destination \\aura.dk\DAX\DAXarkiv\DAXNET\DataUdveksling\Aflaesninger\AIM\monthly_report_20220802.mdp
[2022-08-02 10:32:39:977]: Move-Item \\sftp01\c$\Share\landisgyr\Monthly\monthly_report_20220802.mdp -Destination \\aura.dk\DAX\DAXarkiv\DAXNET\DataUdveksling\Aflaesninger\AIM\monthly_report_20220802.mdp
[2022-08-02 10:33:40:020]: Move-Item \\sftp01\c$\Share\landisgyr\Monthly\monthly_report_20220802.mdp -Destination \\aura.dk\DAX\DAXarkiv\DAXNET\DataUdveksling\Aflaesninger\AIM\monthly_report_20220802.mdp
[2022-08-02 10:34:39:970]: Move-Item \\sftp01\c$\Share\landisgyr\Monthly\monthly_report_20220802.mdp -Destination \\aura.dk\DAX\DAXarkiv\DAXNET\DataUdveksling\Aflaesninger\AIM\monthly_report_20220802.mdp
[2022-08-02 10:35:39:984]: Move-Item \\sftp01\c$\Share\landisgyr\Monthly\monthly_report_20220802.mdp -Destination \\aura.dk\DAX\DAXarkiv\DAXNET\DataUdveksling\Aflaesninger\AIM\monthly_report_20220802.mdp
[2022-08-02 10:36:39:982]: Move-Item \\sftp01\c$\Share\landisgyr\Monthly\monthly_report_20220802.mdp -Destination \\aura.dk\DAX\DAXarkiv\DAXNET\DataUdveksling\Aflaesninger\AIM\monthly_report_20220802.mdp
[2022-08-02 10:37:39:891]: Move-Item \\sftp01\c$\Share\landisgyr\Monthly\monthly_report_20220802.mdp -Destination \\aura.dk\DAX\DAXarkiv\DAXNET\DataUdveksling\Aflaesninger\AIM\monthly_report_20220802.mdp
