[2021-12-02 18:05:42:401]: Copy-Item \\aura.dk\DAX\DAXarkiv\DAXNET\DataUdveksling\FjernFos_Xellent\ZMD\ZMD_1_A+_15_20211005@083340.fos -Destination \\aura.dk\DAX\DAXarkiv\DataUdveksling\FjernFos_Xellent\ZMD backup\ZMD_1_A+_15_20211005@083340.fos
[2021-12-02 18:05:42:417]: Copy-Item \\aura.dk\DAX\DAXarkiv\DAXNET\DataUdveksling\FjernFos_Xellent\ZMD\ZMD_1_A+_15_20211006@075230.fos -Destination \\aura.dk\DAX\DAXarkiv\DataUdveksling\FjernFos_Xellent\ZMD backup\ZMD_1_A+_15_20211006@075230.fos
[2021-12-02 18:05:42:417]: Copy-Item \\aura.dk\DAX\DAXarkiv\DAXNET\DataUdveksling\FjernFos_Xellent\ZMD\ZMD_1_A+_15_20211007@065229.fos -Destination \\aura.dk\DAX\DAXarkiv\DataUdveksling\FjernFos_Xellent\ZMD backup\ZMD_1_A+_15_20211007@065229.fos
[2021-12-02 18:05:42:417]: Copy-Item \\aura.dk\DAX\DAXarkiv\DAXNET\DataUdveksling\FjernFos_Xellent\ZMD\ZMD_1_A+_15_20211008@065324.fos -Destination \\aura.dk\DAX\DAXarkiv\DataUdveksling\FjernFos_Xellent\ZMD backup\ZMD_1_A+_15_20211008@065324.fos
[2021-12-02 18:05:42:448]: Copy-Item \\aura.dk\DAX\DAXarkiv\DAXNET\DataUdveksling\FjernFos_Xellent\ZMD\ZMD_1_A+_15_20211009@065311.fos -Destination \\aura.dk\DAX\DAXarkiv\DataUdveksling\FjernFos_Xellent\ZMD backup\ZMD_1_A+_15_20211009@065311.fos
[2021-12-02 18:05:42:464]: Copy-Item \\aura.dk\DAX\DAXarkiv\DAXNET\DataUdveksling\FjernFos_Xellent\ZMD\ZMD_1_A+_15_20211010@065347.fos -Destination \\aura.dk\DAX\DAXarkiv\DataUdveksling\FjernFos_Xellent\ZMD backup\ZMD_1_A+_15_20211010@065347.fos
[2021-12-02 18:05:42:464]: Copy-Item \\aura.dk\DAX\DAXarkiv\DAXNET\DataUdveksling\FjernFos_Xellent\ZMD\ZMD_1_A+_15_20211011@112942.fos -Destination \\aura.dk\DAX\DAXarkiv\DataUdveksling\FjernFos_Xellent\ZMD backup\ZMD_1_A+_15_20211011@112942.fos
[2021-12-02 18:05:42:479]: Copy-Item \\aura.dk\DAX\DAXarkiv\DAXNET\DataUdveksling\FjernFos_Xellent\ZMD\ZMD_1_A+_15_20211012@075841.fos -Destination \\aura.dk\DAX\DAXarkiv\DataUdveksling\FjernFos_Xellent\ZMD backup\ZMD_1_A+_15_20211012@075841.fos
[2021-12-02 18:05:42:479]: Copy-Item \\aura.dk\DAX\DAXarkiv\DAXNET\DataUdveksling\FjernFos_Xellent\ZMD\ZMD_1_A+_15_20211013@065153.fos -Destination \\aura.dk\DAX\DAXarkiv\DataUdveksling\FjernFos_Xellent\ZMD backup\ZMD_1_A+_15_20211013@065153.fos
[2021-12-02 18:05:42:495]: Copy-Item \\aura.dk\DAX\DAXarkiv\DAXNET\DataUdveksling\FjernFos_Xellent\ZMD\ZMD_1_A+_15_20211014@074526.fos -Destination \\aura.dk\DAX\DAXarkiv\DataUdveksling\FjernFos_Xellent\ZMD backup\ZMD_1_A+_15_20211014@074526.fos
[2021-12-02 18:05:42:495]: Copy-Item \\aura.dk\DAX\DAXarkiv\DAXNET\DataUdveksling\FjernFos_Xellent\ZMD\ZMD_1_A+_15_20211014@093735.fos -Destination \\aura.dk\DAX\DAXarkiv\DataUdveksling\FjernFos_Xellent\ZMD backup\ZMD_1_A+_15_20211014@093735.fos
[2021-12-02 18:05:42:511]: Copy-Item \\aura.dk\DAX\DAXarkiv\DAXNET\DataUdveksling\FjernFos_Xellent\ZMD\ZMD_1_A+_15_20211015@065159.fos -Destination \\aura.dk\DAX\DAXarkiv\DataUdveksling\FjernFos_Xellent\ZMD backup\ZMD_1_A+_15_20211015@065159.fos
[2021-12-02 18:05:42:511]: Copy-Item \\aura.dk\DAX\DAXarkiv\DAXNET\DataUdveksling\FjernFos_Xellent\ZMD\ZMD_1_A+_15_20211016@065151.fos -Destination \\aura.dk\DAX\DAXarkiv\DataUdveksling\FjernFos_Xellent\ZMD backup\ZMD_1_A+_15_20211016@065151.fos
[2021-12-02 18:05:42:526]: Copy-Item \\aura.dk\DAX\DAXarkiv\DAXNET\DataUdveksling\FjernFos_Xellent\ZMD\ZMD_1_A+_15_20211017@065202.fos -Destination \\aura.dk\DAX\DAXarkiv\DataUdveksling\FjernFos_Xellent\ZMD backup\ZMD_1_A+_15_20211017@065202.fos
[2021-12-02 18:05:42:526]: Copy-Item \\aura.dk\DAX\DAXarkiv\DAXNET\DataUdveksling\FjernFos_Xellent\ZMD\ZMD_1_A+_15_20211018@065149.fos -Destination \\aura.dk\DAX\DAXarkiv\DataUdveksling\FjernFos_Xellent\ZMD backup\ZMD_1_A+_15_20211018@065149.fos
[2021-12-02 18:05:42:526]: Copy-Item \\aura.dk\DAX\DAXarkiv\DAXNET\DataUdveksling\FjernFos_Xellent\ZMD\ZMD_1_A+_15_20211019@065207.fos -Destination \\aura.dk\DAX\DAXarkiv\DataUdveksling\FjernFos_Xellent\ZMD backup\ZMD_1_A+_15_20211019@065207.fos
[2021-12-02 18:05:42:542]: Copy-Item \\aura.dk\DAX\DAXarkiv\DAXNET\DataUdveksling\FjernFos_Xellent\ZMD\ZMD_1_A+_15_20211020@065142.fos -Destination \\aura.dk\DAX\DAXarkiv\DataUdveksling\FjernFos_Xellent\ZMD backup\ZMD_1_A+_15_20211020@065142.fos
[2021-12-02 18:05:42:542]: Copy-Item \\aura.dk\DAX\DAXarkiv\DAXNET\DataUdveksling\FjernFos_Xellent\ZMD\ZMD_1_A+_15_20211021@065203.fos -Destination \\aura.dk\DAX\DAXarkiv\DataUdveksling\FjernFos_Xellent\ZMD backup\ZMD_1_A+_15_20211021@065203.fos
[2021-12-02 18:05:42:573]: Copy-Item \\aura.dk\DAX\DAXarkiv\DAXNET\DataUdveksling\FjernFos_Xellent\ZMD\ZMD_1_A+_15_20211022@065204.fos -Destination \\aura.dk\DAX\DAXarkiv\DataUdveksling\FjernFos_Xellent\ZMD backup\ZMD_1_A+_15_20211022@065204.fos
[2021-12-02 18:05:42:589]: Copy-Item \\aura.dk\DAX\DAXarkiv\DAXNET\DataUdveksling\FjernFos_Xellent\ZMD\ZMD_1_A+_15_20211023@065208.fos -Destination \\aura.dk\DAX\DAXarkiv\DataUdveksling\FjernFos_Xellent\ZMD backup\ZMD_1_A+_15_20211023@065208.fos
[2021-12-02 18:05:42:589]: Copy-Item \\aura.dk\DAX\DAXarkiv\DAXNET\DataUdveksling\FjernFos_Xellent\ZMD\ZMD_1_A+_15_20211024@065220.fos -Destination \\aura.dk\DAX\DAXarkiv\DataUdveksling\FjernFos_Xellent\ZMD backup\ZMD_1_A+_15_20211024@065220.fos
[2021-12-02 18:05:42:604]: Copy-Item \\aura.dk\DAX\DAXarkiv\DAXNET\DataUdveksling\FjernFos_Xellent\ZMD\ZMD_1_A+_15_20211025@065159.fos -Destination \\aura.dk\DAX\DAXarkiv\DataUdveksling\FjernFos_Xellent\ZMD backup\ZMD_1_A+_15_20211025@065159.fos
[2021-12-02 18:05:42:604]: Copy-Item \\aura.dk\DAX\DAXarkiv\DAXNET\DataUdveksling\FjernFos_Xellent\ZMD\ZMD_1_A+_15_20211026@065233.fos -Destination \\aura.dk\DAX\DAXarkiv\DataUdveksling\FjernFos_Xellent\ZMD backup\ZMD_1_A+_15_20211026@065233.fos
[2021-12-02 18:05:42:604]: Copy-Item \\aura.dk\DAX\DAXarkiv\DAXNET\DataUdveksling\FjernFos_Xellent\ZMD\ZMD_1_A+_15_20211027@065302.fos -Destination \\aura.dk\DAX\DAXarkiv\DataUdveksling\FjernFos_Xellent\ZMD backup\ZMD_1_A+_15_20211027@065302.fos
[2021-12-02 18:05:42:636]: Copy-Item \\aura.dk\DAX\DAXarkiv\DAXNET\DataUdveksling\FjernFos_Xellent\ZMD\ZMD_1_A+_15_20211028@065213.fos -Destination \\aura.dk\DAX\DAXarkiv\DataUdveksling\FjernFos_Xellent\ZMD backup\ZMD_1_A+_15_20211028@065213.fos
[2021-12-02 18:05:42:636]: Copy-Item \\aura.dk\DAX\DAXarkiv\DAXNET\DataUdveksling\FjernFos_Xellent\ZMD\ZMD_1_A+_15_20211029@065300.fos -Destination \\aura.dk\DAX\DAXarkiv\DataUdveksling\FjernFos_Xellent\ZMD backup\ZMD_1_A+_15_20211029@065300.fos
[2021-12-02 18:05:42:651]: Copy-Item \\aura.dk\DAX\DAXarkiv\DAXNET\DataUdveksling\FjernFos_Xellent\ZMD\ZMD_1_A+_15_20211030@065209.fos -Destination \\aura.dk\DAX\DAXarkiv\DataUdveksling\FjernFos_Xellent\ZMD backup\ZMD_1_A+_15_20211030@065209.fos
[2021-12-02 18:05:42:651]: Copy-Item \\aura.dk\DAX\DAXarkiv\DAXNET\DataUdveksling\FjernFos_Xellent\ZMD\ZMD_1_A+_15_20211031@065215.fos -Destination \\aura.dk\DAX\DAXarkiv\DataUdveksling\FjernFos_Xellent\ZMD backup\ZMD_1_A+_15_20211031@065215.fos
[2021-12-02 18:05:42:667]: Copy-Item \\aura.dk\DAX\DAXarkiv\DAXNET\DataUdveksling\FjernFos_Xellent\ZMD\ZMD_1_A+_15_20211101@065301.fos -Destination \\aura.dk\DAX\DAXarkiv\DataUdveksling\FjernFos_Xellent\ZMD backup\ZMD_1_A+_15_20211101@065301.fos
[2021-12-02 18:05:42:667]: Copy-Item \\aura.dk\DAX\DAXarkiv\DAXNET\DataUdveksling\FjernFos_Xellent\ZMD\ZMD_1_A+_15_20211102@065316.fos -Destination \\aura.dk\DAX\DAXarkiv\DataUdveksling\FjernFos_Xellent\ZMD backup\ZMD_1_A+_15_20211102@065316.fos
[2021-12-02 18:05:42:667]: Copy-Item \\aura.dk\DAX\DAXarkiv\DAXNET\DataUdveksling\FjernFos_Xellent\ZMD\ZMD_1_A+_15_20211103@065329.fos -Destination \\aura.dk\DAX\DAXarkiv\DataUdveksling\FjernFos_Xellent\ZMD backup\ZMD_1_A+_15_20211103@065329.fos
[2021-12-02 18:05:42:682]: Copy-Item \\aura.dk\DAX\DAXarkiv\DAXNET\DataUdveksling\FjernFos_Xellent\ZMD\ZMD_1_A+_15_20211104@065427.fos -Destination \\aura.dk\DAX\DAXarkiv\DataUdveksling\FjernFos_Xellent\ZMD backup\ZMD_1_A+_15_20211104@065427.fos
[2021-12-02 18:05:42:698]: Copy-Item \\aura.dk\DAX\DAXarkiv\DAXNET\DataUdveksling\FjernFos_Xellent\ZMD\ZMD_1_A+_15_20211105@065222.fos -Destination \\aura.dk\DAX\DAXarkiv\DataUdveksling\FjernFos_Xellent\ZMD backup\ZMD_1_A+_15_20211105@065222.fos
[2021-12-02 18:05:42:698]: Copy-Item \\aura.dk\DAX\DAXarkiv\DAXNET\DataUdveksling\FjernFos_Xellent\ZMD\ZMD_1_A+_15_20211106@065143.fos -Destination \\aura.dk\DAX\DAXarkiv\DataUdveksling\FjernFos_Xellent\ZMD backup\ZMD_1_A+_15_20211106@065143.fos
[2021-12-02 18:05:42:714]: Copy-Item \\aura.dk\DAX\DAXarkiv\DAXNET\DataUdveksling\FjernFos_Xellent\ZMD\ZMD_1_A+_15_20211107@065126.fos -Destination \\aura.dk\DAX\DAXarkiv\DataUdveksling\FjernFos_Xellent\ZMD backup\ZMD_1_A+_15_20211107@065126.fos
[2021-12-02 18:05:42:714]: Copy-Item \\aura.dk\DAX\DAXarkiv\DAXNET\DataUdveksling\FjernFos_Xellent\ZMD\ZMD_1_A+_15_20211108@065311.fos -Destination \\aura.dk\DAX\DAXarkiv\DataUdveksling\FjernFos_Xellent\ZMD backup\ZMD_1_A+_15_20211108@065311.fos
[2021-12-02 18:05:42:714]: Copy-Item \\aura.dk\DAX\DAXarkiv\DAXNET\DataUdveksling\FjernFos_Xellent\ZMD\ZMD_1_A+_15_20211109@065248.fos -Destination \\aura.dk\DAX\DAXarkiv\DataUdveksling\FjernFos_Xellent\ZMD backup\ZMD_1_A+_15_20211109@065248.fos
[2021-12-02 18:05:42:729]: Copy-Item \\aura.dk\DAX\DAXarkiv\DAXNET\DataUdveksling\FjernFos_Xellent\ZMD\ZMD_1_A+_15_20211110@065329.fos -Destination \\aura.dk\DAX\DAXarkiv\DataUdveksling\FjernFos_Xellent\ZMD backup\ZMD_1_A+_15_20211110@065329.fos
[2021-12-02 18:05:42:729]: Copy-Item \\aura.dk\DAX\DAXarkiv\DAXNET\DataUdveksling\FjernFos_Xellent\ZMD\ZMD_2_A-_15_20211005@083343.fos -Destination \\aura.dk\DAX\DAXarkiv\DataUdveksling\FjernFos_Xellent\ZMD backup\ZMD_2_A-_15_20211005@083343.fos
[2021-12-02 18:05:42:745]: Copy-Item \\aura.dk\DAX\DAXarkiv\DAXNET\DataUdveksling\FjernFos_Xellent\ZMD\ZMD_2_A-_15_20211006@075233.fos -Destination \\aura.dk\DAX\DAXarkiv\DataUdveksling\FjernFos_Xellent\ZMD backup\ZMD_2_A-_15_20211006@075233.fos
[2021-12-02 18:05:42:745]: Copy-Item \\aura.dk\DAX\DAXarkiv\DAXNET\DataUdveksling\FjernFos_Xellent\ZMD\ZMD_2_A-_15_20211007@065233.fos -Destination \\aura.dk\DAX\DAXarkiv\DataUdveksling\FjernFos_Xellent\ZMD backup\ZMD_2_A-_15_20211007@065233.fos
[2021-12-02 18:05:42:761]: Copy-Item \\aura.dk\DAX\DAXarkiv\DAXNET\DataUdveksling\FjernFos_Xellent\ZMD\ZMD_2_A-_15_20211008@065327.fos -Destination \\aura.dk\DAX\DAXarkiv\DataUdveksling\FjernFos_Xellent\ZMD backup\ZMD_2_A-_15_20211008@065327.fos
[2021-12-02 18:05:42:761]: Copy-Item \\aura.dk\DAX\DAXarkiv\DAXNET\DataUdveksling\FjernFos_Xellent\ZMD\ZMD_2_A-_15_20211009@065315.fos -Destination \\aura.dk\DAX\DAXarkiv\DataUdveksling\FjernFos_Xellent\ZMD backup\ZMD_2_A-_15_20211009@065315.fos
[2021-12-02 18:05:42:761]: Copy-Item \\aura.dk\DAX\DAXarkiv\DAXNET\DataUdveksling\FjernFos_Xellent\ZMD\ZMD_2_A-_15_20211010@065350.fos -Destination \\aura.dk\DAX\DAXarkiv\DataUdveksling\FjernFos_Xellent\ZMD backup\ZMD_2_A-_15_20211010@065350.fos
[2021-12-02 18:05:42:776]: Copy-Item \\aura.dk\DAX\DAXarkiv\DAXNET\DataUdveksling\FjernFos_Xellent\ZMD\ZMD_2_A-_15_20211011@112945.fos -Destination \\aura.dk\DAX\DAXarkiv\DataUdveksling\FjernFos_Xellent\ZMD backup\ZMD_2_A-_15_20211011@112945.fos
[2021-12-02 18:05:42:776]: Copy-Item \\aura.dk\DAX\DAXarkiv\DAXNET\DataUdveksling\FjernFos_Xellent\ZMD\ZMD_2_A-_15_20211012@075844.fos -Destination \\aura.dk\DAX\DAXarkiv\DataUdveksling\FjernFos_Xellent\ZMD backup\ZMD_2_A-_15_20211012@075844.fos
[2021-12-02 18:05:42:792]: Copy-Item \\aura.dk\DAX\DAXarkiv\DAXNET\DataUdveksling\FjernFos_Xellent\ZMD\ZMD_2_A-_15_20211013@065156.fos -Destination \\aura.dk\DAX\DAXarkiv\DataUdveksling\FjernFos_Xellent\ZMD backup\ZMD_2_A-_15_20211013@065156.fos
[2021-12-02 18:05:42:792]: Copy-Item \\aura.dk\DAX\DAXarkiv\DAXNET\DataUdveksling\FjernFos_Xellent\ZMD\ZMD_2_A-_15_20211014@074530.fos -Destination \\aura.dk\DAX\DAXarkiv\DataUdveksling\FjernFos_Xellent\ZMD backup\ZMD_2_A-_15_20211014@074530.fos
[2021-12-02 18:05:42:807]: Copy-Item \\aura.dk\DAX\DAXarkiv\DAXNET\DataUdveksling\FjernFos_Xellent\ZMD\ZMD_2_A-_15_20211014@093738.fos -Destination \\aura.dk\DAX\DAXarkiv\DataUdveksling\FjernFos_Xellent\ZMD backup\ZMD_2_A-_15_20211014@093738.fos
[2021-12-02 18:05:42:807]: Copy-Item \\aura.dk\DAX\DAXarkiv\DAXNET\DataUdveksling\FjernFos_Xellent\ZMD\ZMD_2_A-_15_20211015@065203.fos -Destination \\aura.dk\DAX\DAXarkiv\DataUdveksling\FjernFos_Xellent\ZMD backup\ZMD_2_A-_15_20211015@065203.fos
[2021-12-02 18:05:42:823]: Copy-Item \\aura.dk\DAX\DAXarkiv\DAXNET\DataUdveksling\FjernFos_Xellent\ZMD\ZMD_2_A-_15_20211016@065155.fos -Destination \\aura.dk\DAX\DAXarkiv\DataUdveksling\FjernFos_Xellent\ZMD backup\ZMD_2_A-_15_20211016@065155.fos
[2021-12-02 18:05:42:823]: Copy-Item \\aura.dk\DAX\DAXarkiv\DAXNET\DataUdveksling\FjernFos_Xellent\ZMD\ZMD_2_A-_15_20211017@065205.fos -Destination \\aura.dk\DAX\DAXarkiv\DataUdveksling\FjernFos_Xellent\ZMD backup\ZMD_2_A-_15_20211017@065205.fos
[2021-12-02 18:05:42:823]: Copy-Item \\aura.dk\DAX\DAXarkiv\DAXNET\DataUdveksling\FjernFos_Xellent\ZMD\ZMD_2_A-_15_20211018@065153.fos -Destination \\aura.dk\DAX\DAXarkiv\DataUdveksling\FjernFos_Xellent\ZMD backup\ZMD_2_A-_15_20211018@065153.fos
[2021-12-02 18:05:42:839]: Copy-Item \\aura.dk\DAX\DAXarkiv\DAXNET\DataUdveksling\FjernFos_Xellent\ZMD\ZMD_2_A-_15_20211019@065211.fos -Destination \\aura.dk\DAX\DAXarkiv\DataUdveksling\FjernFos_Xellent\ZMD backup\ZMD_2_A-_15_20211019@065211.fos
[2021-12-02 18:05:42:839]: Copy-Item \\aura.dk\DAX\DAXarkiv\DAXNET\DataUdveksling\FjernFos_Xellent\ZMD\ZMD_2_A-_15_20211020@065144.fos -Destination \\aura.dk\DAX\DAXarkiv\DataUdveksling\FjernFos_Xellent\ZMD backup\ZMD_2_A-_15_20211020@065144.fos
[2021-12-02 18:05:42:839]: Copy-Item \\aura.dk\DAX\DAXarkiv\DAXNET\DataUdveksling\FjernFos_Xellent\ZMD\ZMD_2_A-_15_20211021@065207.fos -Destination \\aura.dk\DAX\DAXarkiv\DataUdveksling\FjernFos_Xellent\ZMD backup\ZMD_2_A-_15_20211021@065207.fos
[2021-12-02 18:05:42:854]: Copy-Item \\aura.dk\DAX\DAXarkiv\DAXNET\DataUdveksling\FjernFos_Xellent\ZMD\ZMD_2_A-_15_20211022@065207.fos -Destination \\aura.dk\DAX\DAXarkiv\DataUdveksling\FjernFos_Xellent\ZMD backup\ZMD_2_A-_15_20211022@065207.fos
[2021-12-02 18:05:42:854]: Copy-Item \\aura.dk\DAX\DAXarkiv\DAXNET\DataUdveksling\FjernFos_Xellent\ZMD\ZMD_2_A-_15_20211023@065211.fos -Destination \\aura.dk\DAX\DAXarkiv\DataUdveksling\FjernFos_Xellent\ZMD backup\ZMD_2_A-_15_20211023@065211.fos
[2021-12-02 18:05:42:870]: Copy-Item \\aura.dk\DAX\DAXarkiv\DAXNET\DataUdveksling\FjernFos_Xellent\ZMD\ZMD_2_A-_15_20211024@065222.fos -Destination \\aura.dk\DAX\DAXarkiv\DataUdveksling\FjernFos_Xellent\ZMD backup\ZMD_2_A-_15_20211024@065222.fos
[2021-12-02 18:05:42:886]: Copy-Item \\aura.dk\DAX\DAXarkiv\DAXNET\DataUdveksling\FjernFos_Xellent\ZMD\ZMD_2_A-_15_20211025@065202.fos -Destination \\aura.dk\DAX\DAXarkiv\DataUdveksling\FjernFos_Xellent\ZMD backup\ZMD_2_A-_15_20211025@065202.fos
[2021-12-02 18:05:42:886]: Copy-Item \\aura.dk\DAX\DAXarkiv\DAXNET\DataUdveksling\FjernFos_Xellent\ZMD\ZMD_2_A-_15_20211026@065236.fos -Destination \\aura.dk\DAX\DAXarkiv\DataUdveksling\FjernFos_Xellent\ZMD backup\ZMD_2_A-_15_20211026@065236.fos
[2021-12-02 18:05:42:901]: Copy-Item \\aura.dk\DAX\DAXarkiv\DAXNET\DataUdveksling\FjernFos_Xellent\ZMD\ZMD_2_A-_15_20211027@065305.fos -Destination \\aura.dk\DAX\DAXarkiv\DataUdveksling\FjernFos_Xellent\ZMD backup\ZMD_2_A-_15_20211027@065305.fos
[2021-12-02 18:05:42:901]: Copy-Item \\aura.dk\DAX\DAXarkiv\DAXNET\DataUdveksling\FjernFos_Xellent\ZMD\ZMD_2_A-_15_20211028@065216.fos -Destination \\aura.dk\DAX\DAXarkiv\DataUdveksling\FjernFos_Xellent\ZMD backup\ZMD_2_A-_15_20211028@065216.fos
[2021-12-02 18:05:42:917]: Copy-Item \\aura.dk\DAX\DAXarkiv\DAXNET\DataUdveksling\FjernFos_Xellent\ZMD\ZMD_2_A-_15_20211029@065303.fos -Destination \\aura.dk\DAX\DAXarkiv\DataUdveksling\FjernFos_Xellent\ZMD backup\ZMD_2_A-_15_20211029@065303.fos
[2021-12-02 18:05:42:917]: Copy-Item \\aura.dk\DAX\DAXarkiv\DAXNET\DataUdveksling\FjernFos_Xellent\ZMD\ZMD_2_A-_15_20211030@065212.fos -Destination \\aura.dk\DAX\DAXarkiv\DataUdveksling\FjernFos_Xellent\ZMD backup\ZMD_2_A-_15_20211030@065212.fos
[2021-12-02 18:05:42:917]: Copy-Item \\aura.dk\DAX\DAXarkiv\DAXNET\DataUdveksling\FjernFos_Xellent\ZMD\ZMD_2_A-_15_20211031@065218.fos -Destination \\aura.dk\DAX\DAXarkiv\DataUdveksling\FjernFos_Xellent\ZMD backup\ZMD_2_A-_15_20211031@065218.fos
[2021-12-02 18:05:42:933]: Copy-Item \\aura.dk\DAX\DAXarkiv\DAXNET\DataUdveksling\FjernFos_Xellent\ZMD\ZMD_2_A-_15_20211101@065304.fos -Destination \\aura.dk\DAX\DAXarkiv\DataUdveksling\FjernFos_Xellent\ZMD backup\ZMD_2_A-_15_20211101@065304.fos
[2021-12-02 18:05:42:933]: Copy-Item \\aura.dk\DAX\DAXarkiv\DAXNET\DataUdveksling\FjernFos_Xellent\ZMD\ZMD_2_A-_15_20211102@065319.fos -Destination \\aura.dk\DAX\DAXarkiv\DataUdveksling\FjernFos_Xellent\ZMD backup\ZMD_2_A-_15_20211102@065319.fos
[2021-12-02 18:05:42:948]: Copy-Item \\aura.dk\DAX\DAXarkiv\DAXNET\DataUdveksling\FjernFos_Xellent\ZMD\ZMD_2_A-_15_20211103@065332.fos -Destination \\aura.dk\DAX\DAXarkiv\DataUdveksling\FjernFos_Xellent\ZMD backup\ZMD_2_A-_15_20211103@065332.fos
[2021-12-02 18:05:42:948]: Copy-Item \\aura.dk\DAX\DAXarkiv\DAXNET\DataUdveksling\FjernFos_Xellent\ZMD\ZMD_2_A-_15_20211104@065430.fos -Destination \\aura.dk\DAX\DAXarkiv\DataUdveksling\FjernFos_Xellent\ZMD backup\ZMD_2_A-_15_20211104@065430.fos
[2021-12-02 18:05:42:964]: Copy-Item \\aura.dk\DAX\DAXarkiv\DAXNET\DataUdveksling\FjernFos_Xellent\ZMD\ZMD_2_A-_15_20211105@065225.fos -Destination \\aura.dk\DAX\DAXarkiv\DataUdveksling\FjernFos_Xellent\ZMD backup\ZMD_2_A-_15_20211105@065225.fos
[2021-12-02 18:05:42:964]: Copy-Item \\aura.dk\DAX\DAXarkiv\DAXNET\DataUdveksling\FjernFos_Xellent\ZMD\ZMD_2_A-_15_20211106@065145.fos -Destination \\aura.dk\DAX\DAXarkiv\DataUdveksling\FjernFos_Xellent\ZMD backup\ZMD_2_A-_15_20211106@065145.fos
[2021-12-02 18:06:13:817]: Copy-Item \\aura.dk\DAX\DAXarkiv\DAXNET\DataUdveksling\FjernFos_Xellent\ZMD\ZMD_1_A+_15_20211005@083340.fos -Destination \\aura.dk\DAX\DAXarkiv\DataUdveksling\FjernFos_Xellent\ZMD backup\ZMD_1_A+_15_20211005@083340.fos
[2021-12-02 18:06:13:817]: Move-Item -Path \\aura.dk\DAX\DAXarkiv\DAXNET\DataUdveksling\FjernFos_Xellent\ZMD\ZMD_1_A+_15_20211005@083340.fos -Destination \\aura.dk\DAX\DAXarkiv\DAXNET\DataUdveksling\FjernFos_Xellent\ZMD_1
[2021-12-02 18:06:13:833]: Copy-Item \\aura.dk\DAX\DAXarkiv\DAXNET\DataUdveksling\FjernFos_Xellent\ZMD\ZMD_1_A+_15_20211006@075230.fos -Destination \\aura.dk\DAX\DAXarkiv\DataUdveksling\FjernFos_Xellent\ZMD backup\ZMD_1_A+_15_20211006@075230.fos
[2021-12-02 18:06:13:833]: Move-Item -Path \\aura.dk\DAX\DAXarkiv\DAXNET\DataUdveksling\FjernFos_Xellent\ZMD\ZMD_1_A+_15_20211006@075230.fos -Destination \\aura.dk\DAX\DAXarkiv\DAXNET\DataUdveksling\FjernFos_Xellent\ZMD_1
[2021-12-02 18:06:13:848]: Copy-Item \\aura.dk\DAX\DAXarkiv\DAXNET\DataUdveksling\FjernFos_Xellent\ZMD\ZMD_1_A+_15_20211007@065229.fos -Destination \\aura.dk\DAX\DAXarkiv\DataUdveksling\FjernFos_Xellent\ZMD backup\ZMD_1_A+_15_20211007@065229.fos
[2021-12-02 18:06:13:848]: Move-Item -Path \\aura.dk\DAX\DAXarkiv\DAXNET\DataUdveksling\FjernFos_Xellent\ZMD\ZMD_1_A+_15_20211007@065229.fos -Destination \\aura.dk\DAX\DAXarkiv\DAXNET\DataUdveksling\FjernFos_Xellent\ZMD_1
[2021-12-02 18:06:13:864]: Copy-Item \\aura.dk\DAX\DAXarkiv\DAXNET\DataUdveksling\FjernFos_Xellent\ZMD\ZMD_1_A+_15_20211008@065324.fos -Destination \\aura.dk\DAX\DAXarkiv\DataUdveksling\FjernFos_Xellent\ZMD backup\ZMD_1_A+_15_20211008@065324.fos
[2021-12-02 18:06:13:864]: Move-Item -Path \\aura.dk\DAX\DAXarkiv\DAXNET\DataUdveksling\FjernFos_Xellent\ZMD\ZMD_1_A+_15_20211008@065324.fos -Destination \\aura.dk\DAX\DAXarkiv\DAXNET\DataUdveksling\FjernFos_Xellent\ZMD_1
[2021-12-02 18:06:13:880]: Copy-Item \\aura.dk\DAX\DAXarkiv\DAXNET\DataUdveksling\FjernFos_Xellent\ZMD\ZMD_1_A+_15_20211009@065311.fos -Destination \\aura.dk\DAX\DAXarkiv\DataUdveksling\FjernFos_Xellent\ZMD backup\ZMD_1_A+_15_20211009@065311.fos
[2021-12-02 18:06:13:880]: Move-Item -Path \\aura.dk\DAX\DAXarkiv\DAXNET\DataUdveksling\FjernFos_Xellent\ZMD\ZMD_1_A+_15_20211009@065311.fos -Destination \\aura.dk\DAX\DAXarkiv\DAXNET\DataUdveksling\FjernFos_Xellent\ZMD_1
[2021-12-02 18:06:13:880]: Copy-Item \\aura.dk\DAX\DAXarkiv\DAXNET\DataUdveksling\FjernFos_Xellent\ZMD\ZMD_1_A+_15_20211010@065347.fos -Destination \\aura.dk\DAX\DAXarkiv\DataUdveksling\FjernFos_Xellent\ZMD backup\ZMD_1_A+_15_20211010@065347.fos
[2021-12-02 18:06:13:895]: Move-Item -Path \\aura.dk\DAX\DAXarkiv\DAXNET\DataUdveksling\FjernFos_Xellent\ZMD\ZMD_1_A+_15_20211010@065347.fos -Destination \\aura.dk\DAX\DAXarkiv\DAXNET\DataUdveksling\FjernFos_Xellent\ZMD_1
[2021-12-02 18:06:13:895]: Copy-Item \\aura.dk\DAX\DAXarkiv\DAXNET\DataUdveksling\FjernFos_Xellent\ZMD\ZMD_1_A+_15_20211011@112942.fos -Destination \\aura.dk\DAX\DAXarkiv\DataUdveksling\FjernFos_Xellent\ZMD backup\ZMD_1_A+_15_20211011@112942.fos
[2021-12-02 18:06:13:895]: Move-Item -Path \\aura.dk\DAX\DAXarkiv\DAXNET\DataUdveksling\FjernFos_Xellent\ZMD\ZMD_1_A+_15_20211011@112942.fos -Destination \\aura.dk\DAX\DAXarkiv\DAXNET\DataUdveksling\FjernFos_Xellent\ZMD_1
[2021-12-02 18:06:13:927]: Copy-Item \\aura.dk\DAX\DAXarkiv\DAXNET\DataUdveksling\FjernFos_Xellent\ZMD\ZMD_1_A+_15_20211012@075841.fos -Destination \\aura.dk\DAX\DAXarkiv\DataUdveksling\FjernFos_Xellent\ZMD backup\ZMD_1_A+_15_20211012@075841.fos
[2021-12-02 18:06:13:927]: Move-Item -Path \\aura.dk\DAX\DAXarkiv\DAXNET\DataUdveksling\FjernFos_Xellent\ZMD\ZMD_1_A+_15_20211012@075841.fos -Destination \\aura.dk\DAX\DAXarkiv\DAXNET\DataUdveksling\FjernFos_Xellent\ZMD_1
[2021-12-02 18:06:13:942]: Copy-Item \\aura.dk\DAX\DAXarkiv\DAXNET\DataUdveksling\FjernFos_Xellent\ZMD\ZMD_1_A+_15_20211013@065153.fos -Destination \\aura.dk\DAX\DAXarkiv\DataUdveksling\FjernFos_Xellent\ZMD backup\ZMD_1_A+_15_20211013@065153.fos
[2021-12-02 18:06:13:942]: Move-Item -Path \\aura.dk\DAX\DAXarkiv\DAXNET\DataUdveksling\FjernFos_Xellent\ZMD\ZMD_1_A+_15_20211013@065153.fos -Destination \\aura.dk\DAX\DAXarkiv\DAXNET\DataUdveksling\FjernFos_Xellent\ZMD_1
[2021-12-02 18:06:13:942]: Copy-Item \\aura.dk\DAX\DAXarkiv\DAXNET\DataUdveksling\FjernFos_Xellent\ZMD\ZMD_1_A+_15_20211014@074526.fos -Destination \\aura.dk\DAX\DAXarkiv\DataUdveksling\FjernFos_Xellent\ZMD backup\ZMD_1_A+_15_20211014@074526.fos
[2021-12-02 18:06:13:958]: Move-Item -Path \\aura.dk\DAX\DAXarkiv\DAXNET\DataUdveksling\FjernFos_Xellent\ZMD\ZMD_1_A+_15_20211014@074526.fos -Destination \\aura.dk\DAX\DAXarkiv\DAXNET\DataUdveksling\FjernFos_Xellent\ZMD_1
[2021-12-02 18:06:13:958]: Copy-Item \\aura.dk\DAX\DAXarkiv\DAXNET\DataUdveksling\FjernFos_Xellent\ZMD\ZMD_1_A+_15_20211014@093735.fos -Destination \\aura.dk\DAX\DAXarkiv\DataUdveksling\FjernFos_Xellent\ZMD backup\ZMD_1_A+_15_20211014@093735.fos
[2021-12-02 18:06:13:974]: Move-Item -Path \\aura.dk\DAX\DAXarkiv\DAXNET\DataUdveksling\FjernFos_Xellent\ZMD\ZMD_1_A+_15_20211014@093735.fos -Destination \\aura.dk\DAX\DAXarkiv\DAXNET\DataUdveksling\FjernFos_Xellent\ZMD_1
[2021-12-02 18:06:13:974]: Copy-Item \\aura.dk\DAX\DAXarkiv\DAXNET\DataUdveksling\FjernFos_Xellent\ZMD\ZMD_1_A+_15_20211015@065159.fos -Destination \\aura.dk\DAX\DAXarkiv\DataUdveksling\FjernFos_Xellent\ZMD backup\ZMD_1_A+_15_20211015@065159.fos
[2021-12-02 18:06:13:974]: Move-Item -Path \\aura.dk\DAX\DAXarkiv\DAXNET\DataUdveksling\FjernFos_Xellent\ZMD\ZMD_1_A+_15_20211015@065159.fos -Destination \\aura.dk\DAX\DAXarkiv\DAXNET\DataUdveksling\FjernFos_Xellent\ZMD_1
[2021-12-02 18:06:13:989]: Copy-Item \\aura.dk\DAX\DAXarkiv\DAXNET\DataUdveksling\FjernFos_Xellent\ZMD\ZMD_1_A+_15_20211016@065151.fos -Destination \\aura.dk\DAX\DAXarkiv\DataUdveksling\FjernFos_Xellent\ZMD backup\ZMD_1_A+_15_20211016@065151.fos
[2021-12-02 18:06:13:989]: Move-Item -Path \\aura.dk\DAX\DAXarkiv\DAXNET\DataUdveksling\FjernFos_Xellent\ZMD\ZMD_1_A+_15_20211016@065151.fos -Destination \\aura.dk\DAX\DAXarkiv\DAXNET\DataUdveksling\FjernFos_Xellent\ZMD_1
[2021-12-02 18:06:13:989]: Copy-Item \\aura.dk\DAX\DAXarkiv\DAXNET\DataUdveksling\FjernFos_Xellent\ZMD\ZMD_1_A+_15_20211017@065202.fos -Destination \\aura.dk\DAX\DAXarkiv\DataUdveksling\FjernFos_Xellent\ZMD backup\ZMD_1_A+_15_20211017@065202.fos
[2021-12-02 18:06:14:005]: Move-Item -Path \\aura.dk\DAX\DAXarkiv\DAXNET\DataUdveksling\FjernFos_Xellent\ZMD\ZMD_1_A+_15_20211017@065202.fos -Destination \\aura.dk\DAX\DAXarkiv\DAXNET\DataUdveksling\FjernFos_Xellent\ZMD_1
[2021-12-02 18:06:14:005]: Copy-Item \\aura.dk\DAX\DAXarkiv\DAXNET\DataUdveksling\FjernFos_Xellent\ZMD\ZMD_1_A+_15_20211018@065149.fos -Destination \\aura.dk\DAX\DAXarkiv\DataUdveksling\FjernFos_Xellent\ZMD backup\ZMD_1_A+_15_20211018@065149.fos
[2021-12-02 18:06:14:005]: Move-Item -Path \\aura.dk\DAX\DAXarkiv\DAXNET\DataUdveksling\FjernFos_Xellent\ZMD\ZMD_1_A+_15_20211018@065149.fos -Destination \\aura.dk\DAX\DAXarkiv\DAXNET\DataUdveksling\FjernFos_Xellent\ZMD_1
[2021-12-02 18:06:14:020]: Copy-Item \\aura.dk\DAX\DAXarkiv\DAXNET\DataUdveksling\FjernFos_Xellent\ZMD\ZMD_1_A+_15_20211019@065207.fos -Destination \\aura.dk\DAX\DAXarkiv\DataUdveksling\FjernFos_Xellent\ZMD backup\ZMD_1_A+_15_20211019@065207.fos
[2021-12-02 18:06:14:020]: Move-Item -Path \\aura.dk\DAX\DAXarkiv\DAXNET\DataUdveksling\FjernFos_Xellent\ZMD\ZMD_1_A+_15_20211019@065207.fos -Destination \\aura.dk\DAX\DAXarkiv\DAXNET\DataUdveksling\FjernFos_Xellent\ZMD_1
[2021-12-02 18:06:14:036]: Copy-Item \\aura.dk\DAX\DAXarkiv\DAXNET\DataUdveksling\FjernFos_Xellent\ZMD\ZMD_1_A+_15_20211020@065142.fos -Destination \\aura.dk\DAX\DAXarkiv\DataUdveksling\FjernFos_Xellent\ZMD backup\ZMD_1_A+_15_20211020@065142.fos
[2021-12-02 18:06:14:036]: Move-Item -Path \\aura.dk\DAX\DAXarkiv\DAXNET\DataUdveksling\FjernFos_Xellent\ZMD\ZMD_1_A+_15_20211020@065142.fos -Destination \\aura.dk\DAX\DAXarkiv\DAXNET\DataUdveksling\FjernFos_Xellent\ZMD_1
[2021-12-02 18:06:14:052]: Copy-Item \\aura.dk\DAX\DAXarkiv\DAXNET\DataUdveksling\FjernFos_Xellent\ZMD\ZMD_1_A+_15_20211021@065203.fos -Destination \\aura.dk\DAX\DAXarkiv\DataUdveksling\FjernFos_Xellent\ZMD backup\ZMD_1_A+_15_20211021@065203.fos
[2021-12-02 18:06:14:052]: Move-Item -Path \\aura.dk\DAX\DAXarkiv\DAXNET\DataUdveksling\FjernFos_Xellent\ZMD\ZMD_1_A+_15_20211021@065203.fos -Destination \\aura.dk\DAX\DAXarkiv\DAXNET\DataUdveksling\FjernFos_Xellent\ZMD_1
[2021-12-02 18:06:14:052]: Copy-Item \\aura.dk\DAX\DAXarkiv\DAXNET\DataUdveksling\FjernFos_Xellent\ZMD\ZMD_1_A+_15_20211022@065204.fos -Destination \\aura.dk\DAX\DAXarkiv\DataUdveksling\FjernFos_Xellent\ZMD backup\ZMD_1_A+_15_20211022@065204.fos
[2021-12-02 18:06:14:067]: Move-Item -Path \\aura.dk\DAX\DAXarkiv\DAXNET\DataUdveksling\FjernFos_Xellent\ZMD\ZMD_1_A+_15_20211022@065204.fos -Destination \\aura.dk\DAX\DAXarkiv\DAXNET\DataUdveksling\FjernFos_Xellent\ZMD_1
[2021-12-02 18:06:14:083]: Copy-Item \\aura.dk\DAX\DAXarkiv\DAXNET\DataUdveksling\FjernFos_Xellent\ZMD\ZMD_1_A+_15_20211023@065208.fos -Destination \\aura.dk\DAX\DAXarkiv\DataUdveksling\FjernFos_Xellent\ZMD backup\ZMD_1_A+_15_20211023@065208.fos
[2021-12-02 18:06:14:083]: Move-Item -Path \\aura.dk\DAX\DAXarkiv\DAXNET\DataUdveksling\FjernFos_Xellent\ZMD\ZMD_1_A+_15_20211023@065208.fos -Destination \\aura.dk\DAX\DAXarkiv\DAXNET\DataUdveksling\FjernFos_Xellent\ZMD_1
[2021-12-02 18:06:14:083]: Copy-Item \\aura.dk\DAX\DAXarkiv\DAXNET\DataUdveksling\FjernFos_Xellent\ZMD\ZMD_1_A+_15_20211024@065220.fos -Destination \\aura.dk\DAX\DAXarkiv\DataUdveksling\FjernFos_Xellent\ZMD backup\ZMD_1_A+_15_20211024@065220.fos
[2021-12-02 18:06:14:098]: Move-Item -Path \\aura.dk\DAX\DAXarkiv\DAXNET\DataUdveksling\FjernFos_Xellent\ZMD\ZMD_1_A+_15_20211024@065220.fos -Destination \\aura.dk\DAX\DAXarkiv\DAXNET\DataUdveksling\FjernFos_Xellent\ZMD_1
[2021-12-02 18:06:14:098]: Copy-Item \\aura.dk\DAX\DAXarkiv\DAXNET\DataUdveksling\FjernFos_Xellent\ZMD\ZMD_1_A+_15_20211025@065159.fos -Destination \\aura.dk\DAX\DAXarkiv\DataUdveksling\FjernFos_Xellent\ZMD backup\ZMD_1_A+_15_20211025@065159.fos
[2021-12-02 18:06:14:098]: Move-Item -Path \\aura.dk\DAX\DAXarkiv\DAXNET\DataUdveksling\FjernFos_Xellent\ZMD\ZMD_1_A+_15_20211025@065159.fos -Destination \\aura.dk\DAX\DAXarkiv\DAXNET\DataUdveksling\FjernFos_Xellent\ZMD_1
[2021-12-02 18:06:14:114]: Copy-Item \\aura.dk\DAX\DAXarkiv\DAXNET\DataUdveksling\FjernFos_Xellent\ZMD\ZMD_1_A+_15_20211026@065233.fos -Destination \\aura.dk\DAX\DAXarkiv\DataUdveksling\FjernFos_Xellent\ZMD backup\ZMD_1_A+_15_20211026@065233.fos
[2021-12-02 18:06:14:114]: Move-Item -Path \\aura.dk\DAX\DAXarkiv\DAXNET\DataUdveksling\FjernFos_Xellent\ZMD\ZMD_1_A+_15_20211026@065233.fos -Destination \\aura.dk\DAX\DAXarkiv\DAXNET\DataUdveksling\FjernFos_Xellent\ZMD_1
[2021-12-02 18:06:14:130]: Copy-Item \\aura.dk\DAX\DAXarkiv\DAXNET\DataUdveksling\FjernFos_Xellent\ZMD\ZMD_1_A+_15_20211027@065302.fos -Destination \\aura.dk\DAX\DAXarkiv\DataUdveksling\FjernFos_Xellent\ZMD backup\ZMD_1_A+_15_20211027@065302.fos
[2021-12-02 18:06:14:130]: Move-Item -Path \\aura.dk\DAX\DAXarkiv\DAXNET\DataUdveksling\FjernFos_Xellent\ZMD\ZMD_1_A+_15_20211027@065302.fos -Destination \\aura.dk\DAX\DAXarkiv\DAXNET\DataUdveksling\FjernFos_Xellent\ZMD_1
[2021-12-02 18:06:14:130]: Copy-Item \\aura.dk\DAX\DAXarkiv\DAXNET\DataUdveksling\FjernFos_Xellent\ZMD\ZMD_1_A+_15_20211028@065213.fos -Destination \\aura.dk\DAX\DAXarkiv\DataUdveksling\FjernFos_Xellent\ZMD backup\ZMD_1_A+_15_20211028@065213.fos
[2021-12-02 18:06:14:145]: Move-Item -Path \\aura.dk\DAX\DAXarkiv\DAXNET\DataUdveksling\FjernFos_Xellent\ZMD\ZMD_1_A+_15_20211028@065213.fos -Destination \\aura.dk\DAX\DAXarkiv\DAXNET\DataUdveksling\FjernFos_Xellent\ZMD_1
[2021-12-02 18:06:14:145]: Copy-Item \\aura.dk\DAX\DAXarkiv\DAXNET\DataUdveksling\FjernFos_Xellent\ZMD\ZMD_1_A+_15_20211029@065300.fos -Destination \\aura.dk\DAX\DAXarkiv\DataUdveksling\FjernFos_Xellent\ZMD backup\ZMD_1_A+_15_20211029@065300.fos
[2021-12-02 18:06:14:145]: Move-Item -Path \\aura.dk\DAX\DAXarkiv\DAXNET\DataUdveksling\FjernFos_Xellent\ZMD\ZMD_1_A+_15_20211029@065300.fos -Destination \\aura.dk\DAX\DAXarkiv\DAXNET\DataUdveksling\FjernFos_Xellent\ZMD_1
[2021-12-02 18:06:14:161]: Copy-Item \\aura.dk\DAX\DAXarkiv\DAXNET\DataUdveksling\FjernFos_Xellent\ZMD\ZMD_1_A+_15_20211030@065209.fos -Destination \\aura.dk\DAX\DAXarkiv\DataUdveksling\FjernFos_Xellent\ZMD backup\ZMD_1_A+_15_20211030@065209.fos
[2021-12-02 18:06:14:161]: Move-Item -Path \\aura.dk\DAX\DAXarkiv\DAXNET\DataUdveksling\FjernFos_Xellent\ZMD\ZMD_1_A+_15_20211030@065209.fos -Destination \\aura.dk\DAX\DAXarkiv\DAXNET\DataUdveksling\FjernFos_Xellent\ZMD_1
[2021-12-02 18:06:14:177]: Copy-Item \\aura.dk\DAX\DAXarkiv\DAXNET\DataUdveksling\FjernFos_Xellent\ZMD\ZMD_1_A+_15_20211031@065215.fos -Destination \\aura.dk\DAX\DAXarkiv\DataUdveksling\FjernFos_Xellent\ZMD backup\ZMD_1_A+_15_20211031@065215.fos
[2021-12-02 18:06:14:177]: Move-Item -Path \\aura.dk\DAX\DAXarkiv\DAXNET\DataUdveksling\FjernFos_Xellent\ZMD\ZMD_1_A+_15_20211031@065215.fos -Destination \\aura.dk\DAX\DAXarkiv\DAXNET\DataUdveksling\FjernFos_Xellent\ZMD_1
[2021-12-02 18:06:14:177]: Copy-Item \\aura.dk\DAX\DAXarkiv\DAXNET\DataUdveksling\FjernFos_Xellent\ZMD\ZMD_1_A+_15_20211101@065301.fos -Destination \\aura.dk\DAX\DAXarkiv\DataUdveksling\FjernFos_Xellent\ZMD backup\ZMD_1_A+_15_20211101@065301.fos
[2021-12-02 18:06:14:192]: Move-Item -Path \\aura.dk\DAX\DAXarkiv\DAXNET\DataUdveksling\FjernFos_Xellent\ZMD\ZMD_1_A+_15_20211101@065301.fos -Destination \\aura.dk\DAX\DAXarkiv\DAXNET\DataUdveksling\FjernFos_Xellent\ZMD_1
[2021-12-02 18:06:14:192]: Copy-Item \\aura.dk\DAX\DAXarkiv\DAXNET\DataUdveksling\FjernFos_Xellent\ZMD\ZMD_1_A+_15_20211102@065316.fos -Destination \\aura.dk\DAX\DAXarkiv\DataUdveksling\FjernFos_Xellent\ZMD backup\ZMD_1_A+_15_20211102@065316.fos
[2021-12-02 18:06:14:192]: Move-Item -Path \\aura.dk\DAX\DAXarkiv\DAXNET\DataUdveksling\FjernFos_Xellent\ZMD\ZMD_1_A+_15_20211102@065316.fos -Destination \\aura.dk\DAX\DAXarkiv\DAXNET\DataUdveksling\FjernFos_Xellent\ZMD_1
[2021-12-02 18:06:14:208]: Copy-Item \\aura.dk\DAX\DAXarkiv\DAXNET\DataUdveksling\FjernFos_Xellent\ZMD\ZMD_1_A+_15_20211103@065329.fos -Destination \\aura.dk\DAX\DAXarkiv\DataUdveksling\FjernFos_Xellent\ZMD backup\ZMD_1_A+_15_20211103@065329.fos
[2021-12-02 18:06:14:208]: Move-Item -Path \\aura.dk\DAX\DAXarkiv\DAXNET\DataUdveksling\FjernFos_Xellent\ZMD\ZMD_1_A+_15_20211103@065329.fos -Destination \\aura.dk\DAX\DAXarkiv\DAXNET\DataUdveksling\FjernFos_Xellent\ZMD_1
[2021-12-02 18:06:14:208]: Copy-Item \\aura.dk\DAX\DAXarkiv\DAXNET\DataUdveksling\FjernFos_Xellent\ZMD\ZMD_1_A+_15_20211104@065427.fos -Destination \\aura.dk\DAX\DAXarkiv\DataUdveksling\FjernFos_Xellent\ZMD backup\ZMD_1_A+_15_20211104@065427.fos
[2021-12-02 18:06:14:223]: Move-Item -Path \\aura.dk\DAX\DAXarkiv\DAXNET\DataUdveksling\FjernFos_Xellent\ZMD\ZMD_1_A+_15_20211104@065427.fos -Destination \\aura.dk\DAX\DAXarkiv\DAXNET\DataUdveksling\FjernFos_Xellent\ZMD_1
[2021-12-02 18:06:14:223]: Copy-Item \\aura.dk\DAX\DAXarkiv\DAXNET\DataUdveksling\FjernFos_Xellent\ZMD\ZMD_1_A+_15_20211105@065222.fos -Destination \\aura.dk\DAX\DAXarkiv\DataUdveksling\FjernFos_Xellent\ZMD backup\ZMD_1_A+_15_20211105@065222.fos
[2021-12-02 18:06:14:223]: Move-Item -Path \\aura.dk\DAX\DAXarkiv\DAXNET\DataUdveksling\FjernFos_Xellent\ZMD\ZMD_1_A+_15_20211105@065222.fos -Destination \\aura.dk\DAX\DAXarkiv\DAXNET\DataUdveksling\FjernFos_Xellent\ZMD_1
[2021-12-02 18:06:14:239]: Copy-Item \\aura.dk\DAX\DAXarkiv\DAXNET\DataUdveksling\FjernFos_Xellent\ZMD\ZMD_1_A+_15_20211106@065143.fos -Destination \\aura.dk\DAX\DAXarkiv\DataUdveksling\FjernFos_Xellent\ZMD backup\ZMD_1_A+_15_20211106@065143.fos
[2021-12-02 18:06:14:255]: Move-Item -Path \\aura.dk\DAX\DAXarkiv\DAXNET\DataUdveksling\FjernFos_Xellent\ZMD\ZMD_1_A+_15_20211106@065143.fos -Destination \\aura.dk\DAX\DAXarkiv\DAXNET\DataUdveksling\FjernFos_Xellent\ZMD_1
[2021-12-02 18:06:14:255]: Copy-Item \\aura.dk\DAX\DAXarkiv\DAXNET\DataUdveksling\FjernFos_Xellent\ZMD\ZMD_1_A+_15_20211107@065126.fos -Destination \\aura.dk\DAX\DAXarkiv\DataUdveksling\FjernFos_Xellent\ZMD backup\ZMD_1_A+_15_20211107@065126.fos
[2021-12-02 18:06:14:255]: Move-Item -Path \\aura.dk\DAX\DAXarkiv\DAXNET\DataUdveksling\FjernFos_Xellent\ZMD\ZMD_1_A+_15_20211107@065126.fos -Destination \\aura.dk\DAX\DAXarkiv\DAXNET\DataUdveksling\FjernFos_Xellent\ZMD_1
[2021-12-02 18:06:14:270]: Copy-Item \\aura.dk\DAX\DAXarkiv\DAXNET\DataUdveksling\FjernFos_Xellent\ZMD\ZMD_1_A+_15_20211108@065311.fos -Destination \\aura.dk\DAX\DAXarkiv\DataUdveksling\FjernFos_Xellent\ZMD backup\ZMD_1_A+_15_20211108@065311.fos
[2021-12-02 18:06:14:270]: Move-Item -Path \\aura.dk\DAX\DAXarkiv\DAXNET\DataUdveksling\FjernFos_Xellent\ZMD\ZMD_1_A+_15_20211108@065311.fos -Destination \\aura.dk\DAX\DAXarkiv\DAXNET\DataUdveksling\FjernFos_Xellent\ZMD_1
[2021-12-02 18:06:14:270]: Copy-Item \\aura.dk\DAX\DAXarkiv\DAXNET\DataUdveksling\FjernFos_Xellent\ZMD\ZMD_1_A+_15_20211109@065248.fos -Destination \\aura.dk\DAX\DAXarkiv\DataUdveksling\FjernFos_Xellent\ZMD backup\ZMD_1_A+_15_20211109@065248.fos
[2021-12-02 18:06:14:286]: Move-Item -Path \\aura.dk\DAX\DAXarkiv\DAXNET\DataUdveksling\FjernFos_Xellent\ZMD\ZMD_1_A+_15_20211109@065248.fos -Destination \\aura.dk\DAX\DAXarkiv\DAXNET\DataUdveksling\FjernFos_Xellent\ZMD_1
[2021-12-02 18:06:14:286]: Copy-Item \\aura.dk\DAX\DAXarkiv\DAXNET\DataUdveksling\FjernFos_Xellent\ZMD\ZMD_1_A+_15_20211110@065329.fos -Destination \\aura.dk\DAX\DAXarkiv\DataUdveksling\FjernFos_Xellent\ZMD backup\ZMD_1_A+_15_20211110@065329.fos
[2021-12-02 18:06:14:286]: Move-Item -Path \\aura.dk\DAX\DAXarkiv\DAXNET\DataUdveksling\FjernFos_Xellent\ZMD\ZMD_1_A+_15_20211110@065329.fos -Destination \\aura.dk\DAX\DAXarkiv\DAXNET\DataUdveksling\FjernFos_Xellent\ZMD_1
[2021-12-02 18:06:14:317]: Copy-Item \\aura.dk\DAX\DAXarkiv\DAXNET\DataUdveksling\FjernFos_Xellent\ZMD\ZMD_2_A-_15_20211005@083343.fos -Destination \\aura.dk\DAX\DAXarkiv\DataUdveksling\FjernFos_Xellent\ZMD backup\ZMD_2_A-_15_20211005@083343.fos
[2021-12-02 18:06:14:317]: Move-Item -Path \\aura.dk\DAX\DAXarkiv\DAXNET\DataUdveksling\FjernFos_Xellent\ZMD\ZMD_2_A-_15_20211005@083343.fos -Destination \\aura.dk\DAX\DAXarkiv\DAXNET\DataUdveksling\FjernFos_Xellent\ZMD_2
[2021-12-02 18:06:14:333]: Copy-Item \\aura.dk\DAX\DAXarkiv\DAXNET\DataUdveksling\FjernFos_Xellent\ZMD\ZMD_2_A-_15_20211006@075233.fos -Destination \\aura.dk\DAX\DAXarkiv\DataUdveksling\FjernFos_Xellent\ZMD backup\ZMD_2_A-_15_20211006@075233.fos
[2021-12-02 18:06:14:333]: Move-Item -Path \\aura.dk\DAX\DAXarkiv\DAXNET\DataUdveksling\FjernFos_Xellent\ZMD\ZMD_2_A-_15_20211006@075233.fos -Destination \\aura.dk\DAX\DAXarkiv\DAXNET\DataUdveksling\FjernFos_Xellent\ZMD_2
[2021-12-02 18:06:14:348]: Copy-Item \\aura.dk\DAX\DAXarkiv\DAXNET\DataUdveksling\FjernFos_Xellent\ZMD\ZMD_2_A-_15_20211007@065233.fos -Destination \\aura.dk\DAX\DAXarkiv\DataUdveksling\FjernFos_Xellent\ZMD backup\ZMD_2_A-_15_20211007@065233.fos
[2021-12-02 18:06:14:348]: Move-Item -Path \\aura.dk\DAX\DAXarkiv\DAXNET\DataUdveksling\FjernFos_Xellent\ZMD\ZMD_2_A-_15_20211007@065233.fos -Destination \\aura.dk\DAX\DAXarkiv\DAXNET\DataUdveksling\FjernFos_Xellent\ZMD_2
[2021-12-02 18:06:14:364]: Copy-Item \\aura.dk\DAX\DAXarkiv\DAXNET\DataUdveksling\FjernFos_Xellent\ZMD\ZMD_2_A-_15_20211008@065327.fos -Destination \\aura.dk\DAX\DAXarkiv\DataUdveksling\FjernFos_Xellent\ZMD backup\ZMD_2_A-_15_20211008@065327.fos
[2021-12-02 18:06:14:364]: Move-Item -Path \\aura.dk\DAX\DAXarkiv\DAXNET\DataUdveksling\FjernFos_Xellent\ZMD\ZMD_2_A-_15_20211008@065327.fos -Destination \\aura.dk\DAX\DAXarkiv\DAXNET\DataUdveksling\FjernFos_Xellent\ZMD_2
[2021-12-02 18:06:14:364]: Copy-Item \\aura.dk\DAX\DAXarkiv\DAXNET\DataUdveksling\FjernFos_Xellent\ZMD\ZMD_2_A-_15_20211009@065315.fos -Destination \\aura.dk\DAX\DAXarkiv\DataUdveksling\FjernFos_Xellent\ZMD backup\ZMD_2_A-_15_20211009@065315.fos
[2021-12-02 18:06:14:380]: Move-Item -Path \\aura.dk\DAX\DAXarkiv\DAXNET\DataUdveksling\FjernFos_Xellent\ZMD\ZMD_2_A-_15_20211009@065315.fos -Destination \\aura.dk\DAX\DAXarkiv\DAXNET\DataUdveksling\FjernFos_Xellent\ZMD_2
[2021-12-02 18:06:14:380]: Copy-Item \\aura.dk\DAX\DAXarkiv\DAXNET\DataUdveksling\FjernFos_Xellent\ZMD\ZMD_2_A-_15_20211010@065350.fos -Destination \\aura.dk\DAX\DAXarkiv\DataUdveksling\FjernFos_Xellent\ZMD backup\ZMD_2_A-_15_20211010@065350.fos
[2021-12-02 18:06:14:380]: Move-Item -Path \\aura.dk\DAX\DAXarkiv\DAXNET\DataUdveksling\FjernFos_Xellent\ZMD\ZMD_2_A-_15_20211010@065350.fos -Destination \\aura.dk\DAX\DAXarkiv\DAXNET\DataUdveksling\FjernFos_Xellent\ZMD_2
[2021-12-02 18:06:14:395]: Copy-Item \\aura.dk\DAX\DAXarkiv\DAXNET\DataUdveksling\FjernFos_Xellent\ZMD\ZMD_2_A-_15_20211011@112945.fos -Destination \\aura.dk\DAX\DAXarkiv\DataUdveksling\FjernFos_Xellent\ZMD backup\ZMD_2_A-_15_20211011@112945.fos
[2021-12-02 18:06:14:395]: Move-Item -Path \\aura.dk\DAX\DAXarkiv\DAXNET\DataUdveksling\FjernFos_Xellent\ZMD\ZMD_2_A-_15_20211011@112945.fos -Destination \\aura.dk\DAX\DAXarkiv\DAXNET\DataUdveksling\FjernFos_Xellent\ZMD_2
[2021-12-02 18:06:14:395]: Copy-Item \\aura.dk\DAX\DAXarkiv\DAXNET\DataUdveksling\FjernFos_Xellent\ZMD\ZMD_2_A-_15_20211012@075844.fos -Destination \\aura.dk\DAX\DAXarkiv\DataUdveksling\FjernFos_Xellent\ZMD backup\ZMD_2_A-_15_20211012@075844.fos
[2021-12-02 18:06:14:411]: Move-Item -Path \\aura.dk\DAX\DAXarkiv\DAXNET\DataUdveksling\FjernFos_Xellent\ZMD\ZMD_2_A-_15_20211012@075844.fos -Destination \\aura.dk\DAX\DAXarkiv\DAXNET\DataUdveksling\FjernFos_Xellent\ZMD_2
[2021-12-02 18:06:14:411]: Copy-Item \\aura.dk\DAX\DAXarkiv\DAXNET\DataUdveksling\FjernFos_Xellent\ZMD\ZMD_2_A-_15_20211013@065156.fos -Destination \\aura.dk\DAX\DAXarkiv\DataUdveksling\FjernFos_Xellent\ZMD backup\ZMD_2_A-_15_20211013@065156.fos
[2021-12-02 18:06:14:411]: Move-Item -Path \\aura.dk\DAX\DAXarkiv\DAXNET\DataUdveksling\FjernFos_Xellent\ZMD\ZMD_2_A-_15_20211013@065156.fos -Destination \\aura.dk\DAX\DAXarkiv\DAXNET\DataUdveksling\FjernFos_Xellent\ZMD_2
[2021-12-02 18:06:14:427]: Copy-Item \\aura.dk\DAX\DAXarkiv\DAXNET\DataUdveksling\FjernFos_Xellent\ZMD\ZMD_2_A-_15_20211014@074530.fos -Destination \\aura.dk\DAX\DAXarkiv\DataUdveksling\FjernFos_Xellent\ZMD backup\ZMD_2_A-_15_20211014@074530.fos
[2021-12-02 18:06:14:427]: Move-Item -Path \\aura.dk\DAX\DAXarkiv\DAXNET\DataUdveksling\FjernFos_Xellent\ZMD\ZMD_2_A-_15_20211014@074530.fos -Destination \\aura.dk\DAX\DAXarkiv\DAXNET\DataUdveksling\FjernFos_Xellent\ZMD_2
[2021-12-02 18:06:14:442]: Copy-Item \\aura.dk\DAX\DAXarkiv\DAXNET\DataUdveksling\FjernFos_Xellent\ZMD\ZMD_2_A-_15_20211014@093738.fos -Destination \\aura.dk\DAX\DAXarkiv\DataUdveksling\FjernFos_Xellent\ZMD backup\ZMD_2_A-_15_20211014@093738.fos
[2021-12-02 18:06:14:442]: Move-Item -Path \\aura.dk\DAX\DAXarkiv\DAXNET\DataUdveksling\FjernFos_Xellent\ZMD\ZMD_2_A-_15_20211014@093738.fos -Destination \\aura.dk\DAX\DAXarkiv\DAXNET\DataUdveksling\FjernFos_Xellent\ZMD_2
[2021-12-02 18:06:14:442]: Copy-Item \\aura.dk\DAX\DAXarkiv\DAXNET\DataUdveksling\FjernFos_Xellent\ZMD\ZMD_2_A-_15_20211015@065203.fos -Destination \\aura.dk\DAX\DAXarkiv\DataUdveksling\FjernFos_Xellent\ZMD backup\ZMD_2_A-_15_20211015@065203.fos
[2021-12-02 18:06:14:458]: Move-Item -Path \\aura.dk\DAX\DAXarkiv\DAXNET\DataUdveksling\FjernFos_Xellent\ZMD\ZMD_2_A-_15_20211015@065203.fos -Destination \\aura.dk\DAX\DAXarkiv\DAXNET\DataUdveksling\FjernFos_Xellent\ZMD_2
[2021-12-02 18:06:14:458]: Copy-Item \\aura.dk\DAX\DAXarkiv\DAXNET\DataUdveksling\FjernFos_Xellent\ZMD\ZMD_2_A-_15_20211016@065155.fos -Destination \\aura.dk\DAX\DAXarkiv\DataUdveksling\FjernFos_Xellent\ZMD backup\ZMD_2_A-_15_20211016@065155.fos
[2021-12-02 18:06:14:473]: Move-Item -Path \\aura.dk\DAX\DAXarkiv\DAXNET\DataUdveksling\FjernFos_Xellent\ZMD\ZMD_2_A-_15_20211016@065155.fos -Destination \\aura.dk\DAX\DAXarkiv\DAXNET\DataUdveksling\FjernFos_Xellent\ZMD_2
[2021-12-02 18:06:14:489]: Copy-Item \\aura.dk\DAX\DAXarkiv\DAXNET\DataUdveksling\FjernFos_Xellent\ZMD\ZMD_2_A-_15_20211017@065205.fos -Destination \\aura.dk\DAX\DAXarkiv\DataUdveksling\FjernFos_Xellent\ZMD backup\ZMD_2_A-_15_20211017@065205.fos
[2021-12-02 18:06:14:489]: Move-Item -Path \\aura.dk\DAX\DAXarkiv\DAXNET\DataUdveksling\FjernFos_Xellent\ZMD\ZMD_2_A-_15_20211017@065205.fos -Destination \\aura.dk\DAX\DAXarkiv\DAXNET\DataUdveksling\FjernFos_Xellent\ZMD_2
[2021-12-02 18:06:14:505]: Copy-Item \\aura.dk\DAX\DAXarkiv\DAXNET\DataUdveksling\FjernFos_Xellent\ZMD\ZMD_2_A-_15_20211018@065153.fos -Destination \\aura.dk\DAX\DAXarkiv\DataUdveksling\FjernFos_Xellent\ZMD backup\ZMD_2_A-_15_20211018@065153.fos
[2021-12-02 18:06:14:505]: Move-Item -Path \\aura.dk\DAX\DAXarkiv\DAXNET\DataUdveksling\FjernFos_Xellent\ZMD\ZMD_2_A-_15_20211018@065153.fos -Destination \\aura.dk\DAX\DAXarkiv\DAXNET\DataUdveksling\FjernFos_Xellent\ZMD_2
[2021-12-02 18:06:14:505]: Copy-Item \\aura.dk\DAX\DAXarkiv\DAXNET\DataUdveksling\FjernFos_Xellent\ZMD\ZMD_2_A-_15_20211019@065211.fos -Destination \\aura.dk\DAX\DAXarkiv\DataUdveksling\FjernFos_Xellent\ZMD backup\ZMD_2_A-_15_20211019@065211.fos
[2021-12-02 18:06:14:520]: Move-Item -Path \\aura.dk\DAX\DAXarkiv\DAXNET\DataUdveksling\FjernFos_Xellent\ZMD\ZMD_2_A-_15_20211019@065211.fos -Destination \\aura.dk\DAX\DAXarkiv\DAXNET\DataUdveksling\FjernFos_Xellent\ZMD_2
[2021-12-02 18:06:14:520]: Copy-Item \\aura.dk\DAX\DAXarkiv\DAXNET\DataUdveksling\FjernFos_Xellent\ZMD\ZMD_2_A-_15_20211020@065144.fos -Destination \\aura.dk\DAX\DAXarkiv\DataUdveksling\FjernFos_Xellent\ZMD backup\ZMD_2_A-_15_20211020@065144.fos
[2021-12-02 18:06:14:520]: Move-Item -Path \\aura.dk\DAX\DAXarkiv\DAXNET\DataUdveksling\FjernFos_Xellent\ZMD\ZMD_2_A-_15_20211020@065144.fos -Destination \\aura.dk\DAX\DAXarkiv\DAXNET\DataUdveksling\FjernFos_Xellent\ZMD_2
[2021-12-02 18:06:14:536]: Copy-Item \\aura.dk\DAX\DAXarkiv\DAXNET\DataUdveksling\FjernFos_Xellent\ZMD\ZMD_2_A-_15_20211021@065207.fos -Destination \\aura.dk\DAX\DAXarkiv\DataUdveksling\FjernFos_Xellent\ZMD backup\ZMD_2_A-_15_20211021@065207.fos
[2021-12-02 18:06:14:536]: Move-Item -Path \\aura.dk\DAX\DAXarkiv\DAXNET\DataUdveksling\FjernFos_Xellent\ZMD\ZMD_2_A-_15_20211021@065207.fos -Destination \\aura.dk\DAX\DAXarkiv\DAXNET\DataUdveksling\FjernFos_Xellent\ZMD_2
[2021-12-02 18:06:14:536]: Copy-Item \\aura.dk\DAX\DAXarkiv\DAXNET\DataUdveksling\FjernFos_Xellent\ZMD\ZMD_2_A-_15_20211022@065207.fos -Destination \\aura.dk\DAX\DAXarkiv\DataUdveksling\FjernFos_Xellent\ZMD backup\ZMD_2_A-_15_20211022@065207.fos
[2021-12-02 18:06:14:552]: Move-Item -Path \\aura.dk\DAX\DAXarkiv\DAXNET\DataUdveksling\FjernFos_Xellent\ZMD\ZMD_2_A-_15_20211022@065207.fos -Destination \\aura.dk\DAX\DAXarkiv\DAXNET\DataUdveksling\FjernFos_Xellent\ZMD_2
[2021-12-02 18:06:14:552]: Copy-Item \\aura.dk\DAX\DAXarkiv\DAXNET\DataUdveksling\FjernFos_Xellent\ZMD\ZMD_2_A-_15_20211023@065211.fos -Destination \\aura.dk\DAX\DAXarkiv\DataUdveksling\FjernFos_Xellent\ZMD backup\ZMD_2_A-_15_20211023@065211.fos
[2021-12-02 18:06:14:552]: Move-Item -Path \\aura.dk\DAX\DAXarkiv\DAXNET\DataUdveksling\FjernFos_Xellent\ZMD\ZMD_2_A-_15_20211023@065211.fos -Destination \\aura.dk\DAX\DAXarkiv\DAXNET\DataUdveksling\FjernFos_Xellent\ZMD_2
[2021-12-02 18:06:14:567]: Copy-Item \\aura.dk\DAX\DAXarkiv\DAXNET\DataUdveksling\FjernFos_Xellent\ZMD\ZMD_2_A-_15_20211024@065222.fos -Destination \\aura.dk\DAX\DAXarkiv\DataUdveksling\FjernFos_Xellent\ZMD backup\ZMD_2_A-_15_20211024@065222.fos
[2021-12-02 18:06:14:567]: Move-Item -Path \\aura.dk\DAX\DAXarkiv\DAXNET\DataUdveksling\FjernFos_Xellent\ZMD\ZMD_2_A-_15_20211024@065222.fos -Destination \\aura.dk\DAX\DAXarkiv\DAXNET\DataUdveksling\FjernFos_Xellent\ZMD_2
[2021-12-02 18:06:14:567]: Copy-Item \\aura.dk\DAX\DAXarkiv\DAXNET\DataUdveksling\FjernFos_Xellent\ZMD\ZMD_2_A-_15_20211025@065202.fos -Destination \\aura.dk\DAX\DAXarkiv\DataUdveksling\FjernFos_Xellent\ZMD backup\ZMD_2_A-_15_20211025@065202.fos
[2021-12-02 18:06:14:583]: Move-Item -Path \\aura.dk\DAX\DAXarkiv\DAXNET\DataUdveksling\FjernFos_Xellent\ZMD\ZMD_2_A-_15_20211025@065202.fos -Destination \\aura.dk\DAX\DAXarkiv\DAXNET\DataUdveksling\FjernFos_Xellent\ZMD_2
[2021-12-02 18:06:14:583]: Copy-Item \\aura.dk\DAX\DAXarkiv\DAXNET\DataUdveksling\FjernFos_Xellent\ZMD\ZMD_2_A-_15_20211026@065236.fos -Destination \\aura.dk\DAX\DAXarkiv\DataUdveksling\FjernFos_Xellent\ZMD backup\ZMD_2_A-_15_20211026@065236.fos
[2021-12-02 18:06:14:583]: Move-Item -Path \\aura.dk\DAX\DAXarkiv\DAXNET\DataUdveksling\FjernFos_Xellent\ZMD\ZMD_2_A-_15_20211026@065236.fos -Destination \\aura.dk\DAX\DAXarkiv\DAXNET\DataUdveksling\FjernFos_Xellent\ZMD_2
[2021-12-02 18:06:14:598]: Copy-Item \\aura.dk\DAX\DAXarkiv\DAXNET\DataUdveksling\FjernFos_Xellent\ZMD\ZMD_2_A-_15_20211027@065305.fos -Destination \\aura.dk\DAX\DAXarkiv\DataUdveksling\FjernFos_Xellent\ZMD backup\ZMD_2_A-_15_20211027@065305.fos
[2021-12-02 18:06:14:598]: Move-Item -Path \\aura.dk\DAX\DAXarkiv\DAXNET\DataUdveksling\FjernFos_Xellent\ZMD\ZMD_2_A-_15_20211027@065305.fos -Destination \\aura.dk\DAX\DAXarkiv\DAXNET\DataUdveksling\FjernFos_Xellent\ZMD_2
[2021-12-02 18:06:14:598]: Copy-Item \\aura.dk\DAX\DAXarkiv\DAXNET\DataUdveksling\FjernFos_Xellent\ZMD\ZMD_2_A-_15_20211028@065216.fos -Destination \\aura.dk\DAX\DAXarkiv\DataUdveksling\FjernFos_Xellent\ZMD backup\ZMD_2_A-_15_20211028@065216.fos
[2021-12-02 18:06:14:614]: Move-Item -Path \\aura.dk\DAX\DAXarkiv\DAXNET\DataUdveksling\FjernFos_Xellent\ZMD\ZMD_2_A-_15_20211028@065216.fos -Destination \\aura.dk\DAX\DAXarkiv\DAXNET\DataUdveksling\FjernFos_Xellent\ZMD_2
[2021-12-02 18:06:14:614]: Copy-Item \\aura.dk\DAX\DAXarkiv\DAXNET\DataUdveksling\FjernFos_Xellent\ZMD\ZMD_2_A-_15_20211029@065303.fos -Destination \\aura.dk\DAX\DAXarkiv\DataUdveksling\FjernFos_Xellent\ZMD backup\ZMD_2_A-_15_20211029@065303.fos
[2021-12-02 18:06:14:630]: Move-Item -Path \\aura.dk\DAX\DAXarkiv\DAXNET\DataUdveksling\FjernFos_Xellent\ZMD\ZMD_2_A-_15_20211029@065303.fos -Destination \\aura.dk\DAX\DAXarkiv\DAXNET\DataUdveksling\FjernFos_Xellent\ZMD_2
[2021-12-02 18:06:14:630]: Copy-Item \\aura.dk\DAX\DAXarkiv\DAXNET\DataUdveksling\FjernFos_Xellent\ZMD\ZMD_2_A-_15_20211030@065212.fos -Destination \\aura.dk\DAX\DAXarkiv\DataUdveksling\FjernFos_Xellent\ZMD backup\ZMD_2_A-_15_20211030@065212.fos
[2021-12-02 18:06:14:630]: Move-Item -Path \\aura.dk\DAX\DAXarkiv\DAXNET\DataUdveksling\FjernFos_Xellent\ZMD\ZMD_2_A-_15_20211030@065212.fos -Destination \\aura.dk\DAX\DAXarkiv\DAXNET\DataUdveksling\FjernFos_Xellent\ZMD_2
[2021-12-02 18:06:14:645]: Copy-Item \\aura.dk\DAX\DAXarkiv\DAXNET\DataUdveksling\FjernFos_Xellent\ZMD\ZMD_2_A-_15_20211031@065218.fos -Destination \\aura.dk\DAX\DAXarkiv\DataUdveksling\FjernFos_Xellent\ZMD backup\ZMD_2_A-_15_20211031@065218.fos
[2021-12-02 18:06:14:645]: Move-Item -Path \\aura.dk\DAX\DAXarkiv\DAXNET\DataUdveksling\FjernFos_Xellent\ZMD\ZMD_2_A-_15_20211031@065218.fos -Destination \\aura.dk\DAX\DAXarkiv\DAXNET\DataUdveksling\FjernFos_Xellent\ZMD_2
[2021-12-02 18:06:14:645]: Copy-Item \\aura.dk\DAX\DAXarkiv\DAXNET\DataUdveksling\FjernFos_Xellent\ZMD\ZMD_2_A-_15_20211101@065304.fos -Destination \\aura.dk\DAX\DAXarkiv\DataUdveksling\FjernFos_Xellent\ZMD backup\ZMD_2_A-_15_20211101@065304.fos
[2021-12-02 18:06:14:645]: Move-Item -Path \\aura.dk\DAX\DAXarkiv\DAXNET\DataUdveksling\FjernFos_Xellent\ZMD\ZMD_2_A-_15_20211101@065304.fos -Destination \\aura.dk\DAX\DAXarkiv\DAXNET\DataUdveksling\FjernFos_Xellent\ZMD_2
[2021-12-02 18:06:14:661]: Copy-Item \\aura.dk\DAX\DAXarkiv\DAXNET\DataUdveksling\FjernFos_Xellent\ZMD\ZMD_2_A-_15_20211102@065319.fos -Destination \\aura.dk\DAX\DAXarkiv\DataUdveksling\FjernFos_Xellent\ZMD backup\ZMD_2_A-_15_20211102@065319.fos
[2021-12-02 18:06:14:661]: Move-Item -Path \\aura.dk\DAX\DAXarkiv\DAXNET\DataUdveksling\FjernFos_Xellent\ZMD\ZMD_2_A-_15_20211102@065319.fos -Destination \\aura.dk\DAX\DAXarkiv\DAXNET\DataUdveksling\FjernFos_Xellent\ZMD_2
[2021-12-02 18:06:14:661]: Copy-Item \\aura.dk\DAX\DAXarkiv\DAXNET\DataUdveksling\FjernFos_Xellent\ZMD\ZMD_2_A-_15_20211103@065332.fos -Destination \\aura.dk\DAX\DAXarkiv\DataUdveksling\FjernFos_Xellent\ZMD backup\ZMD_2_A-_15_20211103@065332.fos
[2021-12-02 18:06:14:679]: Move-Item -Path \\aura.dk\DAX\DAXarkiv\DAXNET\DataUdveksling\FjernFos_Xellent\ZMD\ZMD_2_A-_15_20211103@065332.fos -Destination \\aura.dk\DAX\DAXarkiv\DAXNET\DataUdveksling\FjernFos_Xellent\ZMD_2
[2021-12-02 18:06:14:692]: Copy-Item \\aura.dk\DAX\DAXarkiv\DAXNET\DataUdveksling\FjernFos_Xellent\ZMD\ZMD_2_A-_15_20211104@065430.fos -Destination \\aura.dk\DAX\DAXarkiv\DataUdveksling\FjernFos_Xellent\ZMD backup\ZMD_2_A-_15_20211104@065430.fos
[2021-12-02 18:06:14:692]: Move-Item -Path \\aura.dk\DAX\DAXarkiv\DAXNET\DataUdveksling\FjernFos_Xellent\ZMD\ZMD_2_A-_15_20211104@065430.fos -Destination \\aura.dk\DAX\DAXarkiv\DAXNET\DataUdveksling\FjernFos_Xellent\ZMD_2
[2021-12-02 18:06:14:692]: Copy-Item \\aura.dk\DAX\DAXarkiv\DAXNET\DataUdveksling\FjernFos_Xellent\ZMD\ZMD_2_A-_15_20211105@065225.fos -Destination \\aura.dk\DAX\DAXarkiv\DataUdveksling\FjernFos_Xellent\ZMD backup\ZMD_2_A-_15_20211105@065225.fos
[2021-12-02 18:06:14:708]: Move-Item -Path \\aura.dk\DAX\DAXarkiv\DAXNET\DataUdveksling\FjernFos_Xellent\ZMD\ZMD_2_A-_15_20211105@065225.fos -Destination \\aura.dk\DAX\DAXarkiv\DAXNET\DataUdveksling\FjernFos_Xellent\ZMD_2
[2021-12-02 18:06:14:708]: Copy-Item \\aura.dk\DAX\DAXarkiv\DAXNET\DataUdveksling\FjernFos_Xellent\ZMD\ZMD_2_A-_15_20211106@065145.fos -Destination \\aura.dk\DAX\DAXarkiv\DataUdveksling\FjernFos_Xellent\ZMD backup\ZMD_2_A-_15_20211106@065145.fos
[2021-12-02 18:06:14:708]: Move-Item -Path \\aura.dk\DAX\DAXarkiv\DAXNET\DataUdveksling\FjernFos_Xellent\ZMD\ZMD_2_A-_15_20211106@065145.fos -Destination \\aura.dk\DAX\DAXarkiv\DAXNET\DataUdveksling\FjernFos_Xellent\ZMD_2
[2021-12-02 18:15:08:356]: Copy-Item \\aura.dk\DAX\DAXarkiv\DAXNET\DataUdveksling\FjernFos_Xellent\ZMD\ZMD_1_A+_15_20211005@083340.fos -Destination \\aura.dk\DAX\DAXarkiv\DataUdveksling\FjernFos_Xellent\ZMD backup\ZMD_1_A+_15_20211005@083340.fos
[2021-12-02 18:15:08:371]: Error - File: \\aura.dk\DAX\DAXarkiv\DAXNET\DataUdveksling\FjernFos_Xellent\ZMD\ZMD_1_A+_15_20211005@083340.fos does not exist in backup folder: \\aura.dk\DAX\DAXarkiv\DataUdveksling\FjernFos_Xellent\ZMD backup\ZMD_1_A+_15_20211005@083340.fos. Skipping moving file to: \\aura.dk\DAX\DAXarkiv\DAXNET\DataUdveksling\FjernFos_Xellent\ZMD_1.fos
[2021-12-02 18:15:08:371]: Copy-Item \\aura.dk\DAX\DAXarkiv\DAXNET\DataUdveksling\FjernFos_Xellent\ZMD\ZMD_1_A+_15_20211006@075230.fos -Destination \\aura.dk\DAX\DAXarkiv\DataUdveksling\FjernFos_Xellent\ZMD backup\ZMD_1_A+_15_20211006@075230.fos
[2021-12-02 18:15:08:371]: Error - File: \\aura.dk\DAX\DAXarkiv\DAXNET\DataUdveksling\FjernFos_Xellent\ZMD\ZMD_1_A+_15_20211006@075230.fos does not exist in backup folder: \\aura.dk\DAX\DAXarkiv\DataUdveksling\FjernFos_Xellent\ZMD backup\ZMD_1_A+_15_20211006@075230.fos. Skipping moving file to: \\aura.dk\DAX\DAXarkiv\DAXNET\DataUdveksling\FjernFos_Xellent\ZMD_1.fos
[2021-12-02 18:15:08:387]: Copy-Item \\aura.dk\DAX\DAXarkiv\DAXNET\DataUdveksling\FjernFos_Xellent\ZMD\ZMD_1_A+_15_20211007@065229.fos -Destination \\aura.dk\DAX\DAXarkiv\DataUdveksling\FjernFos_Xellent\ZMD backup\ZMD_1_A+_15_20211007@065229.fos
[2021-12-02 18:15:08:387]: Error - File: \\aura.dk\DAX\DAXarkiv\DAXNET\DataUdveksling\FjernFos_Xellent\ZMD\ZMD_1_A+_15_20211007@065229.fos does not exist in backup folder: \\aura.dk\DAX\DAXarkiv\DataUdveksling\FjernFos_Xellent\ZMD backup\ZMD_1_A+_15_20211007@065229.fos. Skipping moving file to: \\aura.dk\DAX\DAXarkiv\DAXNET\DataUdveksling\FjernFos_Xellent\ZMD_1.fos
[2021-12-02 18:15:08:403]: Copy-Item \\aura.dk\DAX\DAXarkiv\DAXNET\DataUdveksling\FjernFos_Xellent\ZMD\ZMD_1_A+_15_20211008@065324.fos -Destination \\aura.dk\DAX\DAXarkiv\DataUdveksling\FjernFos_Xellent\ZMD backup\ZMD_1_A+_15_20211008@065324.fos
[2021-12-02 18:15:08:403]: Error - File: \\aura.dk\DAX\DAXarkiv\DAXNET\DataUdveksling\FjernFos_Xellent\ZMD\ZMD_1_A+_15_20211008@065324.fos does not exist in backup folder: \\aura.dk\DAX\DAXarkiv\DataUdveksling\FjernFos_Xellent\ZMD backup\ZMD_1_A+_15_20211008@065324.fos. Skipping moving file to: \\aura.dk\DAX\DAXarkiv\DAXNET\DataUdveksling\FjernFos_Xellent\ZMD_1.fos
[2021-12-02 18:15:08:418]: Copy-Item \\aura.dk\DAX\DAXarkiv\DAXNET\DataUdveksling\FjernFos_Xellent\ZMD\ZMD_1_A+_15_20211009@065311.fos -Destination \\aura.dk\DAX\DAXarkiv\DataUdveksling\FjernFos_Xellent\ZMD backup\ZMD_1_A+_15_20211009@065311.fos
[2021-12-02 18:15:08:418]: Error - File: \\aura.dk\DAX\DAXarkiv\DAXNET\DataUdveksling\FjernFos_Xellent\ZMD\ZMD_1_A+_15_20211009@065311.fos does not exist in backup folder: \\aura.dk\DAX\DAXarkiv\DataUdveksling\FjernFos_Xellent\ZMD backup\ZMD_1_A+_15_20211009@065311.fos. Skipping moving file to: \\aura.dk\DAX\DAXarkiv\DAXNET\DataUdveksling\FjernFos_Xellent\ZMD_1.fos
[2021-12-02 18:15:08:418]: Copy-Item \\aura.dk\DAX\DAXarkiv\DAXNET\DataUdveksling\FjernFos_Xellent\ZMD\ZMD_1_A+_15_20211010@065347.fos -Destination \\aura.dk\DAX\DAXarkiv\DataUdveksling\FjernFos_Xellent\ZMD backup\ZMD_1_A+_15_20211010@065347.fos
[2021-12-02 18:15:08:434]: Error - File: \\aura.dk\DAX\DAXarkiv\DAXNET\DataUdveksling\FjernFos_Xellent\ZMD\ZMD_1_A+_15_20211010@065347.fos does not exist in backup folder: \\aura.dk\DAX\DAXarkiv\DataUdveksling\FjernFos_Xellent\ZMD backup\ZMD_1_A+_15_20211010@065347.fos. Skipping moving file to: \\aura.dk\DAX\DAXarkiv\DAXNET\DataUdveksling\FjernFos_Xellent\ZMD_1.fos
[2021-12-02 18:18:29:359]: Copy-Item \\aura.dk\DAX\DAXarkiv\DAXNET\DataUdveksling\FjernFos_Xellent\ZMD\ZMD_1_A+_15_20211005@083340.fos -Destination \\aura.dk\DAX\DAXarkiv\DataUdveksling\FjernFos_Xellent\ZMD backup\ZMD_1_A+_15_20211005@083340.fos
[2021-12-02 18:18:29:375]: Error - File: \\aura.dk\DAX\DAXarkiv\DAXNET\DataUdveksling\FjernFos_Xellent\ZMD\ZMD_1_A+_15_20211005@083340.fos does not exist in backup folder: \\aura.dk\DAX\DAXarkiv\DataUdveksling\FjernFos_Xellent\ZMD backup\ZMD_1_A+_15_20211005@083340.fos. Skipping moving file to: \\aura.dk\DAX\DAXarkiv\DAXNET\DataUdveksling\FjernFos_Xellent\ZMD_1.fos
[2021-12-02 18:19:13:792]: Copy-Item \\aura.dk\DAX\DAXarkiv\DAXNET\DataUdveksling\FjernFos_Xellent\ZMD\ZMD_1_A+_15_20211006@075230.fos -Destination \\aura.dk\DAX\DAXarkiv\DataUdveksling\FjernFos_Xellent\ZMD backup\ZMD_1_A+_15_20211006@075230.fos
[2021-12-02 18:19:13:807]: Error - File: \\aura.dk\DAX\DAXarkiv\DAXNET\DataUdveksling\FjernFos_Xellent\ZMD\ZMD_1_A+_15_20211006@075230.fos does not exist in backup folder: \\aura.dk\DAX\DAXarkiv\DataUdveksling\FjernFos_Xellent\ZMD backup\ZMD_1_A+_15_20211006@075230.fos. Skipping moving file to: \\aura.dk\DAX\DAXarkiv\DAXNET\DataUdveksling\FjernFos_Xellent\ZMD_1.fos
[2021-12-02 18:30:31:995]: Move-Item \\sftp01\c$\Share\landisgyr\Monthly\monthly_report.mdp -Destination \\aura.dk\DAX\DAXarkiv\DAXNET\DataUdveksling\Aflaesninger\AIM\monthly_report.mdp
[2021-12-02 18:30:32:011]: Move-Item \\sftp01\c$\Share\landisgyr\Monthly\monthly_report_20211014.mdp -Destination \\aura.dk\DAX\DAXarkiv\DAXNET\DataUdveksling\Aflaesninger\AIM\monthly_report_20211014.mdp
[2021-12-02 18:30:32:011]: Move-Item \\sftp01\c$\Share\landisgyr\Monthly\monthly_report_20211102.mdp -Destination \\aura.dk\DAX\DAXarkiv\DAXNET\DataUdveksling\Aflaesninger\AIM\monthly_report_20211102.mdp
