[2023-03-03 10:04:38:929]: - Success - Move-Item \\sftp01\c$\Share\landisgyr\Resend\Resend_ZMD_1_A+_15_20230303@100152.fos -Destination "\\aura.dk\DAX\DAXarkiv\DAXNET\DataUdveksling\FjernFos_Xellent\ZMD\Resend_ZMD_1_A+_15_20230303@100152.fos"
[2023-03-03 10:04:38:992]: - Success - Move-Item \\sftp01\c$\Share\landisgyr\Resend\Resend_ZMD_1_A+_15_20230303@100416.fos -Destination "\\aura.dk\DAX\DAXarkiv\DAXNET\DataUdveksling\FjernFos_Xellent\ZMD\Resend_ZMD_1_A+_15_20230303@100416.fos"
[2023-03-03 10:04:39:023]: - Success - Move-Item \\sftp01\c$\Share\landisgyr\Resend\Resend_ZMD_2_A-_15_20230303@100207.fos -Destination "\\aura.dk\DAX\DAXarkiv\DAXNET\DataUdveksling\FjernFos_Xellent\ZMD\Resend_ZMD_2_A-_15_20230303@100207.fos"
[2023-03-03 10:04:39:039]: - Success - Move-Item \\sftp01\c$\Share\landisgyr\Resend\Resend_ZMD_2_A-_15_20230303@100419.fos -Destination "\\aura.dk\DAX\DAXarkiv\DAXNET\DataUdveksling\FjernFos_Xellent\ZMD\Resend_ZMD_2_A-_15_20230303@100419.fos"
[2023-03-03 10:04:39:070]: - Success - Move-Item \\sftp01\c$\Share\landisgyr\Resend\Resend_ZMD_3_R+_15_20230303@100208.fos -Destination "\\aura.dk\DAX\DAXarkiv\DAXNET\DataUdveksling\FjernFos_Xellent\ZMD\Resend_ZMD_3_R+_15_20230303@100208.fos"
[2023-03-03 10:04:39:086]: - Success - Move-Item \\sftp01\c$\Share\landisgyr\Resend\Resend_ZMD_3_R+_15_20230303@100420.fos -Destination "\\aura.dk\DAX\DAXarkiv\DAXNET\DataUdveksling\FjernFos_Xellent\ZMD\Resend_ZMD_3_R+_15_20230303@100420.fos"
[2023-03-03 10:04:39:101]: - Success - Move-Item \\sftp01\c$\Share\landisgyr\Resend\Resend_ZMD_4_R-_15_20230303@100212.fos -Destination "\\aura.dk\DAX\DAXarkiv\DAXNET\DataUdveksling\FjernFos_Xellent\ZMD\Resend_ZMD_4_R-_15_20230303@100212.fos"
[2023-03-03 10:04:39:117]: - Success - Move-Item \\sftp01\c$\Share\landisgyr\Resend\Resend_ZMD_4_R-_15_20230303@100420.fos -Destination "\\aura.dk\DAX\DAXarkiv\DAXNET\DataUdveksling\FjernFos_Xellent\ZMD\Resend_ZMD_4_R-_15_20230303@100420.fos"
[2023-03-03 10:04:39:132]: Copy-Item \\aura.dk\DAX\DAXarkiv\DAXNET\DataUdveksling\FjernFos_Xellent\ZMD\Resend_ZMD_1_A+_15_20230303@100152.fos -Destination \\aura.dk\DAX\DAXarkiv\DAXNET\DataUdveksling\FjernFos_Xellent\ZMD backup\Resend_ZMD_1_A+_15_20230303@100152.fos
[2023-03-03 10:04:39:148]: Move-Item -Path \\aura.dk\DAX\DAXarkiv\DAXNET\DataUdveksling\FjernFos_Xellent\ZMD\Resend_ZMD_1_A+_15_20230303@100152.fos -Destination \\aura.dk\DAX\DAXarkiv\DAXNET\DataUdveksling\FjernFos_Xellent\ZMD_1.fos
[2023-03-03 10:04:39:164]: Copy-Item \\aura.dk\DAX\DAXarkiv\DAXNET\DataUdveksling\FjernFos_Xellent\ZMD\Resend_ZMD_1_A+_15_20230303@100416.fos -Destination \\aura.dk\DAX\DAXarkiv\DAXNET\DataUdveksling\FjernFos_Xellent\ZMD backup\Resend_ZMD_1_A+_15_20230303@100416.fos
[2023-03-03 10:04:39:164]: Error - file already exists on destination: \\aura.dk\DAX\DAXarkiv\DAXNET\DataUdveksling\FjernFos_Xellent\ZMD_1.fos
[2023-03-03 10:04:39:179]: Copy-Item \\aura.dk\DAX\DAXarkiv\DAXNET\DataUdveksling\FjernFos_Xellent\ZMD\Resend_ZMD_2_A-_15_20230303@100207.fos -Destination \\aura.dk\DAX\DAXarkiv\DAXNET\DataUdveksling\FjernFos_Xellent\ZMD backup\Resend_ZMD_2_A-_15_20230303@100207.fos
[2023-03-03 10:04:39:195]: Move-Item -Path \\aura.dk\DAX\DAXarkiv\DAXNET\DataUdveksling\FjernFos_Xellent\ZMD\Resend_ZMD_2_A-_15_20230303@100207.fos -Destination \\aura.dk\DAX\DAXarkiv\DAXNET\DataUdveksling\FjernFos_Xellent\ZMD_2.fos
[2023-03-03 10:04:39:211]: Copy-Item \\aura.dk\DAX\DAXarkiv\DAXNET\DataUdveksling\FjernFos_Xellent\ZMD\Resend_ZMD_2_A-_15_20230303@100419.fos -Destination \\aura.dk\DAX\DAXarkiv\DAXNET\DataUdveksling\FjernFos_Xellent\ZMD backup\Resend_ZMD_2_A-_15_20230303@100419.fos
[2023-03-03 10:04:39:211]: Error - file already exists on destination: \\aura.dk\DAX\DAXarkiv\DAXNET\DataUdveksling\FjernFos_Xellent\ZMD_2.fos
[2023-03-03 10:04:39:211]: Copy-Item \\aura.dk\DAX\DAXarkiv\DAXNET\DataUdveksling\FjernFos_Xellent\ZMD\Resend_ZMD_3_R+_15_20230303@100208.fos -Destination \\aura.dk\DAX\DAXarkiv\DAXNET\DataUdveksling\FjernFos_Xellent\ZMD backup\Resend_ZMD_3_R+_15_20230303@100208.fos
[2023-03-03 10:04:39:226]: Move-Item -Path \\aura.dk\DAX\DAXarkiv\DAXNET\DataUdveksling\FjernFos_Xellent\ZMD\Resend_ZMD_3_R+_15_20230303@100208.fos -Destination \\aura.dk\DAX\DAXarkiv\DAXNET\DataUdveksling\FjernFos_Xellent\ZMD_3.fos
[2023-03-03 10:04:39:242]: Copy-Item \\aura.dk\DAX\DAXarkiv\DAXNET\DataUdveksling\FjernFos_Xellent\ZMD\Resend_ZMD_3_R+_15_20230303@100420.fos -Destination \\aura.dk\DAX\DAXarkiv\DAXNET\DataUdveksling\FjernFos_Xellent\ZMD backup\Resend_ZMD_3_R+_15_20230303@100420.fos
[2023-03-03 10:04:39:242]: Error - file already exists on destination: \\aura.dk\DAX\DAXarkiv\DAXNET\DataUdveksling\FjernFos_Xellent\ZMD_3.fos
[2023-03-03 10:04:39:242]: Copy-Item \\aura.dk\DAX\DAXarkiv\DAXNET\DataUdveksling\FjernFos_Xellent\ZMD\Resend_ZMD_4_R-_15_20230303@100212.fos -Destination \\aura.dk\DAX\DAXarkiv\DAXNET\DataUdveksling\FjernFos_Xellent\ZMD backup\Resend_ZMD_4_R-_15_20230303@100212.fos
[2023-03-03 10:04:39:257]: Move-Item -Path \\aura.dk\DAX\DAXarkiv\DAXNET\DataUdveksling\FjernFos_Xellent\ZMD\Resend_ZMD_4_R-_15_20230303@100212.fos -Destination \\aura.dk\DAX\DAXarkiv\DAXNET\DataUdveksling\FjernFos_Xellent\ZMD_4.fos
[2023-03-03 10:04:39:273]: Copy-Item \\aura.dk\DAX\DAXarkiv\DAXNET\DataUdveksling\FjernFos_Xellent\ZMD\Resend_ZMD_4_R-_15_20230303@100420.fos -Destination \\aura.dk\DAX\DAXarkiv\DAXNET\DataUdveksling\FjernFos_Xellent\ZMD backup\Resend_ZMD_4_R-_15_20230303@100420.fos
[2023-03-03 10:04:39:273]: Error - file already exists on destination: \\aura.dk\DAX\DAXarkiv\DAXNET\DataUdveksling\FjernFos_Xellent\ZMD_4.fos
[2023-03-03 10:04:40:617]: Copy-Item \\aura.dk\DAX\DAXarkiv\DAXNET\DataUdveksling\FjernFos_Xellent\ZMD\Resend_ZMD_1_A+_15_20230303@100416.fos -Destination \\aura.dk\DAX\DAXarkiv\DAXNET\DataUdveksling\FjernFos_Xellent\ZMD backup\Resend_ZMD_1_A+_15_20230303@100416.fos
[2023-03-03 10:04:40:632]: Error - file already exists on destination: \\aura.dk\DAX\DAXarkiv\DAXNET\DataUdveksling\FjernFos_Xellent\ZMD_1.fos
[2023-03-03 10:04:40:648]: Copy-Item \\aura.dk\DAX\DAXarkiv\DAXNET\DataUdveksling\FjernFos_Xellent\ZMD\Resend_ZMD_2_A-_15_20230303@100419.fos -Destination \\aura.dk\DAX\DAXarkiv\DAXNET\DataUdveksling\FjernFos_Xellent\ZMD backup\Resend_ZMD_2_A-_15_20230303@100419.fos
[2023-03-03 10:04:40:648]: Error - file already exists on destination: \\aura.dk\DAX\DAXarkiv\DAXNET\DataUdveksling\FjernFos_Xellent\ZMD_2.fos
[2023-03-03 10:04:40:679]: Copy-Item \\aura.dk\DAX\DAXarkiv\DAXNET\DataUdveksling\FjernFos_Xellent\ZMD\Resend_ZMD_3_R+_15_20230303@100420.fos -Destination \\aura.dk\DAX\DAXarkiv\DAXNET\DataUdveksling\FjernFos_Xellent\ZMD backup\Resend_ZMD_3_R+_15_20230303@100420.fos
[2023-03-03 10:04:40:679]: Error - file already exists on destination: \\aura.dk\DAX\DAXarkiv\DAXNET\DataUdveksling\FjernFos_Xellent\ZMD_3.fos
[2023-03-03 10:04:40:695]: Copy-Item \\aura.dk\DAX\DAXarkiv\DAXNET\DataUdveksling\FjernFos_Xellent\ZMD\Resend_ZMD_4_R-_15_20230303@100420.fos -Destination \\aura.dk\DAX\DAXarkiv\DAXNET\DataUdveksling\FjernFos_Xellent\ZMD backup\Resend_ZMD_4_R-_15_20230303@100420.fos
[2023-03-03 10:04:40:695]: Error - file already exists on destination: \\aura.dk\DAX\DAXarkiv\DAXNET\DataUdveksling\FjernFos_Xellent\ZMD_4.fos
[2023-03-03 10:05:39:852]: Copy-Item \\aura.dk\DAX\DAXarkiv\DAXNET\DataUdveksling\FjernFos_Xellent\ZMD\Resend_ZMD_1_A+_15_20230303@100416.fos -Destination \\aura.dk\DAX\DAXarkiv\DAXNET\DataUdveksling\FjernFos_Xellent\ZMD backup\Resend_ZMD_1_A+_15_20230303@100416.fos
[2023-03-03 10:05:39:883]: Move-Item -Path \\aura.dk\DAX\DAXarkiv\DAXNET\DataUdveksling\FjernFos_Xellent\ZMD\Resend_ZMD_1_A+_15_20230303@100416.fos -Destination \\aura.dk\DAX\DAXarkiv\DAXNET\DataUdveksling\FjernFos_Xellent\ZMD_1.fos
[2023-03-03 10:05:39:883]: Copy-Item \\aura.dk\DAX\DAXarkiv\DAXNET\DataUdveksling\FjernFos_Xellent\ZMD\Resend_ZMD_2_A-_15_20230303@100419.fos -Destination \\aura.dk\DAX\DAXarkiv\DAXNET\DataUdveksling\FjernFos_Xellent\ZMD backup\Resend_ZMD_2_A-_15_20230303@100419.fos
[2023-03-03 10:05:39:914]: Move-Item -Path \\aura.dk\DAX\DAXarkiv\DAXNET\DataUdveksling\FjernFos_Xellent\ZMD\Resend_ZMD_2_A-_15_20230303@100419.fos -Destination \\aura.dk\DAX\DAXarkiv\DAXNET\DataUdveksling\FjernFos_Xellent\ZMD_2.fos
[2023-03-03 10:05:39:930]: Copy-Item \\aura.dk\DAX\DAXarkiv\DAXNET\DataUdveksling\FjernFos_Xellent\ZMD\Resend_ZMD_3_R+_15_20230303@100420.fos -Destination \\aura.dk\DAX\DAXarkiv\DAXNET\DataUdveksling\FjernFos_Xellent\ZMD backup\Resend_ZMD_3_R+_15_20230303@100420.fos
[2023-03-03 10:05:39:930]: Move-Item -Path \\aura.dk\DAX\DAXarkiv\DAXNET\DataUdveksling\FjernFos_Xellent\ZMD\Resend_ZMD_3_R+_15_20230303@100420.fos -Destination \\aura.dk\DAX\DAXarkiv\DAXNET\DataUdveksling\FjernFos_Xellent\ZMD_3.fos
[2023-03-03 10:05:39:945]: Copy-Item \\aura.dk\DAX\DAXarkiv\DAXNET\DataUdveksling\FjernFos_Xellent\ZMD\Resend_ZMD_4_R-_15_20230303@100420.fos -Destination \\aura.dk\DAX\DAXarkiv\DAXNET\DataUdveksling\FjernFos_Xellent\ZMD backup\Resend_ZMD_4_R-_15_20230303@100420.fos
[2023-03-03 10:05:39:961]: Move-Item -Path \\aura.dk\DAX\DAXarkiv\DAXNET\DataUdveksling\FjernFos_Xellent\ZMD\Resend_ZMD_4_R-_15_20230303@100420.fos -Destination \\aura.dk\DAX\DAXarkiv\DAXNET\DataUdveksling\FjernFos_Xellent\ZMD_4.fos
[2023-03-03 10:10:38:920]: - Success - Move-Item \\sftp01\c$\Share\landisgyr\Resend\Resend_ZMD_1_A+_15_20230303@100947.fos -Destination "\\aura.dk\DAX\DAXarkiv\DAXNET\DataUdveksling\FjernFos_Xellent\ZMD\Resend_ZMD_1_A+_15_20230303@100947.fos"
[2023-03-03 10:10:38:952]: - Success - Move-Item \\sftp01\c$\Share\landisgyr\Resend\Resend_ZMD_2_A-_15_20230303@100949.fos -Destination "\\aura.dk\DAX\DAXarkiv\DAXNET\DataUdveksling\FjernFos_Xellent\ZMD\Resend_ZMD_2_A-_15_20230303@100949.fos"
[2023-03-03 10:10:38:983]: - Success - Move-Item \\sftp01\c$\Share\landisgyr\Resend\Resend_ZMD_3_R+_15_20230303@100949.fos -Destination "\\aura.dk\DAX\DAXarkiv\DAXNET\DataUdveksling\FjernFos_Xellent\ZMD\Resend_ZMD_3_R+_15_20230303@100949.fos"
[2023-03-03 10:10:38:998]: - Success - Move-Item \\sftp01\c$\Share\landisgyr\Resend\Resend_ZMD_4_R-_15_20230303@100950.fos -Destination "\\aura.dk\DAX\DAXarkiv\DAXNET\DataUdveksling\FjernFos_Xellent\ZMD\Resend_ZMD_4_R-_15_20230303@100950.fos"
[2023-03-03 10:10:39:045]: Copy-Item \\aura.dk\DAX\DAXarkiv\DAXNET\DataUdveksling\FjernFos_Xellent\ZMD\Resend_ZMD_1_A+_15_20230303@100947.fos -Destination \\aura.dk\DAX\DAXarkiv\DAXNET\DataUdveksling\FjernFos_Xellent\ZMD backup\Resend_ZMD_1_A+_15_20230303@100947.fos
[2023-03-03 10:10:39:061]: Move-Item -Path \\aura.dk\DAX\DAXarkiv\DAXNET\DataUdveksling\FjernFos_Xellent\ZMD\Resend_ZMD_1_A+_15_20230303@100947.fos -Destination \\aura.dk\DAX\DAXarkiv\DAXNET\DataUdveksling\FjernFos_Xellent\ZMD_1.fos
[2023-03-03 10:10:39:077]: Copy-Item \\aura.dk\DAX\DAXarkiv\DAXNET\DataUdveksling\FjernFos_Xellent\ZMD\Resend_ZMD_2_A-_15_20230303@100949.fos -Destination \\aura.dk\DAX\DAXarkiv\DAXNET\DataUdveksling\FjernFos_Xellent\ZMD backup\Resend_ZMD_2_A-_15_20230303@100949.fos
[2023-03-03 10:10:39:077]: Move-Item -Path \\aura.dk\DAX\DAXarkiv\DAXNET\DataUdveksling\FjernFos_Xellent\ZMD\Resend_ZMD_2_A-_15_20230303@100949.fos -Destination \\aura.dk\DAX\DAXarkiv\DAXNET\DataUdveksling\FjernFos_Xellent\ZMD_2.fos
[2023-03-03 10:10:39:108]: Copy-Item \\aura.dk\DAX\DAXarkiv\DAXNET\DataUdveksling\FjernFos_Xellent\ZMD\Resend_ZMD_3_R+_15_20230303@100949.fos -Destination \\aura.dk\DAX\DAXarkiv\DAXNET\DataUdveksling\FjernFos_Xellent\ZMD backup\Resend_ZMD_3_R+_15_20230303@100949.fos
[2023-03-03 10:10:39:108]: Move-Item -Path \\aura.dk\DAX\DAXarkiv\DAXNET\DataUdveksling\FjernFos_Xellent\ZMD\Resend_ZMD_3_R+_15_20230303@100949.fos -Destination \\aura.dk\DAX\DAXarkiv\DAXNET\DataUdveksling\FjernFos_Xellent\ZMD_3.fos
[2023-03-03 10:10:39:123]: Copy-Item \\aura.dk\DAX\DAXarkiv\DAXNET\DataUdveksling\FjernFos_Xellent\ZMD\Resend_ZMD_4_R-_15_20230303@100950.fos -Destination \\aura.dk\DAX\DAXarkiv\DAXNET\DataUdveksling\FjernFos_Xellent\ZMD backup\Resend_ZMD_4_R-_15_20230303@100950.fos
[2023-03-03 10:10:39:139]: Move-Item -Path \\aura.dk\DAX\DAXarkiv\DAXNET\DataUdveksling\FjernFos_Xellent\ZMD\Resend_ZMD_4_R-_15_20230303@100950.fos -Destination \\aura.dk\DAX\DAXarkiv\DAXNET\DataUdveksling\FjernFos_Xellent\ZMD_4.fos
