[2023-08-15 07:28:40:153]: - Success - Move-Item \\sftp01\c$\Share\landisgyr\FOS\ZMD_1_A+_15_20230815@062638.fos -Destination "\\aura.dk\DAX\DAXarkiv\DAXNET\DataUdveksling\FjernFos_Xellent\ZMD\ZMD_1_A+_15_20230815@062638.fos"
[2023-08-15 07:28:40:216]: - Success - Move-Item \\sftp01\c$\Share\landisgyr\FOS\ZMD_2_A-_15_20230815@062657.fos -Destination "\\aura.dk\DAX\DAXarkiv\DAXNET\DataUdveksling\FjernFos_Xellent\ZMD\ZMD_2_A-_15_20230815@062657.fos"
[2023-08-15 07:28:40:263]: - Success - Move-Item \\sftp01\c$\Share\landisgyr\FOS\ZMD_3_R+_15_20230815@062716.fos -Destination "\\aura.dk\DAX\DAXarkiv\DAXNET\DataUdveksling\FjernFos_Xellent\ZMD\ZMD_3_R+_15_20230815@062716.fos"
[2023-08-15 07:28:40:294]: - Success - Move-Item \\sftp01\c$\Share\landisgyr\FOS\ZMD_4_R-_15_20230815@062735.fos -Destination "\\aura.dk\DAX\DAXarkiv\DAXNET\DataUdveksling\FjernFos_Xellent\ZMD\ZMD_4_R-_15_20230815@062735.fos"
[2023-08-15 07:28:40:341]: Copy-Item \\aura.dk\DAX\DAXarkiv\DAXNET\DataUdveksling\FjernFos_Xellent\ZMD\ZMD_1_A+_15_20230815@062638.fos -Destination \\aura.dk\DAX\DAXarkiv\DAXNET\DataUdveksling\FjernFos_Xellent\ZMD backup\ZMD_1_A+_15_20230815@062638.fos
[2023-08-15 07:28:40:372]: Move-Item -Path \\aura.dk\DAX\DAXarkiv\DAXNET\DataUdveksling\FjernFos_Xellent\ZMD\ZMD_1_A+_15_20230815@062638.fos -Destination \\aura.dk\DAX\DAXarkiv\DAXNET\DataUdveksling\FjernFos_Xellent\ZMD_1.fos
[2023-08-15 07:28:40:419]: Copy-Item \\aura.dk\DAX\DAXarkiv\DAXNET\DataUdveksling\FjernFos_Xellent\ZMD\ZMD_2_A-_15_20230815@062657.fos -Destination \\aura.dk\DAX\DAXarkiv\DAXNET\DataUdveksling\FjernFos_Xellent\ZMD backup\ZMD_2_A-_15_20230815@062657.fos
[2023-08-15 07:28:40:434]: Move-Item -Path \\aura.dk\DAX\DAXarkiv\DAXNET\DataUdveksling\FjernFos_Xellent\ZMD\ZMD_2_A-_15_20230815@062657.fos -Destination \\aura.dk\DAX\DAXarkiv\DAXNET\DataUdveksling\FjernFos_Xellent\ZMD_2.fos
[2023-08-15 07:28:40:466]: Copy-Item \\aura.dk\DAX\DAXarkiv\DAXNET\DataUdveksling\FjernFos_Xellent\ZMD\ZMD_3_R+_15_20230815@062716.fos -Destination \\aura.dk\DAX\DAXarkiv\DAXNET\DataUdveksling\FjernFos_Xellent\ZMD backup\ZMD_3_R+_15_20230815@062716.fos
[2023-08-15 07:28:40:481]: Move-Item -Path \\aura.dk\DAX\DAXarkiv\DAXNET\DataUdveksling\FjernFos_Xellent\ZMD\ZMD_3_R+_15_20230815@062716.fos -Destination \\aura.dk\DAX\DAXarkiv\DAXNET\DataUdveksling\FjernFos_Xellent\ZMD_3.fos
[2023-08-15 07:28:40:513]: Copy-Item \\aura.dk\DAX\DAXarkiv\DAXNET\DataUdveksling\FjernFos_Xellent\ZMD\ZMD_4_R-_15_20230815@062735.fos -Destination \\aura.dk\DAX\DAXarkiv\DAXNET\DataUdveksling\FjernFos_Xellent\ZMD backup\ZMD_4_R-_15_20230815@062735.fos
[2023-08-15 07:28:40:528]: Move-Item -Path \\aura.dk\DAX\DAXarkiv\DAXNET\DataUdveksling\FjernFos_Xellent\ZMD\ZMD_4_R-_15_20230815@062735.fos -Destination \\aura.dk\DAX\DAXarkiv\DAXNET\DataUdveksling\FjernFos_Xellent\ZMD_4.fos
[2023-08-15 08:17:40:017]: - Success - Move-Item \\sftp01\c$\Share\landisgyr\FOS\ZMD_1_A+_15_20230815@071657.fos -Destination "\\aura.dk\DAX\DAXarkiv\DAXNET\DataUdveksling\FjernFos_Xellent\ZMD\ZMD_1_A+_15_20230815@071657.fos"
[2023-08-15 08:17:40:064]: - Success - Move-Item \\sftp01\c$\Share\landisgyr\FOS\ZMD_2_A-_15_20230815@071700.fos -Destination "\\aura.dk\DAX\DAXarkiv\DAXNET\DataUdveksling\FjernFos_Xellent\ZMD\ZMD_2_A-_15_20230815@071700.fos"
[2023-08-15 08:17:40:111]: - Success - Move-Item \\sftp01\c$\Share\landisgyr\FOS\ZMD_3_R+_15_20230815@071702.fos -Destination "\\aura.dk\DAX\DAXarkiv\DAXNET\DataUdveksling\FjernFos_Xellent\ZMD\ZMD_3_R+_15_20230815@071702.fos"
[2023-08-15 08:17:40:158]: - Success - Move-Item \\sftp01\c$\Share\landisgyr\FOS\ZMD_4_R-_15_20230815@071722.fos -Destination "\\aura.dk\DAX\DAXarkiv\DAXNET\DataUdveksling\FjernFos_Xellent\ZMD\ZMD_4_R-_15_20230815@071722.fos"
[2023-08-15 08:17:40:204]: Copy-Item \\aura.dk\DAX\DAXarkiv\DAXNET\DataUdveksling\FjernFos_Xellent\ZMD\ZMD_1_A+_15_20230815@071657.fos -Destination \\aura.dk\DAX\DAXarkiv\DAXNET\DataUdveksling\FjernFos_Xellent\ZMD backup\ZMD_1_A+_15_20230815@071657.fos
[2023-08-15 08:17:40:220]: Move-Item -Path \\aura.dk\DAX\DAXarkiv\DAXNET\DataUdveksling\FjernFos_Xellent\ZMD\ZMD_1_A+_15_20230815@071657.fos -Destination \\aura.dk\DAX\DAXarkiv\DAXNET\DataUdveksling\FjernFos_Xellent\ZMD_1.fos
[2023-08-15 08:17:40:251]: Copy-Item \\aura.dk\DAX\DAXarkiv\DAXNET\DataUdveksling\FjernFos_Xellent\ZMD\ZMD_2_A-_15_20230815@071700.fos -Destination \\aura.dk\DAX\DAXarkiv\DAXNET\DataUdveksling\FjernFos_Xellent\ZMD backup\ZMD_2_A-_15_20230815@071700.fos
[2023-08-15 08:17:40:267]: Move-Item -Path \\aura.dk\DAX\DAXarkiv\DAXNET\DataUdveksling\FjernFos_Xellent\ZMD\ZMD_2_A-_15_20230815@071700.fos -Destination \\aura.dk\DAX\DAXarkiv\DAXNET\DataUdveksling\FjernFos_Xellent\ZMD_2.fos
[2023-08-15 08:17:40:283]: Copy-Item \\aura.dk\DAX\DAXarkiv\DAXNET\DataUdveksling\FjernFos_Xellent\ZMD\ZMD_3_R+_15_20230815@071702.fos -Destination \\aura.dk\DAX\DAXarkiv\DAXNET\DataUdveksling\FjernFos_Xellent\ZMD backup\ZMD_3_R+_15_20230815@071702.fos
[2023-08-15 08:17:40:314]: Move-Item -Path \\aura.dk\DAX\DAXarkiv\DAXNET\DataUdveksling\FjernFos_Xellent\ZMD\ZMD_3_R+_15_20230815@071702.fos -Destination \\aura.dk\DAX\DAXarkiv\DAXNET\DataUdveksling\FjernFos_Xellent\ZMD_3.fos
[2023-08-15 08:17:40:329]: Copy-Item \\aura.dk\DAX\DAXarkiv\DAXNET\DataUdveksling\FjernFos_Xellent\ZMD\ZMD_4_R-_15_20230815@071722.fos -Destination \\aura.dk\DAX\DAXarkiv\DAXNET\DataUdveksling\FjernFos_Xellent\ZMD backup\ZMD_4_R-_15_20230815@071722.fos
[2023-08-15 08:17:40:361]: Move-Item -Path \\aura.dk\DAX\DAXarkiv\DAXNET\DataUdveksling\FjernFos_Xellent\ZMD\ZMD_4_R-_15_20230815@071722.fos -Destination \\aura.dk\DAX\DAXarkiv\DAXNET\DataUdveksling\FjernFos_Xellent\ZMD_4.fos
