[2023-07-04 07:53:39:943]: - Success - Move-Item \\sftp01\c$\Share\landisgyr\FOS\ZMD_1_A+_15_20230704@065159.fos -Destination "\\aura.dk\DAX\DAXarkiv\DAXNET\DataUdveksling\FjernFos_Xellent\ZMD\ZMD_1_A+_15_20230704@065159.fos"
[2023-07-04 07:53:40:037]: - Success - Move-Item \\sftp01\c$\Share\landisgyr\FOS\ZMD_2_A-_15_20230704@065207.fos -Destination "\\aura.dk\DAX\DAXarkiv\DAXNET\DataUdveksling\FjernFos_Xellent\ZMD\ZMD_2_A-_15_20230704@065207.fos"
[2023-07-04 07:53:40:068]: - Success - Move-Item \\sftp01\c$\Share\landisgyr\FOS\ZMD_3_R+_15_20230704@065214.fos -Destination "\\aura.dk\DAX\DAXarkiv\DAXNET\DataUdveksling\FjernFos_Xellent\ZMD\ZMD_3_R+_15_20230704@065214.fos"
[2023-07-04 07:53:40:115]: - Success - Move-Item \\sftp01\c$\Share\landisgyr\FOS\ZMD_4_R-_15_20230703@065228.fos -Destination "\\aura.dk\DAX\DAXarkiv\DAXNET\DataUdveksling\FjernFos_Xellent\ZMD\ZMD_4_R-_15_20230703@065228.fos"
[2023-07-04 07:53:40:146]: - Success - Move-Item \\sftp01\c$\Share\landisgyr\FOS\ZMD_4_R-_15_20230704@065221.fos -Destination "\\aura.dk\DAX\DAXarkiv\DAXNET\DataUdveksling\FjernFos_Xellent\ZMD\ZMD_4_R-_15_20230704@065221.fos"
[2023-07-04 07:53:40:209]: Copy-Item \\aura.dk\DAX\DAXarkiv\DAXNET\DataUdveksling\FjernFos_Xellent\ZMD\ZMD_1_A+_15_20230704@065159.fos -Destination \\aura.dk\DAX\DAXarkiv\DAXNET\DataUdveksling\FjernFos_Xellent\ZMD backup\ZMD_1_A+_15_20230704@065159.fos
[2023-07-04 07:53:40:240]: Move-Item -Path \\aura.dk\DAX\DAXarkiv\DAXNET\DataUdveksling\FjernFos_Xellent\ZMD\ZMD_1_A+_15_20230704@065159.fos -Destination \\aura.dk\DAX\DAXarkiv\DAXNET\DataUdveksling\FjernFos_Xellent\ZMD_1.fos
[2023-07-04 07:53:40:287]: Copy-Item \\aura.dk\DAX\DAXarkiv\DAXNET\DataUdveksling\FjernFos_Xellent\ZMD\ZMD_2_A-_15_20230704@065207.fos -Destination \\aura.dk\DAX\DAXarkiv\DAXNET\DataUdveksling\FjernFos_Xellent\ZMD backup\ZMD_2_A-_15_20230704@065207.fos
[2023-07-04 07:53:40:287]: Move-Item -Path \\aura.dk\DAX\DAXarkiv\DAXNET\DataUdveksling\FjernFos_Xellent\ZMD\ZMD_2_A-_15_20230704@065207.fos -Destination \\aura.dk\DAX\DAXarkiv\DAXNET\DataUdveksling\FjernFos_Xellent\ZMD_2.fos
[2023-07-04 07:53:40:318]: Copy-Item \\aura.dk\DAX\DAXarkiv\DAXNET\DataUdveksling\FjernFos_Xellent\ZMD\ZMD_3_R+_15_20230704@065214.fos -Destination \\aura.dk\DAX\DAXarkiv\DAXNET\DataUdveksling\FjernFos_Xellent\ZMD backup\ZMD_3_R+_15_20230704@065214.fos
[2023-07-04 07:53:40:334]: Move-Item -Path \\aura.dk\DAX\DAXarkiv\DAXNET\DataUdveksling\FjernFos_Xellent\ZMD\ZMD_3_R+_15_20230704@065214.fos -Destination \\aura.dk\DAX\DAXarkiv\DAXNET\DataUdveksling\FjernFos_Xellent\ZMD_3.fos
[2023-07-04 07:53:40:381]: Copy-Item \\aura.dk\DAX\DAXarkiv\DAXNET\DataUdveksling\FjernFos_Xellent\ZMD\ZMD_4_R-_15_20230703@065228.fos -Destination \\aura.dk\DAX\DAXarkiv\DAXNET\DataUdveksling\FjernFos_Xellent\ZMD backup\ZMD_4_R-_15_20230703@065228.fos
[2023-07-04 07:53:40:396]: Move-Item -Path \\aura.dk\DAX\DAXarkiv\DAXNET\DataUdveksling\FjernFos_Xellent\ZMD\ZMD_4_R-_15_20230703@065228.fos -Destination \\aura.dk\DAX\DAXarkiv\DAXNET\DataUdveksling\FjernFos_Xellent\ZMD_4.fos
[2023-07-04 07:53:40:412]: Copy-Item \\aura.dk\DAX\DAXarkiv\DAXNET\DataUdveksling\FjernFos_Xellent\ZMD\ZMD_4_R-_15_20230704@065221.fos -Destination \\aura.dk\DAX\DAXarkiv\DAXNET\DataUdveksling\FjernFos_Xellent\ZMD backup\ZMD_4_R-_15_20230704@065221.fos
[2023-07-04 07:53:40:412]: Error - file already exists on destination: \\aura.dk\DAX\DAXarkiv\DAXNET\DataUdveksling\FjernFos_Xellent\ZMD_4.fos
[2023-07-04 07:54:39:935]: Copy-Item \\aura.dk\DAX\DAXarkiv\DAXNET\DataUdveksling\FjernFos_Xellent\ZMD\ZMD_4_R-_15_20230704@065221.fos -Destination \\aura.dk\DAX\DAXarkiv\DAXNET\DataUdveksling\FjernFos_Xellent\ZMD backup\ZMD_4_R-_15_20230704@065221.fos
[2023-07-04 07:54:39:951]: Error - file already exists on destination: \\aura.dk\DAX\DAXarkiv\DAXNET\DataUdveksling\FjernFos_Xellent\ZMD_4.fos
[2023-07-04 07:55:39:940]: Copy-Item \\aura.dk\DAX\DAXarkiv\DAXNET\DataUdveksling\FjernFos_Xellent\ZMD\ZMD_4_R-_15_20230704@065221.fos -Destination \\aura.dk\DAX\DAXarkiv\DAXNET\DataUdveksling\FjernFos_Xellent\ZMD backup\ZMD_4_R-_15_20230704@065221.fos
[2023-07-04 07:55:39:955]: Error - file already exists on destination: \\aura.dk\DAX\DAXarkiv\DAXNET\DataUdveksling\FjernFos_Xellent\ZMD_4.fos
[2023-07-04 07:56:39:949]: Copy-Item \\aura.dk\DAX\DAXarkiv\DAXNET\DataUdveksling\FjernFos_Xellent\ZMD\ZMD_4_R-_15_20230704@065221.fos -Destination \\aura.dk\DAX\DAXarkiv\DAXNET\DataUdveksling\FjernFos_Xellent\ZMD backup\ZMD_4_R-_15_20230704@065221.fos
[2023-07-04 07:56:39:980]: Move-Item -Path \\aura.dk\DAX\DAXarkiv\DAXNET\DataUdveksling\FjernFos_Xellent\ZMD\ZMD_4_R-_15_20230704@065221.fos -Destination \\aura.dk\DAX\DAXarkiv\DAXNET\DataUdveksling\FjernFos_Xellent\ZMD_4.fos
